<?xml version="1.0" encoding="UTF-8"?>
<testsuites name="Login" time="551.594" tests="34" failures="7" errors="0">
   <testsuite name="Login" tests="34" failures="7" errors="0" time="551.594" skipped="0" timestamp="24-05-2024T08:52:43" hostname="PC - DESKTOP-KQ52HT2" id="Test Suites/Login">
      <properties>
         <property name="deviceName" value=""/>
         <property name="devicePlatform" value=""/>
         <property name="logFolder" value="C:\\Users\\PC\\Katalon Studio\\Hasaki\\Reports\\20240524_085233\\Login\\20240524_085233"/>
         <property name="logFiles" value="C:\\Users\\PC\\Katalon Studio\\Hasaki\\Reports\\20240524_085233\\Login\\20240524_085233\\execution0.log"/>
         <property name="attachments" value="C:\\Users\\PC\\Katalon Studio\\Hasaki\\Reports\\20240524_085233\\Login\\20240524_085233\\1716515681181.png, C:\\Users\\PC\\Katalon Studio\\Hasaki\\Reports\\20240524_085233\\Login\\20240524_085233\\1716515697180.png, C:\\Users\\PC\\Katalon Studio\\Hasaki\\Reports\\20240524_085233\\Login\\20240524_085233\\1716515746670.png, C:\\Users\\PC\\Katalon Studio\\Hasaki\\Reports\\20240524_085233\\Login\\20240524_085233\\1716515763195.png, C:\\Users\\PC\\Katalon Studio\\Hasaki\\Reports\\20240524_085233\\Login\\20240524_085233\\1716515794609.png, C:\\Users\\PC\\Katalon Studio\\Hasaki\\Reports\\20240524_085233\\Login\\20240524_085233\\1716515810832.png, C:\\Users\\PC\\Katalon Studio\\Hasaki\\Reports\\20240524_085233\\Login\\20240524_085233\\1716515826851.png"/>
         <property name="hostName" value="PC - DESKTOP-KQ52HT2"/>
         <property name="os" value="Windows 11 64bit"/>
         <property name="katalonVersion" value="9.4.0.212"/>
         <property name="browser" value="Chrome 125.0.0.0"/>
         <property name="hostAddress" value="192.168.34.107"/>
         <property name="sessionId" value="623609372efa3b4d1ba50614e23c0179"/>
         <property name="seleniumVersion" value="3.141.59"/>
         <property name="proxyInformation" value="ProxyInformation { proxyOption=NO_PROXY, proxyServerType=HTTP, username=, password=********, proxyServerAddress=, proxyServerPort=0, executionList=&quot;&quot;, isApplyToDesiredCapabilities=true }"/>
         <property name="platform" value="Windows 11"/>
      </properties>
      <testcase name="Test Cases/TC_Login" time="20.639" classname="Test Cases/TC_Login" status="PASSED">
         <system-out><![CDATA[24-05-2024T08:52:44 - [TEST_CASE][PASSED] - Test Cases/TC_Login: Test Cases/TC_Login

24-05-2024T08:52:44 - [TEST_STEP][PASSED] - openBrowser(""): Browser is opened with url: ''

24-05-2024T08:52:45 - [MESSAGE][INFO] - Starting 'Chrome' driver

24-05-2024T08:52:45 - [MESSAGE][INFO] - Action delay is set to 0 milliseconds

24-05-2024T08:52:48 - [MESSAGE][PASSED] - Browser is opened with url: ''

24-05-2024T08:52:48 - [TEST_STEP][PASSED] - navigateToUrl("https://hasaki.vn/"): Navigate to 'https://hasaki.vn/' successfully

24-05-2024T08:52:51 - [MESSAGE][PASSED] - Navigate to 'https://hasaki.vn/' successfully

24-05-2024T08:52:51 - [TEST_STEP][PASSED] - maximizeWindow(): Current window maximized

24-05-2024T08:52:52 - [MESSAGE][PASSED] - Current window maximized

24-05-2024T08:52:52 - [TEST_STEP][PASSED] - click(findTestObject("Page_Login/button_Yes_KhuyenMai")): Object: 'Object Repository/Page_Login/button_Yes_KhuyenMai' is clicked on

24-05-2024T08:52:52 - [MESSAGE][PASSED] - Object: 'Object Repository/Page_Login/button_Yes_KhuyenMai' is clicked on

24-05-2024T08:52:52 - [TEST_STEP][PASSED] - click(findTestObject("Page_Login/img_Page")): Object: 'Object Repository/Page_Login/img_Page' is clicked on

24-05-2024T08:52:53 - [MESSAGE][PASSED] - Object: 'Object Repository/Page_Login/img_Page' is clicked on

24-05-2024T08:52:53 - [TEST_STEP][PASSED] - click(findTestObject("Page_Login/Link_Login")): Object: 'Object Repository/Page_Login/Link_Login' is clicked on

24-05-2024T08:52:54 - [MESSAGE][PASSED] - Object: 'Object Repository/Page_Login/Link_Login' is clicked on

24-05-2024T08:52:54 - [TEST_STEP][PASSED] - setText(findTestObject("Page_Login/input_username"), username): Text '' is set on object 'Object Repository/Page_Login/input_username'

24-05-2024T08:52:56 - [MESSAGE][PASSED] - Text '' is set on object 'Object Repository/Page_Login/input_username'

24-05-2024T08:52:56 - [TEST_STEP][PASSED] - setText(findTestObject("Page_Login/input_password"), password): Text '1234567' is set on object 'Object Repository/Page_Login/input_password'

24-05-2024T08:52:57 - [MESSAGE][PASSED] - Text '1234567' is set on object 'Object Repository/Page_Login/input_password'

24-05-2024T08:52:57 - [TEST_STEP][PASSED] - click(findTestObject("Page_Login/button_Login")): Object: 'Object Repository/Page_Login/button_Login' is clicked on

24-05-2024T08:52:58 - [MESSAGE][PASSED] - Object: 'Object Repository/Page_Login/button_Login' is clicked on

24-05-2024T08:52:58 - [TEST_STEP][PASSED] - delay(3): Delayed 3 second(s)

24-05-2024T08:53:01 - [MESSAGE][PASSED] - Delayed 3 second(s)

24-05-2024T08:53:01 - [TEST_STEP][PASSED] - verifyTextPresent(Expected, false): Text 'Vui lòng nhập tên đăng nhập' is present on page 

24-05-2024T08:53:04 - [MESSAGE][PASSED] - Text 'Vui lòng nhập tên đăng nhập' is present on page 

24-05-2024T08:53:04 - [TEST_STEP][PASSED] - closeBrowser(): Browser is closed

24-05-2024T08:53:04 - [MESSAGE][PASSED] - Browser is closed]]></system-out>
         <system-err><![CDATA[]]></system-err>
      </testcase>
      <testcase name="Test Cases/TC_Login" time="16.748" classname="Test Cases/TC_Login" status="PASSED">
         <system-out><![CDATA[24-05-2024T08:53:05 - [TEST_CASE][PASSED] - Test Cases/TC_Login: Test Cases/TC_Login

24-05-2024T08:53:05 - [TEST_STEP][PASSED] - openBrowser(""): Browser is opened with url: ''

24-05-2024T08:53:05 - [MESSAGE][INFO] - Starting 'Chrome' driver

24-05-2024T08:53:05 - [MESSAGE][INFO] - Action delay is set to 0 milliseconds

24-05-2024T08:53:06 - [MESSAGE][PASSED] - Browser is opened with url: ''

24-05-2024T08:53:06 - [TEST_STEP][PASSED] - navigateToUrl("https://hasaki.vn/"): Navigate to 'https://hasaki.vn/' successfully

24-05-2024T08:53:09 - [MESSAGE][PASSED] - Navigate to 'https://hasaki.vn/' successfully

24-05-2024T08:53:09 - [TEST_STEP][PASSED] - maximizeWindow(): Current window maximized

24-05-2024T08:53:09 - [MESSAGE][PASSED] - Current window maximized

24-05-2024T08:53:09 - [TEST_STEP][PASSED] - click(findTestObject("Page_Login/button_Yes_KhuyenMai")): Object: 'Object Repository/Page_Login/button_Yes_KhuyenMai' is clicked on

24-05-2024T08:53:10 - [MESSAGE][PASSED] - Object: 'Object Repository/Page_Login/button_Yes_KhuyenMai' is clicked on

24-05-2024T08:53:10 - [TEST_STEP][PASSED] - click(findTestObject("Page_Login/img_Page")): Object: 'Object Repository/Page_Login/img_Page' is clicked on

24-05-2024T08:53:11 - [MESSAGE][PASSED] - Object: 'Object Repository/Page_Login/img_Page' is clicked on

24-05-2024T08:53:11 - [TEST_STEP][PASSED] - click(findTestObject("Page_Login/Link_Login")): Object: 'Object Repository/Page_Login/Link_Login' is clicked on

24-05-2024T08:53:12 - [MESSAGE][PASSED] - Object: 'Object Repository/Page_Login/Link_Login' is clicked on

24-05-2024T08:53:12 - [TEST_STEP][PASSED] - setText(findTestObject("Page_Login/input_username"), username): Text 'thuphuongtotgmail.com' is set on object 'Object Repository/Page_Login/input_username'

24-05-2024T08:53:14 - [MESSAGE][PASSED] - Text 'thuphuongtotgmail.com' is set on object 'Object Repository/Page_Login/input_username'

24-05-2024T08:53:14 - [TEST_STEP][PASSED] - setText(findTestObject("Page_Login/input_password"), password): Text '1234567' is set on object 'Object Repository/Page_Login/input_password'

24-05-2024T08:53:15 - [MESSAGE][PASSED] - Text '1234567' is set on object 'Object Repository/Page_Login/input_password'

24-05-2024T08:53:15 - [TEST_STEP][PASSED] - click(findTestObject("Page_Login/button_Login")): Object: 'Object Repository/Page_Login/button_Login' is clicked on

24-05-2024T08:53:15 - [MESSAGE][PASSED] - Object: 'Object Repository/Page_Login/button_Login' is clicked on

24-05-2024T08:53:15 - [TEST_STEP][PASSED] - delay(3): Delayed 3 second(s)

24-05-2024T08:53:18 - [MESSAGE][PASSED] - Delayed 3 second(s)

24-05-2024T08:53:18 - [TEST_STEP][PASSED] - verifyTextPresent(Expected, false): Text 'Tên đăng nhập không khớp !' is present on page 

24-05-2024T08:53:21 - [MESSAGE][PASSED] - Text 'Tên đăng nhập không khớp !' is present on page 

24-05-2024T08:53:21 - [TEST_STEP][PASSED] - closeBrowser(): Browser is closed

24-05-2024T08:53:21 - [MESSAGE][PASSED] - Browser is closed]]></system-out>
         <system-err><![CDATA[]]></system-err>
      </testcase>
      <testcase name="Test Cases/TC_Login" time="16.351" classname="Test Cases/TC_Login" status="PASSED">
         <system-out><![CDATA[24-05-2024T08:53:21 - [TEST_CASE][PASSED] - Test Cases/TC_Login: Test Cases/TC_Login

24-05-2024T08:53:21 - [TEST_STEP][PASSED] - openBrowser(""): Browser is opened with url: ''

24-05-2024T08:53:21 - [MESSAGE][INFO] - Starting 'Chrome' driver

24-05-2024T08:53:21 - [MESSAGE][INFO] - Action delay is set to 0 milliseconds

24-05-2024T08:53:22 - [MESSAGE][PASSED] - Browser is opened with url: ''

24-05-2024T08:53:22 - [TEST_STEP][PASSED] - navigateToUrl("https://hasaki.vn/"): Navigate to 'https://hasaki.vn/' successfully

24-05-2024T08:53:26 - [MESSAGE][PASSED] - Navigate to 'https://hasaki.vn/' successfully

24-05-2024T08:53:26 - [TEST_STEP][PASSED] - maximizeWindow(): Current window maximized

24-05-2024T08:53:26 - [MESSAGE][PASSED] - Current window maximized

24-05-2024T08:53:26 - [TEST_STEP][PASSED] - click(findTestObject("Page_Login/button_Yes_KhuyenMai")): Object: 'Object Repository/Page_Login/button_Yes_KhuyenMai' is clicked on

24-05-2024T08:53:27 - [MESSAGE][PASSED] - Object: 'Object Repository/Page_Login/button_Yes_KhuyenMai' is clicked on

24-05-2024T08:53:27 - [TEST_STEP][PASSED] - click(findTestObject("Page_Login/img_Page")): Object: 'Object Repository/Page_Login/img_Page' is clicked on

24-05-2024T08:53:28 - [MESSAGE][PASSED] - Object: 'Object Repository/Page_Login/img_Page' is clicked on

24-05-2024T08:53:28 - [TEST_STEP][PASSED] - click(findTestObject("Page_Login/Link_Login")): Object: 'Object Repository/Page_Login/Link_Login' is clicked on

24-05-2024T08:53:28 - [MESSAGE][PASSED] - Object: 'Object Repository/Page_Login/Link_Login' is clicked on

24-05-2024T08:53:28 - [TEST_STEP][PASSED] - setText(findTestObject("Page_Login/input_username"), username): Text 'thuphuongtot@gmailcom' is set on object 'Object Repository/Page_Login/input_username'

24-05-2024T08:53:30 - [MESSAGE][PASSED] - Text 'thuphuongtot@gmailcom' is set on object 'Object Repository/Page_Login/input_username'

24-05-2024T08:53:30 - [TEST_STEP][PASSED] - setText(findTestObject("Page_Login/input_password"), password): Text '1234567' is set on object 'Object Repository/Page_Login/input_password'

24-05-2024T08:53:31 - [MESSAGE][PASSED] - Text '1234567' is set on object 'Object Repository/Page_Login/input_password'

24-05-2024T08:53:31 - [TEST_STEP][PASSED] - click(findTestObject("Page_Login/button_Login")): Object: 'Object Repository/Page_Login/button_Login' is clicked on

24-05-2024T08:53:31 - [MESSAGE][PASSED] - Object: 'Object Repository/Page_Login/button_Login' is clicked on

24-05-2024T08:53:31 - [TEST_STEP][PASSED] - delay(3): Delayed 3 second(s)

24-05-2024T08:53:34 - [MESSAGE][PASSED] - Delayed 3 second(s)

24-05-2024T08:53:34 - [TEST_STEP][PASSED] - verifyTextPresent(Expected, false): Text 'Tên đăng nhập không khớp !' is present on page 

24-05-2024T08:53:37 - [MESSAGE][PASSED] - Text 'Tên đăng nhập không khớp !' is present on page 

24-05-2024T08:53:37 - [TEST_STEP][PASSED] - closeBrowser(): Browser is closed

24-05-2024T08:53:38 - [MESSAGE][PASSED] - Browser is closed]]></system-out>
         <system-err><![CDATA[]]></system-err>
      </testcase>
      <testcase name="Test Cases/TC_Login" time="15.981" classname="Test Cases/TC_Login" status="PASSED">
         <system-out><![CDATA[24-05-2024T08:53:38 - [TEST_CASE][PASSED] - Test Cases/TC_Login: Test Cases/TC_Login

24-05-2024T08:53:38 - [TEST_STEP][PASSED] - openBrowser(""): Browser is opened with url: ''

24-05-2024T08:53:38 - [MESSAGE][INFO] - Starting 'Chrome' driver

24-05-2024T08:53:38 - [MESSAGE][INFO] - Action delay is set to 0 milliseconds

24-05-2024T08:53:39 - [MESSAGE][PASSED] - Browser is opened with url: ''

24-05-2024T08:53:39 - [TEST_STEP][PASSED] - navigateToUrl("https://hasaki.vn/"): Navigate to 'https://hasaki.vn/' successfully

24-05-2024T08:53:42 - [MESSAGE][PASSED] - Navigate to 'https://hasaki.vn/' successfully

24-05-2024T08:53:42 - [TEST_STEP][PASSED] - maximizeWindow(): Current window maximized

24-05-2024T08:53:42 - [MESSAGE][PASSED] - Current window maximized

24-05-2024T08:53:42 - [TEST_STEP][PASSED] - click(findTestObject("Page_Login/button_Yes_KhuyenMai")): Object: 'Object Repository/Page_Login/button_Yes_KhuyenMai' is clicked on

24-05-2024T08:53:43 - [MESSAGE][PASSED] - Object: 'Object Repository/Page_Login/button_Yes_KhuyenMai' is clicked on

24-05-2024T08:53:43 - [TEST_STEP][PASSED] - click(findTestObject("Page_Login/img_Page")): Object: 'Object Repository/Page_Login/img_Page' is clicked on

24-05-2024T08:53:44 - [MESSAGE][PASSED] - Object: 'Object Repository/Page_Login/img_Page' is clicked on

24-05-2024T08:53:44 - [TEST_STEP][PASSED] - click(findTestObject("Page_Login/Link_Login")): Object: 'Object Repository/Page_Login/Link_Login' is clicked on

24-05-2024T08:53:45 - [MESSAGE][PASSED] - Object: 'Object Repository/Page_Login/Link_Login' is clicked on

24-05-2024T08:53:45 - [TEST_STEP][PASSED] - setText(findTestObject("Page_Login/input_username"), username): Text ' @gmail.com' is set on object 'Object Repository/Page_Login/input_username'

24-05-2024T08:53:46 - [MESSAGE][PASSED] - Text ' @gmail.com' is set on object 'Object Repository/Page_Login/input_username'

24-05-2024T08:53:46 - [TEST_STEP][PASSED] - setText(findTestObject("Page_Login/input_password"), password): Text '1234567' is set on object 'Object Repository/Page_Login/input_password'

24-05-2024T08:53:47 - [MESSAGE][PASSED] - Text '1234567' is set on object 'Object Repository/Page_Login/input_password'

24-05-2024T08:53:47 - [TEST_STEP][PASSED] - click(findTestObject("Page_Login/button_Login")): Object: 'Object Repository/Page_Login/button_Login' is clicked on

24-05-2024T08:53:48 - [MESSAGE][PASSED] - Object: 'Object Repository/Page_Login/button_Login' is clicked on

24-05-2024T08:53:48 - [TEST_STEP][PASSED] - delay(3): Delayed 3 second(s)

24-05-2024T08:53:51 - [MESSAGE][PASSED] - Delayed 3 second(s)

24-05-2024T08:53:51 - [TEST_STEP][PASSED] - verifyTextPresent(Expected, false): Text 'Tên đăng nhập không khớp !' is present on page 

24-05-2024T08:53:53 - [MESSAGE][PASSED] - Text 'Tên đăng nhập không khớp !' is present on page 

24-05-2024T08:53:53 - [TEST_STEP][PASSED] - closeBrowser(): Browser is closed

24-05-2024T08:53:54 - [MESSAGE][PASSED] - Browser is closed]]></system-out>
         <system-err><![CDATA[]]></system-err>
      </testcase>
      <testcase name="Test Cases/TC_Login" time="15.729" classname="Test Cases/TC_Login" status="PASSED">
         <system-out><![CDATA[24-05-2024T08:53:54 - [TEST_CASE][PASSED] - Test Cases/TC_Login: Test Cases/TC_Login

24-05-2024T08:53:54 - [TEST_STEP][PASSED] - openBrowser(""): Browser is opened with url: ''

24-05-2024T08:53:54 - [MESSAGE][INFO] - Starting 'Chrome' driver

24-05-2024T08:53:54 - [MESSAGE][INFO] - Action delay is set to 0 milliseconds

24-05-2024T08:53:55 - [MESSAGE][PASSED] - Browser is opened with url: ''

24-05-2024T08:53:55 - [TEST_STEP][PASSED] - navigateToUrl("https://hasaki.vn/"): Navigate to 'https://hasaki.vn/' successfully

24-05-2024T08:53:58 - [MESSAGE][PASSED] - Navigate to 'https://hasaki.vn/' successfully

24-05-2024T08:53:58 - [TEST_STEP][PASSED] - maximizeWindow(): Current window maximized

24-05-2024T08:53:58 - [MESSAGE][PASSED] - Current window maximized

24-05-2024T08:53:58 - [TEST_STEP][PASSED] - click(findTestObject("Page_Login/button_Yes_KhuyenMai")): Object: 'Object Repository/Page_Login/button_Yes_KhuyenMai' is clicked on

24-05-2024T08:53:59 - [MESSAGE][PASSED] - Object: 'Object Repository/Page_Login/button_Yes_KhuyenMai' is clicked on

24-05-2024T08:53:59 - [TEST_STEP][PASSED] - click(findTestObject("Page_Login/img_Page")): Object: 'Object Repository/Page_Login/img_Page' is clicked on

24-05-2024T08:54:00 - [MESSAGE][PASSED] - Object: 'Object Repository/Page_Login/img_Page' is clicked on

24-05-2024T08:54:00 - [TEST_STEP][PASSED] - click(findTestObject("Page_Login/Link_Login")): Object: 'Object Repository/Page_Login/Link_Login' is clicked on

24-05-2024T08:54:01 - [MESSAGE][PASSED] - Object: 'Object Repository/Page_Login/Link_Login' is clicked on

24-05-2024T08:54:01 - [TEST_STEP][PASSED] - setText(findTestObject("Page_Login/input_username"), username): Text 'thuphuong.gmail@com' is set on object 'Object Repository/Page_Login/input_username'

24-05-2024T08:54:02 - [MESSAGE][PASSED] - Text 'thuphuong.gmail@com' is set on object 'Object Repository/Page_Login/input_username'

24-05-2024T08:54:02 - [TEST_STEP][PASSED] - setText(findTestObject("Page_Login/input_password"), password): Text '1234567' is set on object 'Object Repository/Page_Login/input_password'

24-05-2024T08:54:03 - [MESSAGE][PASSED] - Text '1234567' is set on object 'Object Repository/Page_Login/input_password'

24-05-2024T08:54:03 - [TEST_STEP][PASSED] - click(findTestObject("Page_Login/button_Login")): Object: 'Object Repository/Page_Login/button_Login' is clicked on

24-05-2024T08:54:04 - [MESSAGE][PASSED] - Object: 'Object Repository/Page_Login/button_Login' is clicked on

24-05-2024T08:54:04 - [TEST_STEP][PASSED] - delay(3): Delayed 3 second(s)

24-05-2024T08:54:07 - [MESSAGE][PASSED] - Delayed 3 second(s)

24-05-2024T08:54:07 - [TEST_STEP][PASSED] - verifyTextPresent(Expected, false): Text 'Tên đăng nhập không khớp !' is present on page 

24-05-2024T08:54:09 - [MESSAGE][PASSED] - Text 'Tên đăng nhập không khớp !' is present on page 

24-05-2024T08:54:09 - [TEST_STEP][PASSED] - closeBrowser(): Browser is closed

24-05-2024T08:54:10 - [MESSAGE][PASSED] - Browser is closed]]></system-out>
         <system-err><![CDATA[]]></system-err>
      </testcase>
      <testcase name="Test Cases/TC_Login" time="15.515" classname="Test Cases/TC_Login" status="PASSED">
         <system-out><![CDATA[24-05-2024T08:54:10 - [TEST_CASE][PASSED] - Test Cases/TC_Login: Test Cases/TC_Login

24-05-2024T08:54:10 - [TEST_STEP][PASSED] - openBrowser(""): Browser is opened with url: ''

24-05-2024T08:54:10 - [MESSAGE][INFO] - Starting 'Chrome' driver

24-05-2024T08:54:10 - [MESSAGE][INFO] - Action delay is set to 0 milliseconds

24-05-2024T08:54:11 - [MESSAGE][PASSED] - Browser is opened with url: ''

24-05-2024T08:54:11 - [TEST_STEP][PASSED] - navigateToUrl("https://hasaki.vn/"): Navigate to 'https://hasaki.vn/' successfully

24-05-2024T08:54:14 - [MESSAGE][PASSED] - Navigate to 'https://hasaki.vn/' successfully

24-05-2024T08:54:14 - [TEST_STEP][PASSED] - maximizeWindow(): Current window maximized

24-05-2024T08:54:14 - [MESSAGE][PASSED] - Current window maximized

24-05-2024T08:54:14 - [TEST_STEP][PASSED] - click(findTestObject("Page_Login/button_Yes_KhuyenMai")): Object: 'Object Repository/Page_Login/button_Yes_KhuyenMai' is clicked on

24-05-2024T08:54:15 - [MESSAGE][PASSED] - Object: 'Object Repository/Page_Login/button_Yes_KhuyenMai' is clicked on

24-05-2024T08:54:15 - [TEST_STEP][PASSED] - click(findTestObject("Page_Login/img_Page")): Object: 'Object Repository/Page_Login/img_Page' is clicked on

24-05-2024T08:54:15 - [MESSAGE][PASSED] - Object: 'Object Repository/Page_Login/img_Page' is clicked on

24-05-2024T08:54:15 - [TEST_STEP][PASSED] - click(findTestObject("Page_Login/Link_Login")): Object: 'Object Repository/Page_Login/Link_Login' is clicked on

24-05-2024T08:54:16 - [MESSAGE][PASSED] - Object: 'Object Repository/Page_Login/Link_Login' is clicked on

24-05-2024T08:54:16 - [TEST_STEP][PASSED] - setText(findTestObject("Page_Login/input_username"), username): Text 'Ten Email@gmail.com' is set on object 'Object Repository/Page_Login/input_username'

24-05-2024T08:54:18 - [MESSAGE][PASSED] - Text 'Ten Email@gmail.com' is set on object 'Object Repository/Page_Login/input_username'

24-05-2024T08:54:18 - [TEST_STEP][PASSED] - setText(findTestObject("Page_Login/input_password"), password): Text 'tenemail' is set on object 'Object Repository/Page_Login/input_password'

24-05-2024T08:54:19 - [MESSAGE][PASSED] - Text 'tenemail' is set on object 'Object Repository/Page_Login/input_password'

24-05-2024T08:54:19 - [TEST_STEP][PASSED] - click(findTestObject("Page_Login/button_Login")): Object: 'Object Repository/Page_Login/button_Login' is clicked on

24-05-2024T08:54:19 - [MESSAGE][PASSED] - Object: 'Object Repository/Page_Login/button_Login' is clicked on

24-05-2024T08:54:19 - [TEST_STEP][PASSED] - delay(3): Delayed 3 second(s)

24-05-2024T08:54:22 - [MESSAGE][PASSED] - Delayed 3 second(s)

24-05-2024T08:54:22 - [TEST_STEP][PASSED] - verifyTextPresent(Expected, false): Text 'Tên đăng nhập không khớp !' is present on page 

24-05-2024T08:54:25 - [MESSAGE][PASSED] - Text 'Tên đăng nhập không khớp !' is present on page 

24-05-2024T08:54:25 - [TEST_STEP][PASSED] - closeBrowser(): Browser is closed

24-05-2024T08:54:25 - [MESSAGE][PASSED] - Browser is closed]]></system-out>
         <system-err><![CDATA[]]></system-err>
      </testcase>
      <testcase name="Test Cases/TC_Login" time="15.78" classname="Test Cases/TC_Login" status="FAILED">
         <failure type="FAILED" message="Test Cases/TC_Login FAILED.&#xa;Reason:&#xa;com.kms.katalon.core.exception.StepFailedException: Unable to verify text 'Tài khoản của bạn' is present &#xa;	at com.kms.katalon.core.webui.keyword.internal.WebUIKeywordMain.stepFailed(WebUIKeywordMain.groovy:64)&#xa;	at com.kms.katalon.core.webui.keyword.internal.WebUIKeywordMain.runKeyword(WebUIKeywordMain.groovy:26)&#xa;	at com.kms.katalon.core.webui.keyword.builtin.VerifyTextPresentKeyword.verifyTextPresent(VerifyTextPresentKeyword.groovy:83)&#xa;	at com.kms.katalon.core.webui.keyword.builtin.VerifyTextPresentKeyword.execute(VerifyTextPresentKeyword.groovy:68)&#xa;	at com.kms.katalon.core.keyword.internal.KeywordExecutor.executeKeywordForPlatform(KeywordExecutor.groovy:74)&#xa;	at com.kms.katalon.core.webui.keyword.WebUiBuiltInKeywords.verifyTextPresent(WebUiBuiltInKeywords.groovy:1762)&#xa;	at TC_Login.run(TC_Login:40)&#xa;	at com.kms.katalon.core.main.ScriptEngine.run(ScriptEngine.java:194)&#xa;	at com.kms.katalon.core.main.ScriptEngine.runScriptAsRawText(ScriptEngine.java:119)&#xa;	at com.kms.katalon.core.main.TestCaseExecutor.runScript(TestCaseExecutor.java:448)&#xa;	at com.kms.katalon.core.main.TestCaseExecutor.doExecute(TestCaseExecutor.java:439)&#xa;	at com.kms.katalon.core.main.TestCaseExecutor.processExecutionPhase(TestCaseExecutor.java:418)&#xa;	at com.kms.katalon.core.main.TestCaseExecutor.accessMainPhase(TestCaseExecutor.java:410)&#xa;	at com.kms.katalon.core.main.TestCaseExecutor.execute(TestCaseExecutor.java:285)&#xa;	at com.kms.katalon.core.common.CommonExecutor.accessTestCaseMainPhase(CommonExecutor.java:65)&#xa;	at com.kms.katalon.core.main.TestSuiteExecutor.accessTestSuiteMainPhase(TestSuiteExecutor.java:150)&#xa;	at com.kms.katalon.core.main.TestSuiteExecutor.execute(TestSuiteExecutor.java:106)&#xa;	at com.kms.katalon.core.main.TestCaseMain.startTestSuite(TestCaseMain.java:180)&#xa;	at TempTestSuite1716515553701.run(TempTestSuite1716515553701.groovy:35)&#xa;	at java.base/jdk.internal.reflect.NativeMethodAccessorImpl.invoke0(Native Method)&#xa;	at java.base/jdk.internal.reflect.NativeMethodAccessorImpl.invoke(NativeMethodAccessorImpl.java:77)&#xa;	at java.base/jdk.internal.reflect.DelegatingMethodAccessorImpl.invoke(DelegatingMethodAccessorImpl.java:43)&#xa;Caused by: com.kms.katalon.core.exception.StepFailedException: Text 'Tài khoản của bạn' is not present on page &#xa;	at com.kms.katalon.core.webui.keyword.internal.WebUIKeywordMain.stepFailed(WebUIKeywordMain.groovy:64)&#xa;	at com.kms.katalon.core.webui.keyword.builtin.VerifyTextPresentKeyword$_verifyTextPresent_closure1.doCall(VerifyTextPresentKeyword.groovy:79)&#xa;	at com.kms.katalon.core.webui.keyword.builtin.VerifyTextPresentKeyword$_verifyTextPresent_closure1.call(VerifyTextPresentKeyword.groovy)&#xa;	at com.kms.katalon.core.webui.keyword.internal.WebUIKeywordMain.runKeyword(WebUIKeywordMain.groovy:20)&#xa;	... 20 more&#xa;"/>
         <system-out><![CDATA[24-05-2024T08:54:25 - [TEST_CASE][FAILED] - Test Cases/TC_Login: Test Cases/TC_Login FAILED.
Reason:
com.kms.katalon.core.exception.StepFailedException: Unable to verify text 'Tài khoản của bạn' is present 
	at com.kms.katalon.core.webui.keyword.internal.WebUIKeywordMain.stepFailed(WebUIKeywordMain.groovy:64)
	at com.kms.katalon.core.webui.keyword.internal.WebUIKeywordMain.runKeyword(WebUIKeywordMain.groovy:26)
	at com.kms.katalon.core.webui.keyword.builtin.VerifyTextPresentKeyword.verifyTextPresent(VerifyTextPresentKeyword.groovy:83)
	at com.kms.katalon.core.webui.keyword.builtin.VerifyTextPresentKeyword.execute(VerifyTextPresentKeyword.groovy:68)
	at com.kms.katalon.core.keyword.internal.KeywordExecutor.executeKeywordForPlatform(KeywordExecutor.groovy:74)
	at com.kms.katalon.core.webui.keyword.WebUiBuiltInKeywords.verifyTextPresent(WebUiBuiltInKeywords.groovy:1762)
	at TC_Login.run(TC_Login:40)
	at com.kms.katalon.core.main.ScriptEngine.run(ScriptEngine.java:194)
	at com.kms.katalon.core.main.ScriptEngine.runScriptAsRawText(ScriptEngine.java:119)
	at com.kms.katalon.core.main.TestCaseExecutor.runScript(TestCaseExecutor.java:448)
	at com.kms.katalon.core.main.TestCaseExecutor.doExecute(TestCaseExecutor.java:439)
	at com.kms.katalon.core.main.TestCaseExecutor.processExecutionPhase(TestCaseExecutor.java:418)
	at com.kms.katalon.core.main.TestCaseExecutor.accessMainPhase(TestCaseExecutor.java:410)
	at com.kms.katalon.core.main.TestCaseExecutor.execute(TestCaseExecutor.java:285)
	at com.kms.katalon.core.common.CommonExecutor.accessTestCaseMainPhase(CommonExecutor.java:65)
	at com.kms.katalon.core.main.TestSuiteExecutor.accessTestSuiteMainPhase(TestSuiteExecutor.java:150)
	at com.kms.katalon.core.main.TestSuiteExecutor.execute(TestSuiteExecutor.java:106)
	at com.kms.katalon.core.main.TestCaseMain.startTestSuite(TestCaseMain.java:180)
	at TempTestSuite1716515553701.run(TempTestSuite1716515553701.groovy:35)
	at java.base/jdk.internal.reflect.NativeMethodAccessorImpl.invoke0(Native Method)
	at java.base/jdk.internal.reflect.NativeMethodAccessorImpl.invoke(NativeMethodAccessorImpl.java:77)
	at java.base/jdk.internal.reflect.DelegatingMethodAccessorImpl.invoke(DelegatingMethodAccessorImpl.java:43)
Caused by: com.kms.katalon.core.exception.StepFailedException: Text 'Tài khoản của bạn' is not present on page 
	at com.kms.katalon.core.webui.keyword.internal.WebUIKeywordMain.stepFailed(WebUIKeywordMain.groovy:64)
	at com.kms.katalon.core.webui.keyword.builtin.VerifyTextPresentKeyword$_verifyTextPresent_closure1.doCall(VerifyTextPresentKeyword.groovy:79)
	at com.kms.katalon.core.webui.keyword.builtin.VerifyTextPresentKeyword$_verifyTextPresent_closure1.call(VerifyTextPresentKeyword.groovy)
	at com.kms.katalon.core.webui.keyword.internal.WebUIKeywordMain.runKeyword(WebUIKeywordMain.groovy:20)
	... 20 more


24-05-2024T08:54:25 - [TEST_STEP][PASSED] - openBrowser(""): Browser is opened with url: ''

24-05-2024T08:54:25 - [MESSAGE][INFO] - Starting 'Chrome' driver

24-05-2024T08:54:25 - [MESSAGE][INFO] - Action delay is set to 0 milliseconds

24-05-2024T08:54:26 - [MESSAGE][PASSED] - Browser is opened with url: ''

24-05-2024T08:54:26 - [TEST_STEP][PASSED] - navigateToUrl("https://hasaki.vn/"): Navigate to 'https://hasaki.vn/' successfully

24-05-2024T08:54:30 - [MESSAGE][PASSED] - Navigate to 'https://hasaki.vn/' successfully

24-05-2024T08:54:30 - [TEST_STEP][PASSED] - maximizeWindow(): Current window maximized

24-05-2024T08:54:30 - [MESSAGE][PASSED] - Current window maximized

24-05-2024T08:54:30 - [TEST_STEP][PASSED] - click(findTestObject("Page_Login/button_Yes_KhuyenMai")): Object: 'Object Repository/Page_Login/button_Yes_KhuyenMai' is clicked on

24-05-2024T08:54:31 - [MESSAGE][PASSED] - Object: 'Object Repository/Page_Login/button_Yes_KhuyenMai' is clicked on

24-05-2024T08:54:31 - [TEST_STEP][PASSED] - click(findTestObject("Page_Login/img_Page")): Object: 'Object Repository/Page_Login/img_Page' is clicked on

24-05-2024T08:54:32 - [MESSAGE][PASSED] - Object: 'Object Repository/Page_Login/img_Page' is clicked on

24-05-2024T08:54:32 - [TEST_STEP][PASSED] - click(findTestObject("Page_Login/Link_Login")): Object: 'Object Repository/Page_Login/Link_Login' is clicked on

24-05-2024T08:54:32 - [MESSAGE][PASSED] - Object: 'Object Repository/Page_Login/Link_Login' is clicked on

24-05-2024T08:54:32 - [TEST_STEP][PASSED] - setText(findTestObject("Page_Login/input_username"), username): Text 'Ten Email03@gmail.com' is set on object 'Object Repository/Page_Login/input_username'

24-05-2024T08:54:34 - [MESSAGE][PASSED] - Text 'Ten Email03@gmail.com' is set on object 'Object Repository/Page_Login/input_username'

24-05-2024T08:54:34 - [TEST_STEP][PASSED] - setText(findTestObject("Page_Login/input_password"), password): Text 'tenemail' is set on object 'Object Repository/Page_Login/input_password'

24-05-2024T08:54:35 - [MESSAGE][PASSED] - Text 'tenemail' is set on object 'Object Repository/Page_Login/input_password'

24-05-2024T08:54:35 - [TEST_STEP][PASSED] - click(findTestObject("Page_Login/button_Login")): Object: 'Object Repository/Page_Login/button_Login' is clicked on

24-05-2024T08:54:35 - [MESSAGE][PASSED] - Object: 'Object Repository/Page_Login/button_Login' is clicked on

24-05-2024T08:54:35 - [TEST_STEP][PASSED] - delay(3): Delayed 3 second(s)

24-05-2024T08:54:38 - [MESSAGE][PASSED] - Delayed 3 second(s)

24-05-2024T08:54:38 - [TEST_STEP][FAILED] - verifyTextPresent(Expected, false): Unable to verify text 'Tài khoản của bạn' is present  (Root cause: com.kms.katalon.core.exception.StepFailedException: Unable to verify text 'Tài khoản của bạn' is present 
	at com.kms.katalon.core.webui.keyword.internal.WebUIKeywordMain.stepFailed(WebUIKeywordMain.groovy:64)
	at com.kms.katalon.core.webui.keyword.internal.WebUIKeywordMain.runKeyword(WebUIKeywordMain.groovy:26)
	at com.kms.katalon.core.webui.keyword.builtin.VerifyTextPresentKeyword.verifyTextPresent(VerifyTextPresentKeyword.groovy:83)
	at com.kms.katalon.core.webui.keyword.builtin.VerifyTextPresentKeyword.execute(VerifyTextPresentKeyword.groovy:68)
	at com.kms.katalon.core.keyword.internal.KeywordExecutor.executeKeywordForPlatform(KeywordExecutor.groovy:74)
	at com.kms.katalon.core.webui.keyword.WebUiBuiltInKeywords.verifyTextPresent(WebUiBuiltInKeywords.groovy:1762)
	at TC_Login.run(TC_Login:40)
	at com.kms.katalon.core.main.ScriptEngine.run(ScriptEngine.java:194)
	at com.kms.katalon.core.main.ScriptEngine.runScriptAsRawText(ScriptEngine.java:119)
	at com.kms.katalon.core.main.TestCaseExecutor.runScript(TestCaseExecutor.java:448)
	at com.kms.katalon.core.main.TestCaseExecutor.doExecute(TestCaseExecutor.java:439)
	at com.kms.katalon.core.main.TestCaseExecutor.processExecutionPhase(TestCaseExecutor.java:418)
	at com.kms.katalon.core.main.TestCaseExecutor.accessMainPhase(TestCaseExecutor.java:410)
	at com.kms.katalon.core.main.TestCaseExecutor.execute(TestCaseExecutor.java:285)
	at com.kms.katalon.core.common.CommonExecutor.accessTestCaseMainPhase(CommonExecutor.java:65)
	at com.kms.katalon.core.main.TestSuiteExecutor.accessTestSuiteMainPhase(TestSuiteExecutor.java:150)
	at com.kms.katalon.core.main.TestSuiteExecutor.execute(TestSuiteExecutor.java:106)
	at com.kms.katalon.core.main.TestCaseMain.startTestSuite(TestCaseMain.java:180)
	at TempTestSuite1716515553701.run(TempTestSuite1716515553701.groovy:35)
	at java.base/jdk.internal.reflect.NativeMethodAccessorImpl.invoke0(Native Method)
	at java.base/jdk.internal.reflect.NativeMethodAccessorImpl.invoke(NativeMethodAccessorImpl.java:77)
	at java.base/jdk.internal.reflect.DelegatingMethodAccessorImpl.invoke(DelegatingMethodAccessorImpl.java:43)
Caused by: com.kms.katalon.core.exception.StepFailedException: Text 'Tài khoản của bạn' is not present on page 
	at com.kms.katalon.core.webui.keyword.internal.WebUIKeywordMain.stepFailed(WebUIKeywordMain.groovy:64)
	at com.kms.katalon.core.webui.keyword.builtin.VerifyTextPresentKeyword$_verifyTextPresent_closure1.doCall(VerifyTextPresentKeyword.groovy:79)
	at com.kms.katalon.core.webui.keyword.builtin.VerifyTextPresentKeyword$_verifyTextPresent_closure1.call(VerifyTextPresentKeyword.groovy)
	at com.kms.katalon.core.webui.keyword.internal.WebUIKeywordMain.runKeyword(WebUIKeywordMain.groovy:20)
	... 20 more
)

24-05-2024T08:54:41 - [MESSAGE][FAILED] - Text 'Tài khoản của bạn' is not present on page  (Root cause: com.kms.katalon.core.exception.StepFailedException: Text 'Tài khoản của bạn' is not present on page 
	at com.kms.katalon.core.webui.keyword.internal.WebUIKeywordMain.stepFailed(WebUIKeywordMain.groovy:64)
	at com.kms.katalon.core.webui.keyword.builtin.VerifyTextPresentKeyword$_verifyTextPresent_closure1.doCall(VerifyTextPresentKeyword.groovy:79)
	at com.kms.katalon.core.webui.keyword.builtin.VerifyTextPresentKeyword$_verifyTextPresent_closure1.call(VerifyTextPresentKeyword.groovy)
	at com.kms.katalon.core.webui.keyword.internal.WebUIKeywordMain.runKeyword(WebUIKeywordMain.groovy:20)
	at com.kms.katalon.core.webui.keyword.builtin.VerifyTextPresentKeyword.verifyTextPresent(VerifyTextPresentKeyword.groovy:83)
	at com.kms.katalon.core.webui.keyword.builtin.VerifyTextPresentKeyword.execute(VerifyTextPresentKeyword.groovy:68)
	at com.kms.katalon.core.keyword.internal.KeywordExecutor.executeKeywordForPlatform(KeywordExecutor.groovy:74)
	at com.kms.katalon.core.webui.keyword.WebUiBuiltInKeywords.verifyTextPresent(WebUiBuiltInKeywords.groovy:1762)
	at TC_Login.run(TC_Login:40)
	at com.kms.katalon.core.main.ScriptEngine.run(ScriptEngine.java:194)
	at com.kms.katalon.core.main.ScriptEngine.runScriptAsRawText(ScriptEngine.java:119)
	at com.kms.katalon.core.main.TestCaseExecutor.runScript(TestCaseExecutor.java:448)
	at com.kms.katalon.core.main.TestCaseExecutor.doExecute(TestCaseExecutor.java:439)
	at com.kms.katalon.core.main.TestCaseExecutor.processExecutionPhase(TestCaseExecutor.java:418)
	at com.kms.katalon.core.main.TestCaseExecutor.accessMainPhase(TestCaseExecutor.java:410)
	at com.kms.katalon.core.main.TestCaseExecutor.execute(TestCaseExecutor.java:285)
	at com.kms.katalon.core.common.CommonExecutor.accessTestCaseMainPhase(CommonExecutor.java:65)
	at com.kms.katalon.core.main.TestSuiteExecutor.accessTestSuiteMainPhase(TestSuiteExecutor.java:150)
	at com.kms.katalon.core.main.TestSuiteExecutor.execute(TestSuiteExecutor.java:106)
	at com.kms.katalon.core.main.TestCaseMain.startTestSuite(TestCaseMain.java:180)
	at TempTestSuite1716515553701.run(TempTestSuite1716515553701.groovy:35)
	at java.base/jdk.internal.reflect.NativeMethodAccessorImpl.invoke0(Native Method)
	at java.base/jdk.internal.reflect.NativeMethodAccessorImpl.invoke(NativeMethodAccessorImpl.java:77)
	at java.base/jdk.internal.reflect.DelegatingMethodAccessorImpl.invoke(DelegatingMethodAccessorImpl.java:43)
)

24-05-2024T08:54:41 - [MESSAGE][FAILED] - Unable to verify text 'Tài khoản của bạn' is present  (Root cause: com.kms.katalon.core.exception.StepFailedException: Unable to verify text 'Tài khoản của bạn' is present 
	at com.kms.katalon.core.webui.keyword.internal.WebUIKeywordMain.stepFailed(WebUIKeywordMain.groovy:64)
	at com.kms.katalon.core.webui.keyword.internal.WebUIKeywordMain.runKeyword(WebUIKeywordMain.groovy:26)
	at com.kms.katalon.core.webui.keyword.builtin.VerifyTextPresentKeyword.verifyTextPresent(VerifyTextPresentKeyword.groovy:83)
	at com.kms.katalon.core.webui.keyword.builtin.VerifyTextPresentKeyword.execute(VerifyTextPresentKeyword.groovy:68)
	at com.kms.katalon.core.keyword.internal.KeywordExecutor.executeKeywordForPlatform(KeywordExecutor.groovy:74)
	at com.kms.katalon.core.webui.keyword.WebUiBuiltInKeywords.verifyTextPresent(WebUiBuiltInKeywords.groovy:1762)
	at TC_Login.run(TC_Login:40)
	at com.kms.katalon.core.main.ScriptEngine.run(ScriptEngine.java:194)
	at com.kms.katalon.core.main.ScriptEngine.runScriptAsRawText(ScriptEngine.java:119)
	at com.kms.katalon.core.main.TestCaseExecutor.runScript(TestCaseExecutor.java:448)
	at com.kms.katalon.core.main.TestCaseExecutor.doExecute(TestCaseExecutor.java:439)
	at com.kms.katalon.core.main.TestCaseExecutor.processExecutionPhase(TestCaseExecutor.java:418)
	at com.kms.katalon.core.main.TestCaseExecutor.accessMainPhase(TestCaseExecutor.java:410)
	at com.kms.katalon.core.main.TestCaseExecutor.execute(TestCaseExecutor.java:285)
	at com.kms.katalon.core.common.CommonExecutor.accessTestCaseMainPhase(CommonExecutor.java:65)
	at com.kms.katalon.core.main.TestSuiteExecutor.accessTestSuiteMainPhase(TestSuiteExecutor.java:150)
	at com.kms.katalon.core.main.TestSuiteExecutor.execute(TestSuiteExecutor.java:106)
	at com.kms.katalon.core.main.TestCaseMain.startTestSuite(TestCaseMain.java:180)
	at TempTestSuite1716515553701.run(TempTestSuite1716515553701.groovy:35)
	at java.base/jdk.internal.reflect.NativeMethodAccessorImpl.invoke0(Native Method)
	at java.base/jdk.internal.reflect.NativeMethodAccessorImpl.invoke(NativeMethodAccessorImpl.java:77)
	at java.base/jdk.internal.reflect.DelegatingMethodAccessorImpl.invoke(DelegatingMethodAccessorImpl.java:43)
Caused by: com.kms.katalon.core.exception.StepFailedException: Text 'Tài khoản của bạn' is not present on page 
	at com.kms.katalon.core.webui.keyword.internal.WebUIKeywordMain.stepFailed(WebUIKeywordMain.groovy:64)
	at com.kms.katalon.core.webui.keyword.builtin.VerifyTextPresentKeyword$_verifyTextPresent_closure1.doCall(VerifyTextPresentKeyword.groovy:79)
	at com.kms.katalon.core.webui.keyword.builtin.VerifyTextPresentKeyword$_verifyTextPresent_closure1.call(VerifyTextPresentKeyword.groovy)
	at com.kms.katalon.core.webui.keyword.internal.WebUIKeywordMain.runKeyword(WebUIKeywordMain.groovy:20)
	... 20 more
)
[[ATTACHMENT|C:\\Users\\PC\\Katalon Studio\\Hasaki\\Reports\\20240524_085233\\Login\\20240524_085233\\1716515681181.png]]]]></system-out>
         <system-err><![CDATA[24-05-2024T08:54:25 - [TEST_CASE][FAILED] - Test Cases/TC_Login: Test Cases/TC_Login FAILED.
Reason:
com.kms.katalon.core.exception.StepFailedException: Unable to verify text 'Tài khoản của bạn' is present 
	at com.kms.katalon.core.webui.keyword.internal.WebUIKeywordMain.stepFailed(WebUIKeywordMain.groovy:64)
	at com.kms.katalon.core.webui.keyword.internal.WebUIKeywordMain.runKeyword(WebUIKeywordMain.groovy:26)
	at com.kms.katalon.core.webui.keyword.builtin.VerifyTextPresentKeyword.verifyTextPresent(VerifyTextPresentKeyword.groovy:83)
	at com.kms.katalon.core.webui.keyword.builtin.VerifyTextPresentKeyword.execute(VerifyTextPresentKeyword.groovy:68)
	at com.kms.katalon.core.keyword.internal.KeywordExecutor.executeKeywordForPlatform(KeywordExecutor.groovy:74)
	at com.kms.katalon.core.webui.keyword.WebUiBuiltInKeywords.verifyTextPresent(WebUiBuiltInKeywords.groovy:1762)
	at TC_Login.run(TC_Login:40)
	at com.kms.katalon.core.main.ScriptEngine.run(ScriptEngine.java:194)
	at com.kms.katalon.core.main.ScriptEngine.runScriptAsRawText(ScriptEngine.java:119)
	at com.kms.katalon.core.main.TestCaseExecutor.runScript(TestCaseExecutor.java:448)
	at com.kms.katalon.core.main.TestCaseExecutor.doExecute(TestCaseExecutor.java:439)
	at com.kms.katalon.core.main.TestCaseExecutor.processExecutionPhase(TestCaseExecutor.java:418)
	at com.kms.katalon.core.main.TestCaseExecutor.accessMainPhase(TestCaseExecutor.java:410)
	at com.kms.katalon.core.main.TestCaseExecutor.execute(TestCaseExecutor.java:285)
	at com.kms.katalon.core.common.CommonExecutor.accessTestCaseMainPhase(CommonExecutor.java:65)
	at com.kms.katalon.core.main.TestSuiteExecutor.accessTestSuiteMainPhase(TestSuiteExecutor.java:150)
	at com.kms.katalon.core.main.TestSuiteExecutor.execute(TestSuiteExecutor.java:106)
	at com.kms.katalon.core.main.TestCaseMain.startTestSuite(TestCaseMain.java:180)
	at TempTestSuite1716515553701.run(TempTestSuite1716515553701.groovy:35)
	at java.base/jdk.internal.reflect.NativeMethodAccessorImpl.invoke0(Native Method)
	at java.base/jdk.internal.reflect.NativeMethodAccessorImpl.invoke(NativeMethodAccessorImpl.java:77)
	at java.base/jdk.internal.reflect.DelegatingMethodAccessorImpl.invoke(DelegatingMethodAccessorImpl.java:43)
Caused by: com.kms.katalon.core.exception.StepFailedException: Text 'Tài khoản của bạn' is not present on page 
	at com.kms.katalon.core.webui.keyword.internal.WebUIKeywordMain.stepFailed(WebUIKeywordMain.groovy:64)
	at com.kms.katalon.core.webui.keyword.builtin.VerifyTextPresentKeyword$_verifyTextPresent_closure1.doCall(VerifyTextPresentKeyword.groovy:79)
	at com.kms.katalon.core.webui.keyword.builtin.VerifyTextPresentKeyword$_verifyTextPresent_closure1.call(VerifyTextPresentKeyword.groovy)
	at com.kms.katalon.core.webui.keyword.internal.WebUIKeywordMain.runKeyword(WebUIKeywordMain.groovy:20)
	... 20 more]]></system-err>
      </testcase>
      <testcase name="Test Cases/TC_Login" time="15.883" classname="Test Cases/TC_Login" status="FAILED">
         <failure type="FAILED" message="Test Cases/TC_Login FAILED.&#xa;Reason:&#xa;com.kms.katalon.core.exception.StepFailedException: Unable to verify text 'Tài khoản của bạn' is present &#xa;	at com.kms.katalon.core.webui.keyword.internal.WebUIKeywordMain.stepFailed(WebUIKeywordMain.groovy:64)&#xa;	at com.kms.katalon.core.webui.keyword.internal.WebUIKeywordMain.runKeyword(WebUIKeywordMain.groovy:26)&#xa;	at com.kms.katalon.core.webui.keyword.builtin.VerifyTextPresentKeyword.verifyTextPresent(VerifyTextPresentKeyword.groovy:83)&#xa;	at com.kms.katalon.core.webui.keyword.builtin.VerifyTextPresentKeyword.execute(VerifyTextPresentKeyword.groovy:68)&#xa;	at com.kms.katalon.core.keyword.internal.KeywordExecutor.executeKeywordForPlatform(KeywordExecutor.groovy:74)&#xa;	at com.kms.katalon.core.webui.keyword.WebUiBuiltInKeywords.verifyTextPresent(WebUiBuiltInKeywords.groovy:1762)&#xa;	at TC_Login.run(TC_Login:40)&#xa;	at com.kms.katalon.core.main.ScriptEngine.run(ScriptEngine.java:194)&#xa;	at com.kms.katalon.core.main.ScriptEngine.runScriptAsRawText(ScriptEngine.java:119)&#xa;	at com.kms.katalon.core.main.TestCaseExecutor.runScript(TestCaseExecutor.java:448)&#xa;	at com.kms.katalon.core.main.TestCaseExecutor.doExecute(TestCaseExecutor.java:439)&#xa;	at com.kms.katalon.core.main.TestCaseExecutor.processExecutionPhase(TestCaseExecutor.java:418)&#xa;	at com.kms.katalon.core.main.TestCaseExecutor.accessMainPhase(TestCaseExecutor.java:410)&#xa;	at com.kms.katalon.core.main.TestCaseExecutor.execute(TestCaseExecutor.java:285)&#xa;	at com.kms.katalon.core.common.CommonExecutor.accessTestCaseMainPhase(CommonExecutor.java:65)&#xa;	at com.kms.katalon.core.main.TestSuiteExecutor.accessTestSuiteMainPhase(TestSuiteExecutor.java:150)&#xa;	at com.kms.katalon.core.main.TestSuiteExecutor.execute(TestSuiteExecutor.java:106)&#xa;	at com.kms.katalon.core.main.TestCaseMain.startTestSuite(TestCaseMain.java:180)&#xa;	at TempTestSuite1716515553701.run(TempTestSuite1716515553701.groovy:35)&#xa;	at java.base/jdk.internal.reflect.NativeMethodAccessorImpl.invoke0(Native Method)&#xa;	at java.base/jdk.internal.reflect.NativeMethodAccessorImpl.invoke(NativeMethodAccessorImpl.java:77)&#xa;	at java.base/jdk.internal.reflect.DelegatingMethodAccessorImpl.invoke(DelegatingMethodAccessorImpl.java:43)&#xa;Caused by: com.kms.katalon.core.exception.StepFailedException: Text 'Tài khoản của bạn' is not present on page &#xa;	at com.kms.katalon.core.webui.keyword.internal.WebUIKeywordMain.stepFailed(WebUIKeywordMain.groovy:64)&#xa;	at com.kms.katalon.core.webui.keyword.builtin.VerifyTextPresentKeyword$_verifyTextPresent_closure1.doCall(VerifyTextPresentKeyword.groovy:79)&#xa;	at com.kms.katalon.core.webui.keyword.builtin.VerifyTextPresentKeyword$_verifyTextPresent_closure1.call(VerifyTextPresentKeyword.groovy)&#xa;	at com.kms.katalon.core.webui.keyword.internal.WebUIKeywordMain.runKeyword(WebUIKeywordMain.groovy:20)&#xa;	... 20 more&#xa;"/>
         <system-out><![CDATA[24-05-2024T08:54:41 - [TEST_CASE][FAILED] - Test Cases/TC_Login: Test Cases/TC_Login FAILED.
Reason:
com.kms.katalon.core.exception.StepFailedException: Unable to verify text 'Tài khoản của bạn' is present 
	at com.kms.katalon.core.webui.keyword.internal.WebUIKeywordMain.stepFailed(WebUIKeywordMain.groovy:64)
	at com.kms.katalon.core.webui.keyword.internal.WebUIKeywordMain.runKeyword(WebUIKeywordMain.groovy:26)
	at com.kms.katalon.core.webui.keyword.builtin.VerifyTextPresentKeyword.verifyTextPresent(VerifyTextPresentKeyword.groovy:83)
	at com.kms.katalon.core.webui.keyword.builtin.VerifyTextPresentKeyword.execute(VerifyTextPresentKeyword.groovy:68)
	at com.kms.katalon.core.keyword.internal.KeywordExecutor.executeKeywordForPlatform(KeywordExecutor.groovy:74)
	at com.kms.katalon.core.webui.keyword.WebUiBuiltInKeywords.verifyTextPresent(WebUiBuiltInKeywords.groovy:1762)
	at TC_Login.run(TC_Login:40)
	at com.kms.katalon.core.main.ScriptEngine.run(ScriptEngine.java:194)
	at com.kms.katalon.core.main.ScriptEngine.runScriptAsRawText(ScriptEngine.java:119)
	at com.kms.katalon.core.main.TestCaseExecutor.runScript(TestCaseExecutor.java:448)
	at com.kms.katalon.core.main.TestCaseExecutor.doExecute(TestCaseExecutor.java:439)
	at com.kms.katalon.core.main.TestCaseExecutor.processExecutionPhase(TestCaseExecutor.java:418)
	at com.kms.katalon.core.main.TestCaseExecutor.accessMainPhase(TestCaseExecutor.java:410)
	at com.kms.katalon.core.main.TestCaseExecutor.execute(TestCaseExecutor.java:285)
	at com.kms.katalon.core.common.CommonExecutor.accessTestCaseMainPhase(CommonExecutor.java:65)
	at com.kms.katalon.core.main.TestSuiteExecutor.accessTestSuiteMainPhase(TestSuiteExecutor.java:150)
	at com.kms.katalon.core.main.TestSuiteExecutor.execute(TestSuiteExecutor.java:106)
	at com.kms.katalon.core.main.TestCaseMain.startTestSuite(TestCaseMain.java:180)
	at TempTestSuite1716515553701.run(TempTestSuite1716515553701.groovy:35)
	at java.base/jdk.internal.reflect.NativeMethodAccessorImpl.invoke0(Native Method)
	at java.base/jdk.internal.reflect.NativeMethodAccessorImpl.invoke(NativeMethodAccessorImpl.java:77)
	at java.base/jdk.internal.reflect.DelegatingMethodAccessorImpl.invoke(DelegatingMethodAccessorImpl.java:43)
Caused by: com.kms.katalon.core.exception.StepFailedException: Text 'Tài khoản của bạn' is not present on page 
	at com.kms.katalon.core.webui.keyword.internal.WebUIKeywordMain.stepFailed(WebUIKeywordMain.groovy:64)
	at com.kms.katalon.core.webui.keyword.builtin.VerifyTextPresentKeyword$_verifyTextPresent_closure1.doCall(VerifyTextPresentKeyword.groovy:79)
	at com.kms.katalon.core.webui.keyword.builtin.VerifyTextPresentKeyword$_verifyTextPresent_closure1.call(VerifyTextPresentKeyword.groovy)
	at com.kms.katalon.core.webui.keyword.internal.WebUIKeywordMain.runKeyword(WebUIKeywordMain.groovy:20)
	... 20 more


24-05-2024T08:54:41 - [TEST_STEP][PASSED] - openBrowser(""): Browser is opened with url: ''

24-05-2024T08:54:41 - [MESSAGE][WARNING] - A browser is already opened. Closing browser and opening a new one

24-05-2024T08:54:42 - [MESSAGE][INFO] - Starting 'Chrome' driver

24-05-2024T08:54:42 - [MESSAGE][INFO] - Action delay is set to 0 milliseconds

24-05-2024T08:54:43 - [MESSAGE][PASSED] - Browser is opened with url: ''

24-05-2024T08:54:43 - [TEST_STEP][PASSED] - navigateToUrl("https://hasaki.vn/"): Navigate to 'https://hasaki.vn/' successfully

24-05-2024T08:54:46 - [MESSAGE][PASSED] - Navigate to 'https://hasaki.vn/' successfully

24-05-2024T08:54:46 - [TEST_STEP][PASSED] - maximizeWindow(): Current window maximized

24-05-2024T08:54:46 - [MESSAGE][PASSED] - Current window maximized

24-05-2024T08:54:46 - [TEST_STEP][PASSED] - click(findTestObject("Page_Login/button_Yes_KhuyenMai")): Object: 'Object Repository/Page_Login/button_Yes_KhuyenMai' is clicked on

24-05-2024T08:54:47 - [MESSAGE][PASSED] - Object: 'Object Repository/Page_Login/button_Yes_KhuyenMai' is clicked on

24-05-2024T08:54:47 - [TEST_STEP][PASSED] - click(findTestObject("Page_Login/img_Page")): Object: 'Object Repository/Page_Login/img_Page' is clicked on

24-05-2024T08:54:48 - [MESSAGE][PASSED] - Object: 'Object Repository/Page_Login/img_Page' is clicked on

24-05-2024T08:54:48 - [TEST_STEP][PASSED] - click(findTestObject("Page_Login/Link_Login")): Object: 'Object Repository/Page_Login/Link_Login' is clicked on

24-05-2024T08:54:48 - [MESSAGE][PASSED] - Object: 'Object Repository/Page_Login/Link_Login' is clicked on

24-05-2024T08:54:48 - [TEST_STEP][PASSED] - setText(findTestObject("Page_Login/input_username"), username): Text '0385340207' is set on object 'Object Repository/Page_Login/input_username'

24-05-2024T08:54:50 - [MESSAGE][PASSED] - Text '0385340207' is set on object 'Object Repository/Page_Login/input_username'

24-05-2024T08:54:50 - [TEST_STEP][PASSED] - setText(findTestObject("Page_Login/input_password"), password): Text 'sodienthoai' is set on object 'Object Repository/Page_Login/input_password'

24-05-2024T08:54:51 - [MESSAGE][PASSED] - Text 'sodienthoai' is set on object 'Object Repository/Page_Login/input_password'

24-05-2024T08:54:51 - [TEST_STEP][PASSED] - click(findTestObject("Page_Login/button_Login")): Object: 'Object Repository/Page_Login/button_Login' is clicked on

24-05-2024T08:54:51 - [MESSAGE][PASSED] - Object: 'Object Repository/Page_Login/button_Login' is clicked on

24-05-2024T08:54:51 - [TEST_STEP][PASSED] - delay(3): Delayed 3 second(s)

24-05-2024T08:54:54 - [MESSAGE][PASSED] - Delayed 3 second(s)

24-05-2024T08:54:54 - [TEST_STEP][FAILED] - verifyTextPresent(Expected, false): Unable to verify text 'Tài khoản của bạn' is present  (Root cause: com.kms.katalon.core.exception.StepFailedException: Unable to verify text 'Tài khoản của bạn' is present 
	at com.kms.katalon.core.webui.keyword.internal.WebUIKeywordMain.stepFailed(WebUIKeywordMain.groovy:64)
	at com.kms.katalon.core.webui.keyword.internal.WebUIKeywordMain.runKeyword(WebUIKeywordMain.groovy:26)
	at com.kms.katalon.core.webui.keyword.builtin.VerifyTextPresentKeyword.verifyTextPresent(VerifyTextPresentKeyword.groovy:83)
	at com.kms.katalon.core.webui.keyword.builtin.VerifyTextPresentKeyword.execute(VerifyTextPresentKeyword.groovy:68)
	at com.kms.katalon.core.keyword.internal.KeywordExecutor.executeKeywordForPlatform(KeywordExecutor.groovy:74)
	at com.kms.katalon.core.webui.keyword.WebUiBuiltInKeywords.verifyTextPresent(WebUiBuiltInKeywords.groovy:1762)
	at TC_Login.run(TC_Login:40)
	at com.kms.katalon.core.main.ScriptEngine.run(ScriptEngine.java:194)
	at com.kms.katalon.core.main.ScriptEngine.runScriptAsRawText(ScriptEngine.java:119)
	at com.kms.katalon.core.main.TestCaseExecutor.runScript(TestCaseExecutor.java:448)
	at com.kms.katalon.core.main.TestCaseExecutor.doExecute(TestCaseExecutor.java:439)
	at com.kms.katalon.core.main.TestCaseExecutor.processExecutionPhase(TestCaseExecutor.java:418)
	at com.kms.katalon.core.main.TestCaseExecutor.accessMainPhase(TestCaseExecutor.java:410)
	at com.kms.katalon.core.main.TestCaseExecutor.execute(TestCaseExecutor.java:285)
	at com.kms.katalon.core.common.CommonExecutor.accessTestCaseMainPhase(CommonExecutor.java:65)
	at com.kms.katalon.core.main.TestSuiteExecutor.accessTestSuiteMainPhase(TestSuiteExecutor.java:150)
	at com.kms.katalon.core.main.TestSuiteExecutor.execute(TestSuiteExecutor.java:106)
	at com.kms.katalon.core.main.TestCaseMain.startTestSuite(TestCaseMain.java:180)
	at TempTestSuite1716515553701.run(TempTestSuite1716515553701.groovy:35)
	at java.base/jdk.internal.reflect.NativeMethodAccessorImpl.invoke0(Native Method)
	at java.base/jdk.internal.reflect.NativeMethodAccessorImpl.invoke(NativeMethodAccessorImpl.java:77)
	at java.base/jdk.internal.reflect.DelegatingMethodAccessorImpl.invoke(DelegatingMethodAccessorImpl.java:43)
Caused by: com.kms.katalon.core.exception.StepFailedException: Text 'Tài khoản của bạn' is not present on page 
	at com.kms.katalon.core.webui.keyword.internal.WebUIKeywordMain.stepFailed(WebUIKeywordMain.groovy:64)
	at com.kms.katalon.core.webui.keyword.builtin.VerifyTextPresentKeyword$_verifyTextPresent_closure1.doCall(VerifyTextPresentKeyword.groovy:79)
	at com.kms.katalon.core.webui.keyword.builtin.VerifyTextPresentKeyword$_verifyTextPresent_closure1.call(VerifyTextPresentKeyword.groovy)
	at com.kms.katalon.core.webui.keyword.internal.WebUIKeywordMain.runKeyword(WebUIKeywordMain.groovy:20)
	... 20 more
)

24-05-2024T08:54:57 - [MESSAGE][FAILED] - Text 'Tài khoản của bạn' is not present on page  (Root cause: com.kms.katalon.core.exception.StepFailedException: Text 'Tài khoản của bạn' is not present on page 
	at com.kms.katalon.core.webui.keyword.internal.WebUIKeywordMain.stepFailed(WebUIKeywordMain.groovy:64)
	at com.kms.katalon.core.webui.keyword.builtin.VerifyTextPresentKeyword$_verifyTextPresent_closure1.doCall(VerifyTextPresentKeyword.groovy:79)
	at com.kms.katalon.core.webui.keyword.builtin.VerifyTextPresentKeyword$_verifyTextPresent_closure1.call(VerifyTextPresentKeyword.groovy)
	at com.kms.katalon.core.webui.keyword.internal.WebUIKeywordMain.runKeyword(WebUIKeywordMain.groovy:20)
	at com.kms.katalon.core.webui.keyword.builtin.VerifyTextPresentKeyword.verifyTextPresent(VerifyTextPresentKeyword.groovy:83)
	at com.kms.katalon.core.webui.keyword.builtin.VerifyTextPresentKeyword.execute(VerifyTextPresentKeyword.groovy:68)
	at com.kms.katalon.core.keyword.internal.KeywordExecutor.executeKeywordForPlatform(KeywordExecutor.groovy:74)
	at com.kms.katalon.core.webui.keyword.WebUiBuiltInKeywords.verifyTextPresent(WebUiBuiltInKeywords.groovy:1762)
	at TC_Login.run(TC_Login:40)
	at com.kms.katalon.core.main.ScriptEngine.run(ScriptEngine.java:194)
	at com.kms.katalon.core.main.ScriptEngine.runScriptAsRawText(ScriptEngine.java:119)
	at com.kms.katalon.core.main.TestCaseExecutor.runScript(TestCaseExecutor.java:448)
	at com.kms.katalon.core.main.TestCaseExecutor.doExecute(TestCaseExecutor.java:439)
	at com.kms.katalon.core.main.TestCaseExecutor.processExecutionPhase(TestCaseExecutor.java:418)
	at com.kms.katalon.core.main.TestCaseExecutor.accessMainPhase(TestCaseExecutor.java:410)
	at com.kms.katalon.core.main.TestCaseExecutor.execute(TestCaseExecutor.java:285)
	at com.kms.katalon.core.common.CommonExecutor.accessTestCaseMainPhase(CommonExecutor.java:65)
	at com.kms.katalon.core.main.TestSuiteExecutor.accessTestSuiteMainPhase(TestSuiteExecutor.java:150)
	at com.kms.katalon.core.main.TestSuiteExecutor.execute(TestSuiteExecutor.java:106)
	at com.kms.katalon.core.main.TestCaseMain.startTestSuite(TestCaseMain.java:180)
	at TempTestSuite1716515553701.run(TempTestSuite1716515553701.groovy:35)
	at java.base/jdk.internal.reflect.NativeMethodAccessorImpl.invoke0(Native Method)
	at java.base/jdk.internal.reflect.NativeMethodAccessorImpl.invoke(NativeMethodAccessorImpl.java:77)
	at java.base/jdk.internal.reflect.DelegatingMethodAccessorImpl.invoke(DelegatingMethodAccessorImpl.java:43)
)

24-05-2024T08:54:57 - [MESSAGE][FAILED] - Unable to verify text 'Tài khoản của bạn' is present  (Root cause: com.kms.katalon.core.exception.StepFailedException: Unable to verify text 'Tài khoản của bạn' is present 
	at com.kms.katalon.core.webui.keyword.internal.WebUIKeywordMain.stepFailed(WebUIKeywordMain.groovy:64)
	at com.kms.katalon.core.webui.keyword.internal.WebUIKeywordMain.runKeyword(WebUIKeywordMain.groovy:26)
	at com.kms.katalon.core.webui.keyword.builtin.VerifyTextPresentKeyword.verifyTextPresent(VerifyTextPresentKeyword.groovy:83)
	at com.kms.katalon.core.webui.keyword.builtin.VerifyTextPresentKeyword.execute(VerifyTextPresentKeyword.groovy:68)
	at com.kms.katalon.core.keyword.internal.KeywordExecutor.executeKeywordForPlatform(KeywordExecutor.groovy:74)
	at com.kms.katalon.core.webui.keyword.WebUiBuiltInKeywords.verifyTextPresent(WebUiBuiltInKeywords.groovy:1762)
	at TC_Login.run(TC_Login:40)
	at com.kms.katalon.core.main.ScriptEngine.run(ScriptEngine.java:194)
	at com.kms.katalon.core.main.ScriptEngine.runScriptAsRawText(ScriptEngine.java:119)
	at com.kms.katalon.core.main.TestCaseExecutor.runScript(TestCaseExecutor.java:448)
	at com.kms.katalon.core.main.TestCaseExecutor.doExecute(TestCaseExecutor.java:439)
	at com.kms.katalon.core.main.TestCaseExecutor.processExecutionPhase(TestCaseExecutor.java:418)
	at com.kms.katalon.core.main.TestCaseExecutor.accessMainPhase(TestCaseExecutor.java:410)
	at com.kms.katalon.core.main.TestCaseExecutor.execute(TestCaseExecutor.java:285)
	at com.kms.katalon.core.common.CommonExecutor.accessTestCaseMainPhase(CommonExecutor.java:65)
	at com.kms.katalon.core.main.TestSuiteExecutor.accessTestSuiteMainPhase(TestSuiteExecutor.java:150)
	at com.kms.katalon.core.main.TestSuiteExecutor.execute(TestSuiteExecutor.java:106)
	at com.kms.katalon.core.main.TestCaseMain.startTestSuite(TestCaseMain.java:180)
	at TempTestSuite1716515553701.run(TempTestSuite1716515553701.groovy:35)
	at java.base/jdk.internal.reflect.NativeMethodAccessorImpl.invoke0(Native Method)
	at java.base/jdk.internal.reflect.NativeMethodAccessorImpl.invoke(NativeMethodAccessorImpl.java:77)
	at java.base/jdk.internal.reflect.DelegatingMethodAccessorImpl.invoke(DelegatingMethodAccessorImpl.java:43)
Caused by: com.kms.katalon.core.exception.StepFailedException: Text 'Tài khoản của bạn' is not present on page 
	at com.kms.katalon.core.webui.keyword.internal.WebUIKeywordMain.stepFailed(WebUIKeywordMain.groovy:64)
	at com.kms.katalon.core.webui.keyword.builtin.VerifyTextPresentKeyword$_verifyTextPresent_closure1.doCall(VerifyTextPresentKeyword.groovy:79)
	at com.kms.katalon.core.webui.keyword.builtin.VerifyTextPresentKeyword$_verifyTextPresent_closure1.call(VerifyTextPresentKeyword.groovy)
	at com.kms.katalon.core.webui.keyword.internal.WebUIKeywordMain.runKeyword(WebUIKeywordMain.groovy:20)
	... 20 more
)
[[ATTACHMENT|C:\\Users\\PC\\Katalon Studio\\Hasaki\\Reports\\20240524_085233\\Login\\20240524_085233\\1716515697180.png]]]]></system-out>
         <system-err><![CDATA[24-05-2024T08:54:41 - [TEST_CASE][FAILED] - Test Cases/TC_Login: Test Cases/TC_Login FAILED.
Reason:
com.kms.katalon.core.exception.StepFailedException: Unable to verify text 'Tài khoản của bạn' is present 
	at com.kms.katalon.core.webui.keyword.internal.WebUIKeywordMain.stepFailed(WebUIKeywordMain.groovy:64)
	at com.kms.katalon.core.webui.keyword.internal.WebUIKeywordMain.runKeyword(WebUIKeywordMain.groovy:26)
	at com.kms.katalon.core.webui.keyword.builtin.VerifyTextPresentKeyword.verifyTextPresent(VerifyTextPresentKeyword.groovy:83)
	at com.kms.katalon.core.webui.keyword.builtin.VerifyTextPresentKeyword.execute(VerifyTextPresentKeyword.groovy:68)
	at com.kms.katalon.core.keyword.internal.KeywordExecutor.executeKeywordForPlatform(KeywordExecutor.groovy:74)
	at com.kms.katalon.core.webui.keyword.WebUiBuiltInKeywords.verifyTextPresent(WebUiBuiltInKeywords.groovy:1762)
	at TC_Login.run(TC_Login:40)
	at com.kms.katalon.core.main.ScriptEngine.run(ScriptEngine.java:194)
	at com.kms.katalon.core.main.ScriptEngine.runScriptAsRawText(ScriptEngine.java:119)
	at com.kms.katalon.core.main.TestCaseExecutor.runScript(TestCaseExecutor.java:448)
	at com.kms.katalon.core.main.TestCaseExecutor.doExecute(TestCaseExecutor.java:439)
	at com.kms.katalon.core.main.TestCaseExecutor.processExecutionPhase(TestCaseExecutor.java:418)
	at com.kms.katalon.core.main.TestCaseExecutor.accessMainPhase(TestCaseExecutor.java:410)
	at com.kms.katalon.core.main.TestCaseExecutor.execute(TestCaseExecutor.java:285)
	at com.kms.katalon.core.common.CommonExecutor.accessTestCaseMainPhase(CommonExecutor.java:65)
	at com.kms.katalon.core.main.TestSuiteExecutor.accessTestSuiteMainPhase(TestSuiteExecutor.java:150)
	at com.kms.katalon.core.main.TestSuiteExecutor.execute(TestSuiteExecutor.java:106)
	at com.kms.katalon.core.main.TestCaseMain.startTestSuite(TestCaseMain.java:180)
	at TempTestSuite1716515553701.run(TempTestSuite1716515553701.groovy:35)
	at java.base/jdk.internal.reflect.NativeMethodAccessorImpl.invoke0(Native Method)
	at java.base/jdk.internal.reflect.NativeMethodAccessorImpl.invoke(NativeMethodAccessorImpl.java:77)
	at java.base/jdk.internal.reflect.DelegatingMethodAccessorImpl.invoke(DelegatingMethodAccessorImpl.java:43)
Caused by: com.kms.katalon.core.exception.StepFailedException: Text 'Tài khoản của bạn' is not present on page 
	at com.kms.katalon.core.webui.keyword.internal.WebUIKeywordMain.stepFailed(WebUIKeywordMain.groovy:64)
	at com.kms.katalon.core.webui.keyword.builtin.VerifyTextPresentKeyword$_verifyTextPresent_closure1.doCall(VerifyTextPresentKeyword.groovy:79)
	at com.kms.katalon.core.webui.keyword.builtin.VerifyTextPresentKeyword$_verifyTextPresent_closure1.call(VerifyTextPresentKeyword.groovy)
	at com.kms.katalon.core.webui.keyword.internal.WebUIKeywordMain.runKeyword(WebUIKeywordMain.groovy:20)
	... 20 more]]></system-err>
      </testcase>
      <testcase name="Test Cases/TC_Login" time="17.495" classname="Test Cases/TC_Login" status="PASSED">
         <system-out><![CDATA[24-05-2024T08:54:57 - [TEST_CASE][PASSED] - Test Cases/TC_Login: Test Cases/TC_Login

24-05-2024T08:54:57 - [TEST_STEP][PASSED] - openBrowser(""): Browser is opened with url: ''

24-05-2024T08:54:57 - [MESSAGE][WARNING] - A browser is already opened. Closing browser and opening a new one

24-05-2024T08:54:58 - [MESSAGE][INFO] - Starting 'Chrome' driver

24-05-2024T08:54:58 - [MESSAGE][INFO] - Action delay is set to 0 milliseconds

24-05-2024T08:54:59 - [MESSAGE][PASSED] - Browser is opened with url: ''

24-05-2024T08:54:59 - [TEST_STEP][PASSED] - navigateToUrl("https://hasaki.vn/"): Navigate to 'https://hasaki.vn/' successfully

24-05-2024T08:55:03 - [MESSAGE][PASSED] - Navigate to 'https://hasaki.vn/' successfully

24-05-2024T08:55:03 - [TEST_STEP][PASSED] - maximizeWindow(): Current window maximized

24-05-2024T08:55:03 - [MESSAGE][PASSED] - Current window maximized

24-05-2024T08:55:03 - [TEST_STEP][PASSED] - click(findTestObject("Page_Login/button_Yes_KhuyenMai")): Object: 'Object Repository/Page_Login/button_Yes_KhuyenMai' is clicked on

24-05-2024T08:55:04 - [MESSAGE][PASSED] - Object: 'Object Repository/Page_Login/button_Yes_KhuyenMai' is clicked on

24-05-2024T08:55:04 - [TEST_STEP][PASSED] - click(findTestObject("Page_Login/img_Page")): Object: 'Object Repository/Page_Login/img_Page' is clicked on

24-05-2024T08:55:05 - [MESSAGE][PASSED] - Object: 'Object Repository/Page_Login/img_Page' is clicked on

24-05-2024T08:55:05 - [TEST_STEP][PASSED] - click(findTestObject("Page_Login/Link_Login")): Object: 'Object Repository/Page_Login/Link_Login' is clicked on

24-05-2024T08:55:06 - [MESSAGE][PASSED] - Object: 'Object Repository/Page_Login/Link_Login' is clicked on

24-05-2024T08:55:06 - [TEST_STEP][PASSED] - setText(findTestObject("Page_Login/input_username"), username): Text 'Ten’Email03@gmail.com' is set on object 'Object Repository/Page_Login/input_username'

24-05-2024T08:55:07 - [MESSAGE][PASSED] - Text 'Ten’Email03@gmail.com' is set on object 'Object Repository/Page_Login/input_username'

24-05-2024T08:55:07 - [TEST_STEP][PASSED] - setText(findTestObject("Page_Login/input_password"), password): Text 'tenemail' is set on object 'Object Repository/Page_Login/input_password'

24-05-2024T08:55:08 - [MESSAGE][PASSED] - Text 'tenemail' is set on object 'Object Repository/Page_Login/input_password'

24-05-2024T08:55:08 - [TEST_STEP][PASSED] - click(findTestObject("Page_Login/button_Login")): Object: 'Object Repository/Page_Login/button_Login' is clicked on

24-05-2024T08:55:09 - [MESSAGE][PASSED] - Object: 'Object Repository/Page_Login/button_Login' is clicked on

24-05-2024T08:55:09 - [TEST_STEP][PASSED] - delay(3): Delayed 3 second(s)

24-05-2024T08:55:12 - [MESSAGE][PASSED] - Delayed 3 second(s)

24-05-2024T08:55:12 - [TEST_STEP][PASSED] - verifyTextPresent(Expected, false): Text 'Tên đăng nhập không khớp !' is present on page 

24-05-2024T08:55:14 - [MESSAGE][PASSED] - Text 'Tên đăng nhập không khớp !' is present on page 

24-05-2024T08:55:14 - [TEST_STEP][PASSED] - closeBrowser(): Browser is closed

24-05-2024T08:55:15 - [MESSAGE][PASSED] - Browser is closed]]></system-out>
         <system-err><![CDATA[]]></system-err>
      </testcase>
      <testcase name="Test Cases/TC_Login" time="15.678" classname="Test Cases/TC_Login" status="PASSED">
         <system-out><![CDATA[24-05-2024T08:55:15 - [TEST_CASE][PASSED] - Test Cases/TC_Login: Test Cases/TC_Login

24-05-2024T08:55:15 - [TEST_STEP][PASSED] - openBrowser(""): Browser is opened with url: ''

24-05-2024T08:55:15 - [MESSAGE][INFO] - Starting 'Chrome' driver

24-05-2024T08:55:15 - [MESSAGE][INFO] - Action delay is set to 0 milliseconds

24-05-2024T08:55:16 - [MESSAGE][PASSED] - Browser is opened with url: ''

24-05-2024T08:55:16 - [TEST_STEP][PASSED] - navigateToUrl("https://hasaki.vn/"): Navigate to 'https://hasaki.vn/' successfully

24-05-2024T08:55:19 - [MESSAGE][PASSED] - Navigate to 'https://hasaki.vn/' successfully

24-05-2024T08:55:19 - [TEST_STEP][PASSED] - maximizeWindow(): Current window maximized

24-05-2024T08:55:19 - [MESSAGE][PASSED] - Current window maximized

24-05-2024T08:55:19 - [TEST_STEP][PASSED] - click(findTestObject("Page_Login/button_Yes_KhuyenMai")): Object: 'Object Repository/Page_Login/button_Yes_KhuyenMai' is clicked on

24-05-2024T08:55:20 - [MESSAGE][PASSED] - Object: 'Object Repository/Page_Login/button_Yes_KhuyenMai' is clicked on

24-05-2024T08:55:20 - [TEST_STEP][PASSED] - click(findTestObject("Page_Login/img_Page")): Object: 'Object Repository/Page_Login/img_Page' is clicked on

24-05-2024T08:55:21 - [MESSAGE][PASSED] - Object: 'Object Repository/Page_Login/img_Page' is clicked on

24-05-2024T08:55:21 - [TEST_STEP][PASSED] - click(findTestObject("Page_Login/Link_Login")): Object: 'Object Repository/Page_Login/Link_Login' is clicked on

24-05-2024T08:55:22 - [MESSAGE][PASSED] - Object: 'Object Repository/Page_Login/Link_Login' is clicked on

24-05-2024T08:55:22 - [TEST_STEP][PASSED] - setText(findTestObject("Page_Login/input_username"), username): Text 'Ten()Email03@gmail.com' is set on object 'Object Repository/Page_Login/input_username'

24-05-2024T08:55:23 - [MESSAGE][PASSED] - Text 'Ten()Email03@gmail.com' is set on object 'Object Repository/Page_Login/input_username'

24-05-2024T08:55:23 - [TEST_STEP][PASSED] - setText(findTestObject("Page_Login/input_password"), password): Text 'tenemail' is set on object 'Object Repository/Page_Login/input_password'

24-05-2024T08:55:24 - [MESSAGE][PASSED] - Text 'tenemail' is set on object 'Object Repository/Page_Login/input_password'

24-05-2024T08:55:24 - [TEST_STEP][PASSED] - click(findTestObject("Page_Login/button_Login")): Object: 'Object Repository/Page_Login/button_Login' is clicked on

24-05-2024T08:55:25 - [MESSAGE][PASSED] - Object: 'Object Repository/Page_Login/button_Login' is clicked on

24-05-2024T08:55:25 - [TEST_STEP][PASSED] - delay(3): Delayed 3 second(s)

24-05-2024T08:55:28 - [MESSAGE][PASSED] - Delayed 3 second(s)

24-05-2024T08:55:28 - [TEST_STEP][PASSED] - verifyTextPresent(Expected, false): Text 'Tên đăng nhập không khớp !' is present on page 

24-05-2024T08:55:30 - [MESSAGE][PASSED] - Text 'Tên đăng nhập không khớp !' is present on page 

24-05-2024T08:55:30 - [TEST_STEP][PASSED] - closeBrowser(): Browser is closed

24-05-2024T08:55:30 - [MESSAGE][PASSED] - Browser is closed]]></system-out>
         <system-err><![CDATA[]]></system-err>
      </testcase>
      <testcase name="Test Cases/TC_Login" time="16.132" classname="Test Cases/TC_Login" status="FAILED">
         <failure type="FAILED" message="Test Cases/TC_Login FAILED.&#xa;Reason:&#xa;com.kms.katalon.core.exception.StepFailedException: Unable to verify text 'Tài khoản của bạn' is present &#xa;	at com.kms.katalon.core.webui.keyword.internal.WebUIKeywordMain.stepFailed(WebUIKeywordMain.groovy:64)&#xa;	at com.kms.katalon.core.webui.keyword.internal.WebUIKeywordMain.runKeyword(WebUIKeywordMain.groovy:26)&#xa;	at com.kms.katalon.core.webui.keyword.builtin.VerifyTextPresentKeyword.verifyTextPresent(VerifyTextPresentKeyword.groovy:83)&#xa;	at com.kms.katalon.core.webui.keyword.builtin.VerifyTextPresentKeyword.execute(VerifyTextPresentKeyword.groovy:68)&#xa;	at com.kms.katalon.core.keyword.internal.KeywordExecutor.executeKeywordForPlatform(KeywordExecutor.groovy:74)&#xa;	at com.kms.katalon.core.webui.keyword.WebUiBuiltInKeywords.verifyTextPresent(WebUiBuiltInKeywords.groovy:1762)&#xa;	at TC_Login.run(TC_Login:40)&#xa;	at com.kms.katalon.core.main.ScriptEngine.run(ScriptEngine.java:194)&#xa;	at com.kms.katalon.core.main.ScriptEngine.runScriptAsRawText(ScriptEngine.java:119)&#xa;	at com.kms.katalon.core.main.TestCaseExecutor.runScript(TestCaseExecutor.java:448)&#xa;	at com.kms.katalon.core.main.TestCaseExecutor.doExecute(TestCaseExecutor.java:439)&#xa;	at com.kms.katalon.core.main.TestCaseExecutor.processExecutionPhase(TestCaseExecutor.java:418)&#xa;	at com.kms.katalon.core.main.TestCaseExecutor.accessMainPhase(TestCaseExecutor.java:410)&#xa;	at com.kms.katalon.core.main.TestCaseExecutor.execute(TestCaseExecutor.java:285)&#xa;	at com.kms.katalon.core.common.CommonExecutor.accessTestCaseMainPhase(CommonExecutor.java:65)&#xa;	at com.kms.katalon.core.main.TestSuiteExecutor.accessTestSuiteMainPhase(TestSuiteExecutor.java:150)&#xa;	at com.kms.katalon.core.main.TestSuiteExecutor.execute(TestSuiteExecutor.java:106)&#xa;	at com.kms.katalon.core.main.TestCaseMain.startTestSuite(TestCaseMain.java:180)&#xa;	at TempTestSuite1716515553701.run(TempTestSuite1716515553701.groovy:35)&#xa;	at java.base/jdk.internal.reflect.NativeMethodAccessorImpl.invoke0(Native Method)&#xa;	at java.base/jdk.internal.reflect.NativeMethodAccessorImpl.invoke(NativeMethodAccessorImpl.java:77)&#xa;	at java.base/jdk.internal.reflect.DelegatingMethodAccessorImpl.invoke(DelegatingMethodAccessorImpl.java:43)&#xa;Caused by: com.kms.katalon.core.exception.StepFailedException: Text 'Tài khoản của bạn' is not present on page &#xa;	at com.kms.katalon.core.webui.keyword.internal.WebUIKeywordMain.stepFailed(WebUIKeywordMain.groovy:64)&#xa;	at com.kms.katalon.core.webui.keyword.builtin.VerifyTextPresentKeyword$_verifyTextPresent_closure1.doCall(VerifyTextPresentKeyword.groovy:79)&#xa;	at com.kms.katalon.core.webui.keyword.builtin.VerifyTextPresentKeyword$_verifyTextPresent_closure1.call(VerifyTextPresentKeyword.groovy)&#xa;	at com.kms.katalon.core.webui.keyword.internal.WebUIKeywordMain.runKeyword(WebUIKeywordMain.groovy:20)&#xa;	... 20 more&#xa;"/>
         <system-out><![CDATA[24-05-2024T08:55:30 - [TEST_CASE][FAILED] - Test Cases/TC_Login: Test Cases/TC_Login FAILED.
Reason:
com.kms.katalon.core.exception.StepFailedException: Unable to verify text 'Tài khoản của bạn' is present 
	at com.kms.katalon.core.webui.keyword.internal.WebUIKeywordMain.stepFailed(WebUIKeywordMain.groovy:64)
	at com.kms.katalon.core.webui.keyword.internal.WebUIKeywordMain.runKeyword(WebUIKeywordMain.groovy:26)
	at com.kms.katalon.core.webui.keyword.builtin.VerifyTextPresentKeyword.verifyTextPresent(VerifyTextPresentKeyword.groovy:83)
	at com.kms.katalon.core.webui.keyword.builtin.VerifyTextPresentKeyword.execute(VerifyTextPresentKeyword.groovy:68)
	at com.kms.katalon.core.keyword.internal.KeywordExecutor.executeKeywordForPlatform(KeywordExecutor.groovy:74)
	at com.kms.katalon.core.webui.keyword.WebUiBuiltInKeywords.verifyTextPresent(WebUiBuiltInKeywords.groovy:1762)
	at TC_Login.run(TC_Login:40)
	at com.kms.katalon.core.main.ScriptEngine.run(ScriptEngine.java:194)
	at com.kms.katalon.core.main.ScriptEngine.runScriptAsRawText(ScriptEngine.java:119)
	at com.kms.katalon.core.main.TestCaseExecutor.runScript(TestCaseExecutor.java:448)
	at com.kms.katalon.core.main.TestCaseExecutor.doExecute(TestCaseExecutor.java:439)
	at com.kms.katalon.core.main.TestCaseExecutor.processExecutionPhase(TestCaseExecutor.java:418)
	at com.kms.katalon.core.main.TestCaseExecutor.accessMainPhase(TestCaseExecutor.java:410)
	at com.kms.katalon.core.main.TestCaseExecutor.execute(TestCaseExecutor.java:285)
	at com.kms.katalon.core.common.CommonExecutor.accessTestCaseMainPhase(CommonExecutor.java:65)
	at com.kms.katalon.core.main.TestSuiteExecutor.accessTestSuiteMainPhase(TestSuiteExecutor.java:150)
	at com.kms.katalon.core.main.TestSuiteExecutor.execute(TestSuiteExecutor.java:106)
	at com.kms.katalon.core.main.TestCaseMain.startTestSuite(TestCaseMain.java:180)
	at TempTestSuite1716515553701.run(TempTestSuite1716515553701.groovy:35)
	at java.base/jdk.internal.reflect.NativeMethodAccessorImpl.invoke0(Native Method)
	at java.base/jdk.internal.reflect.NativeMethodAccessorImpl.invoke(NativeMethodAccessorImpl.java:77)
	at java.base/jdk.internal.reflect.DelegatingMethodAccessorImpl.invoke(DelegatingMethodAccessorImpl.java:43)
Caused by: com.kms.katalon.core.exception.StepFailedException: Text 'Tài khoản của bạn' is not present on page 
	at com.kms.katalon.core.webui.keyword.internal.WebUIKeywordMain.stepFailed(WebUIKeywordMain.groovy:64)
	at com.kms.katalon.core.webui.keyword.builtin.VerifyTextPresentKeyword$_verifyTextPresent_closure1.doCall(VerifyTextPresentKeyword.groovy:79)
	at com.kms.katalon.core.webui.keyword.builtin.VerifyTextPresentKeyword$_verifyTextPresent_closure1.call(VerifyTextPresentKeyword.groovy)
	at com.kms.katalon.core.webui.keyword.internal.WebUIKeywordMain.runKeyword(WebUIKeywordMain.groovy:20)
	... 20 more


24-05-2024T08:55:30 - [TEST_STEP][PASSED] - openBrowser(""): Browser is opened with url: ''

24-05-2024T08:55:30 - [MESSAGE][INFO] - Starting 'Chrome' driver

24-05-2024T08:55:30 - [MESSAGE][INFO] - Action delay is set to 0 milliseconds

24-05-2024T08:55:31 - [MESSAGE][PASSED] - Browser is opened with url: ''

24-05-2024T08:55:31 - [TEST_STEP][PASSED] - navigateToUrl("https://hasaki.vn/"): Navigate to 'https://hasaki.vn/' successfully

24-05-2024T08:55:35 - [MESSAGE][PASSED] - Navigate to 'https://hasaki.vn/' successfully

24-05-2024T08:55:35 - [TEST_STEP][PASSED] - maximizeWindow(): Current window maximized

24-05-2024T08:55:35 - [MESSAGE][PASSED] - Current window maximized

24-05-2024T08:55:35 - [TEST_STEP][PASSED] - click(findTestObject("Page_Login/button_Yes_KhuyenMai")): Object: 'Object Repository/Page_Login/button_Yes_KhuyenMai' is clicked on

24-05-2024T08:55:36 - [MESSAGE][PASSED] - Object: 'Object Repository/Page_Login/button_Yes_KhuyenMai' is clicked on

24-05-2024T08:55:36 - [TEST_STEP][PASSED] - click(findTestObject("Page_Login/img_Page")): Object: 'Object Repository/Page_Login/img_Page' is clicked on

24-05-2024T08:55:37 - [MESSAGE][PASSED] - Object: 'Object Repository/Page_Login/img_Page' is clicked on

24-05-2024T08:55:37 - [TEST_STEP][PASSED] - click(findTestObject("Page_Login/Link_Login")): Object: 'Object Repository/Page_Login/Link_Login' is clicked on

24-05-2024T08:55:37 - [MESSAGE][PASSED] - Object: 'Object Repository/Page_Login/Link_Login' is clicked on

24-05-2024T08:55:37 - [TEST_STEP][PASSED] - setText(findTestObject("Page_Login/input_username"), username): Text 'thuphuongtot@gmail.com' is set on object 'Object Repository/Page_Login/input_username'

24-05-2024T08:55:39 - [MESSAGE][PASSED] - Text 'thuphuongtot@gmail.com' is set on object 'Object Repository/Page_Login/input_username'

24-05-2024T08:55:39 - [TEST_STEP][PASSED] - setText(findTestObject("Page_Login/input_password"), password): Text '1234567' is set on object 'Object Repository/Page_Login/input_password'

24-05-2024T08:55:40 - [MESSAGE][PASSED] - Text '1234567' is set on object 'Object Repository/Page_Login/input_password'

24-05-2024T08:55:40 - [TEST_STEP][PASSED] - click(findTestObject("Page_Login/button_Login")): Object: 'Object Repository/Page_Login/button_Login' is clicked on

24-05-2024T08:55:42 - [MESSAGE][PASSED] - Object: 'Object Repository/Page_Login/button_Login' is clicked on

24-05-2024T08:55:42 - [TEST_STEP][PASSED] - delay(3): Delayed 3 second(s)

24-05-2024T08:55:45 - [MESSAGE][PASSED] - Delayed 3 second(s)

24-05-2024T08:55:45 - [TEST_STEP][FAILED] - verifyTextPresent(Expected, false): Unable to verify text 'Tài khoản của bạn' is present  (Root cause: com.kms.katalon.core.exception.StepFailedException: Unable to verify text 'Tài khoản của bạn' is present 
	at com.kms.katalon.core.webui.keyword.internal.WebUIKeywordMain.stepFailed(WebUIKeywordMain.groovy:64)
	at com.kms.katalon.core.webui.keyword.internal.WebUIKeywordMain.runKeyword(WebUIKeywordMain.groovy:26)
	at com.kms.katalon.core.webui.keyword.builtin.VerifyTextPresentKeyword.verifyTextPresent(VerifyTextPresentKeyword.groovy:83)
	at com.kms.katalon.core.webui.keyword.builtin.VerifyTextPresentKeyword.execute(VerifyTextPresentKeyword.groovy:68)
	at com.kms.katalon.core.keyword.internal.KeywordExecutor.executeKeywordForPlatform(KeywordExecutor.groovy:74)
	at com.kms.katalon.core.webui.keyword.WebUiBuiltInKeywords.verifyTextPresent(WebUiBuiltInKeywords.groovy:1762)
	at TC_Login.run(TC_Login:40)
	at com.kms.katalon.core.main.ScriptEngine.run(ScriptEngine.java:194)
	at com.kms.katalon.core.main.ScriptEngine.runScriptAsRawText(ScriptEngine.java:119)
	at com.kms.katalon.core.main.TestCaseExecutor.runScript(TestCaseExecutor.java:448)
	at com.kms.katalon.core.main.TestCaseExecutor.doExecute(TestCaseExecutor.java:439)
	at com.kms.katalon.core.main.TestCaseExecutor.processExecutionPhase(TestCaseExecutor.java:418)
	at com.kms.katalon.core.main.TestCaseExecutor.accessMainPhase(TestCaseExecutor.java:410)
	at com.kms.katalon.core.main.TestCaseExecutor.execute(TestCaseExecutor.java:285)
	at com.kms.katalon.core.common.CommonExecutor.accessTestCaseMainPhase(CommonExecutor.java:65)
	at com.kms.katalon.core.main.TestSuiteExecutor.accessTestSuiteMainPhase(TestSuiteExecutor.java:150)
	at com.kms.katalon.core.main.TestSuiteExecutor.execute(TestSuiteExecutor.java:106)
	at com.kms.katalon.core.main.TestCaseMain.startTestSuite(TestCaseMain.java:180)
	at TempTestSuite1716515553701.run(TempTestSuite1716515553701.groovy:35)
	at java.base/jdk.internal.reflect.NativeMethodAccessorImpl.invoke0(Native Method)
	at java.base/jdk.internal.reflect.NativeMethodAccessorImpl.invoke(NativeMethodAccessorImpl.java:77)
	at java.base/jdk.internal.reflect.DelegatingMethodAccessorImpl.invoke(DelegatingMethodAccessorImpl.java:43)
Caused by: com.kms.katalon.core.exception.StepFailedException: Text 'Tài khoản của bạn' is not present on page 
	at com.kms.katalon.core.webui.keyword.internal.WebUIKeywordMain.stepFailed(WebUIKeywordMain.groovy:64)
	at com.kms.katalon.core.webui.keyword.builtin.VerifyTextPresentKeyword$_verifyTextPresent_closure1.doCall(VerifyTextPresentKeyword.groovy:79)
	at com.kms.katalon.core.webui.keyword.builtin.VerifyTextPresentKeyword$_verifyTextPresent_closure1.call(VerifyTextPresentKeyword.groovy)
	at com.kms.katalon.core.webui.keyword.internal.WebUIKeywordMain.runKeyword(WebUIKeywordMain.groovy:20)
	... 20 more
)

24-05-2024T08:55:46 - [MESSAGE][FAILED] - Text 'Tài khoản của bạn' is not present on page  (Root cause: com.kms.katalon.core.exception.StepFailedException: Text 'Tài khoản của bạn' is not present on page 
	at com.kms.katalon.core.webui.keyword.internal.WebUIKeywordMain.stepFailed(WebUIKeywordMain.groovy:64)
	at com.kms.katalon.core.webui.keyword.builtin.VerifyTextPresentKeyword$_verifyTextPresent_closure1.doCall(VerifyTextPresentKeyword.groovy:79)
	at com.kms.katalon.core.webui.keyword.builtin.VerifyTextPresentKeyword$_verifyTextPresent_closure1.call(VerifyTextPresentKeyword.groovy)
	at com.kms.katalon.core.webui.keyword.internal.WebUIKeywordMain.runKeyword(WebUIKeywordMain.groovy:20)
	at com.kms.katalon.core.webui.keyword.builtin.VerifyTextPresentKeyword.verifyTextPresent(VerifyTextPresentKeyword.groovy:83)
	at com.kms.katalon.core.webui.keyword.builtin.VerifyTextPresentKeyword.execute(VerifyTextPresentKeyword.groovy:68)
	at com.kms.katalon.core.keyword.internal.KeywordExecutor.executeKeywordForPlatform(KeywordExecutor.groovy:74)
	at com.kms.katalon.core.webui.keyword.WebUiBuiltInKeywords.verifyTextPresent(WebUiBuiltInKeywords.groovy:1762)
	at TC_Login.run(TC_Login:40)
	at com.kms.katalon.core.main.ScriptEngine.run(ScriptEngine.java:194)
	at com.kms.katalon.core.main.ScriptEngine.runScriptAsRawText(ScriptEngine.java:119)
	at com.kms.katalon.core.main.TestCaseExecutor.runScript(TestCaseExecutor.java:448)
	at com.kms.katalon.core.main.TestCaseExecutor.doExecute(TestCaseExecutor.java:439)
	at com.kms.katalon.core.main.TestCaseExecutor.processExecutionPhase(TestCaseExecutor.java:418)
	at com.kms.katalon.core.main.TestCaseExecutor.accessMainPhase(TestCaseExecutor.java:410)
	at com.kms.katalon.core.main.TestCaseExecutor.execute(TestCaseExecutor.java:285)
	at com.kms.katalon.core.common.CommonExecutor.accessTestCaseMainPhase(CommonExecutor.java:65)
	at com.kms.katalon.core.main.TestSuiteExecutor.accessTestSuiteMainPhase(TestSuiteExecutor.java:150)
	at com.kms.katalon.core.main.TestSuiteExecutor.execute(TestSuiteExecutor.java:106)
	at com.kms.katalon.core.main.TestCaseMain.startTestSuite(TestCaseMain.java:180)
	at TempTestSuite1716515553701.run(TempTestSuite1716515553701.groovy:35)
	at java.base/jdk.internal.reflect.NativeMethodAccessorImpl.invoke0(Native Method)
	at java.base/jdk.internal.reflect.NativeMethodAccessorImpl.invoke(NativeMethodAccessorImpl.java:77)
	at java.base/jdk.internal.reflect.DelegatingMethodAccessorImpl.invoke(DelegatingMethodAccessorImpl.java:43)
)

24-05-2024T08:55:47 - [MESSAGE][FAILED] - Unable to verify text 'Tài khoản của bạn' is present  (Root cause: com.kms.katalon.core.exception.StepFailedException: Unable to verify text 'Tài khoản của bạn' is present 
	at com.kms.katalon.core.webui.keyword.internal.WebUIKeywordMain.stepFailed(WebUIKeywordMain.groovy:64)
	at com.kms.katalon.core.webui.keyword.internal.WebUIKeywordMain.runKeyword(WebUIKeywordMain.groovy:26)
	at com.kms.katalon.core.webui.keyword.builtin.VerifyTextPresentKeyword.verifyTextPresent(VerifyTextPresentKeyword.groovy:83)
	at com.kms.katalon.core.webui.keyword.builtin.VerifyTextPresentKeyword.execute(VerifyTextPresentKeyword.groovy:68)
	at com.kms.katalon.core.keyword.internal.KeywordExecutor.executeKeywordForPlatform(KeywordExecutor.groovy:74)
	at com.kms.katalon.core.webui.keyword.WebUiBuiltInKeywords.verifyTextPresent(WebUiBuiltInKeywords.groovy:1762)
	at TC_Login.run(TC_Login:40)
	at com.kms.katalon.core.main.ScriptEngine.run(ScriptEngine.java:194)
	at com.kms.katalon.core.main.ScriptEngine.runScriptAsRawText(ScriptEngine.java:119)
	at com.kms.katalon.core.main.TestCaseExecutor.runScript(TestCaseExecutor.java:448)
	at com.kms.katalon.core.main.TestCaseExecutor.doExecute(TestCaseExecutor.java:439)
	at com.kms.katalon.core.main.TestCaseExecutor.processExecutionPhase(TestCaseExecutor.java:418)
	at com.kms.katalon.core.main.TestCaseExecutor.accessMainPhase(TestCaseExecutor.java:410)
	at com.kms.katalon.core.main.TestCaseExecutor.execute(TestCaseExecutor.java:285)
	at com.kms.katalon.core.common.CommonExecutor.accessTestCaseMainPhase(CommonExecutor.java:65)
	at com.kms.katalon.core.main.TestSuiteExecutor.accessTestSuiteMainPhase(TestSuiteExecutor.java:150)
	at com.kms.katalon.core.main.TestSuiteExecutor.execute(TestSuiteExecutor.java:106)
	at com.kms.katalon.core.main.TestCaseMain.startTestSuite(TestCaseMain.java:180)
	at TempTestSuite1716515553701.run(TempTestSuite1716515553701.groovy:35)
	at java.base/jdk.internal.reflect.NativeMethodAccessorImpl.invoke0(Native Method)
	at java.base/jdk.internal.reflect.NativeMethodAccessorImpl.invoke(NativeMethodAccessorImpl.java:77)
	at java.base/jdk.internal.reflect.DelegatingMethodAccessorImpl.invoke(DelegatingMethodAccessorImpl.java:43)
Caused by: com.kms.katalon.core.exception.StepFailedException: Text 'Tài khoản của bạn' is not present on page 
	at com.kms.katalon.core.webui.keyword.internal.WebUIKeywordMain.stepFailed(WebUIKeywordMain.groovy:64)
	at com.kms.katalon.core.webui.keyword.builtin.VerifyTextPresentKeyword$_verifyTextPresent_closure1.doCall(VerifyTextPresentKeyword.groovy:79)
	at com.kms.katalon.core.webui.keyword.builtin.VerifyTextPresentKeyword$_verifyTextPresent_closure1.call(VerifyTextPresentKeyword.groovy)
	at com.kms.katalon.core.webui.keyword.internal.WebUIKeywordMain.runKeyword(WebUIKeywordMain.groovy:20)
	... 20 more
)
[[ATTACHMENT|C:\\Users\\PC\\Katalon Studio\\Hasaki\\Reports\\20240524_085233\\Login\\20240524_085233\\1716515746670.png]]]]></system-out>
         <system-err><![CDATA[24-05-2024T08:55:30 - [TEST_CASE][FAILED] - Test Cases/TC_Login: Test Cases/TC_Login FAILED.
Reason:
com.kms.katalon.core.exception.StepFailedException: Unable to verify text 'Tài khoản của bạn' is present 
	at com.kms.katalon.core.webui.keyword.internal.WebUIKeywordMain.stepFailed(WebUIKeywordMain.groovy:64)
	at com.kms.katalon.core.webui.keyword.internal.WebUIKeywordMain.runKeyword(WebUIKeywordMain.groovy:26)
	at com.kms.katalon.core.webui.keyword.builtin.VerifyTextPresentKeyword.verifyTextPresent(VerifyTextPresentKeyword.groovy:83)
	at com.kms.katalon.core.webui.keyword.builtin.VerifyTextPresentKeyword.execute(VerifyTextPresentKeyword.groovy:68)
	at com.kms.katalon.core.keyword.internal.KeywordExecutor.executeKeywordForPlatform(KeywordExecutor.groovy:74)
	at com.kms.katalon.core.webui.keyword.WebUiBuiltInKeywords.verifyTextPresent(WebUiBuiltInKeywords.groovy:1762)
	at TC_Login.run(TC_Login:40)
	at com.kms.katalon.core.main.ScriptEngine.run(ScriptEngine.java:194)
	at com.kms.katalon.core.main.ScriptEngine.runScriptAsRawText(ScriptEngine.java:119)
	at com.kms.katalon.core.main.TestCaseExecutor.runScript(TestCaseExecutor.java:448)
	at com.kms.katalon.core.main.TestCaseExecutor.doExecute(TestCaseExecutor.java:439)
	at com.kms.katalon.core.main.TestCaseExecutor.processExecutionPhase(TestCaseExecutor.java:418)
	at com.kms.katalon.core.main.TestCaseExecutor.accessMainPhase(TestCaseExecutor.java:410)
	at com.kms.katalon.core.main.TestCaseExecutor.execute(TestCaseExecutor.java:285)
	at com.kms.katalon.core.common.CommonExecutor.accessTestCaseMainPhase(CommonExecutor.java:65)
	at com.kms.katalon.core.main.TestSuiteExecutor.accessTestSuiteMainPhase(TestSuiteExecutor.java:150)
	at com.kms.katalon.core.main.TestSuiteExecutor.execute(TestSuiteExecutor.java:106)
	at com.kms.katalon.core.main.TestCaseMain.startTestSuite(TestCaseMain.java:180)
	at TempTestSuite1716515553701.run(TempTestSuite1716515553701.groovy:35)
	at java.base/jdk.internal.reflect.NativeMethodAccessorImpl.invoke0(Native Method)
	at java.base/jdk.internal.reflect.NativeMethodAccessorImpl.invoke(NativeMethodAccessorImpl.java:77)
	at java.base/jdk.internal.reflect.DelegatingMethodAccessorImpl.invoke(DelegatingMethodAccessorImpl.java:43)
Caused by: com.kms.katalon.core.exception.StepFailedException: Text 'Tài khoản của bạn' is not present on page 
	at com.kms.katalon.core.webui.keyword.internal.WebUIKeywordMain.stepFailed(WebUIKeywordMain.groovy:64)
	at com.kms.katalon.core.webui.keyword.builtin.VerifyTextPresentKeyword$_verifyTextPresent_closure1.doCall(VerifyTextPresentKeyword.groovy:79)
	at com.kms.katalon.core.webui.keyword.builtin.VerifyTextPresentKeyword$_verifyTextPresent_closure1.call(VerifyTextPresentKeyword.groovy)
	at com.kms.katalon.core.webui.keyword.internal.WebUIKeywordMain.runKeyword(WebUIKeywordMain.groovy:20)
	... 20 more]]></system-err>
      </testcase>
      <testcase name="Test Cases/TC_Login" time="16.331" classname="Test Cases/TC_Login" status="FAILED">
         <failure type="FAILED" message="Test Cases/TC_Login FAILED.&#xa;Reason:&#xa;com.kms.katalon.core.exception.StepFailedException: Unable to verify text 'Tên đăng nhập không khớp !' is present &#xa;	at com.kms.katalon.core.webui.keyword.internal.WebUIKeywordMain.stepFailed(WebUIKeywordMain.groovy:64)&#xa;	at com.kms.katalon.core.webui.keyword.internal.WebUIKeywordMain.runKeyword(WebUIKeywordMain.groovy:26)&#xa;	at com.kms.katalon.core.webui.keyword.builtin.VerifyTextPresentKeyword.verifyTextPresent(VerifyTextPresentKeyword.groovy:83)&#xa;	at com.kms.katalon.core.webui.keyword.builtin.VerifyTextPresentKeyword.execute(VerifyTextPresentKeyword.groovy:68)&#xa;	at com.kms.katalon.core.keyword.internal.KeywordExecutor.executeKeywordForPlatform(KeywordExecutor.groovy:74)&#xa;	at com.kms.katalon.core.webui.keyword.WebUiBuiltInKeywords.verifyTextPresent(WebUiBuiltInKeywords.groovy:1762)&#xa;	at TC_Login.run(TC_Login:40)&#xa;	at com.kms.katalon.core.main.ScriptEngine.run(ScriptEngine.java:194)&#xa;	at com.kms.katalon.core.main.ScriptEngine.runScriptAsRawText(ScriptEngine.java:119)&#xa;	at com.kms.katalon.core.main.TestCaseExecutor.runScript(TestCaseExecutor.java:448)&#xa;	at com.kms.katalon.core.main.TestCaseExecutor.doExecute(TestCaseExecutor.java:439)&#xa;	at com.kms.katalon.core.main.TestCaseExecutor.processExecutionPhase(TestCaseExecutor.java:418)&#xa;	at com.kms.katalon.core.main.TestCaseExecutor.accessMainPhase(TestCaseExecutor.java:410)&#xa;	at com.kms.katalon.core.main.TestCaseExecutor.execute(TestCaseExecutor.java:285)&#xa;	at com.kms.katalon.core.common.CommonExecutor.accessTestCaseMainPhase(CommonExecutor.java:65)&#xa;	at com.kms.katalon.core.main.TestSuiteExecutor.accessTestSuiteMainPhase(TestSuiteExecutor.java:150)&#xa;	at com.kms.katalon.core.main.TestSuiteExecutor.execute(TestSuiteExecutor.java:106)&#xa;	at com.kms.katalon.core.main.TestCaseMain.startTestSuite(TestCaseMain.java:180)&#xa;	at TempTestSuite1716515553701.run(TempTestSuite1716515553701.groovy:35)&#xa;	at java.base/jdk.internal.reflect.NativeMethodAccessorImpl.invoke0(Native Method)&#xa;	at java.base/jdk.internal.reflect.NativeMethodAccessorImpl.invoke(NativeMethodAccessorImpl.java:77)&#xa;	at java.base/jdk.internal.reflect.DelegatingMethodAccessorImpl.invoke(DelegatingMethodAccessorImpl.java:43)&#xa;Caused by: com.kms.katalon.core.exception.StepFailedException: Text 'Tên đăng nhập không khớp !' is not present on page &#xa;	at com.kms.katalon.core.webui.keyword.internal.WebUIKeywordMain.stepFailed(WebUIKeywordMain.groovy:64)&#xa;	at com.kms.katalon.core.webui.keyword.builtin.VerifyTextPresentKeyword$_verifyTextPresent_closure1.doCall(VerifyTextPresentKeyword.groovy:79)&#xa;	at com.kms.katalon.core.webui.keyword.builtin.VerifyTextPresentKeyword$_verifyTextPresent_closure1.call(VerifyTextPresentKeyword.groovy)&#xa;	at com.kms.katalon.core.webui.keyword.internal.WebUIKeywordMain.runKeyword(WebUIKeywordMain.groovy:20)&#xa;	... 20 more&#xa;"/>
         <system-out><![CDATA[24-05-2024T08:55:47 - [TEST_CASE][FAILED] - Test Cases/TC_Login: Test Cases/TC_Login FAILED.
Reason:
com.kms.katalon.core.exception.StepFailedException: Unable to verify text 'Tên đăng nhập không khớp !' is present 
	at com.kms.katalon.core.webui.keyword.internal.WebUIKeywordMain.stepFailed(WebUIKeywordMain.groovy:64)
	at com.kms.katalon.core.webui.keyword.internal.WebUIKeywordMain.runKeyword(WebUIKeywordMain.groovy:26)
	at com.kms.katalon.core.webui.keyword.builtin.VerifyTextPresentKeyword.verifyTextPresent(VerifyTextPresentKeyword.groovy:83)
	at com.kms.katalon.core.webui.keyword.builtin.VerifyTextPresentKeyword.execute(VerifyTextPresentKeyword.groovy:68)
	at com.kms.katalon.core.keyword.internal.KeywordExecutor.executeKeywordForPlatform(KeywordExecutor.groovy:74)
	at com.kms.katalon.core.webui.keyword.WebUiBuiltInKeywords.verifyTextPresent(WebUiBuiltInKeywords.groovy:1762)
	at TC_Login.run(TC_Login:40)
	at com.kms.katalon.core.main.ScriptEngine.run(ScriptEngine.java:194)
	at com.kms.katalon.core.main.ScriptEngine.runScriptAsRawText(ScriptEngine.java:119)
	at com.kms.katalon.core.main.TestCaseExecutor.runScript(TestCaseExecutor.java:448)
	at com.kms.katalon.core.main.TestCaseExecutor.doExecute(TestCaseExecutor.java:439)
	at com.kms.katalon.core.main.TestCaseExecutor.processExecutionPhase(TestCaseExecutor.java:418)
	at com.kms.katalon.core.main.TestCaseExecutor.accessMainPhase(TestCaseExecutor.java:410)
	at com.kms.katalon.core.main.TestCaseExecutor.execute(TestCaseExecutor.java:285)
	at com.kms.katalon.core.common.CommonExecutor.accessTestCaseMainPhase(CommonExecutor.java:65)
	at com.kms.katalon.core.main.TestSuiteExecutor.accessTestSuiteMainPhase(TestSuiteExecutor.java:150)
	at com.kms.katalon.core.main.TestSuiteExecutor.execute(TestSuiteExecutor.java:106)
	at com.kms.katalon.core.main.TestCaseMain.startTestSuite(TestCaseMain.java:180)
	at TempTestSuite1716515553701.run(TempTestSuite1716515553701.groovy:35)
	at java.base/jdk.internal.reflect.NativeMethodAccessorImpl.invoke0(Native Method)
	at java.base/jdk.internal.reflect.NativeMethodAccessorImpl.invoke(NativeMethodAccessorImpl.java:77)
	at java.base/jdk.internal.reflect.DelegatingMethodAccessorImpl.invoke(DelegatingMethodAccessorImpl.java:43)
Caused by: com.kms.katalon.core.exception.StepFailedException: Text 'Tên đăng nhập không khớp !' is not present on page 
	at com.kms.katalon.core.webui.keyword.internal.WebUIKeywordMain.stepFailed(WebUIKeywordMain.groovy:64)
	at com.kms.katalon.core.webui.keyword.builtin.VerifyTextPresentKeyword$_verifyTextPresent_closure1.doCall(VerifyTextPresentKeyword.groovy:79)
	at com.kms.katalon.core.webui.keyword.builtin.VerifyTextPresentKeyword$_verifyTextPresent_closure1.call(VerifyTextPresentKeyword.groovy)
	at com.kms.katalon.core.webui.keyword.internal.WebUIKeywordMain.runKeyword(WebUIKeywordMain.groovy:20)
	... 20 more


24-05-2024T08:55:47 - [TEST_STEP][PASSED] - openBrowser(""): Browser is opened with url: ''

24-05-2024T08:55:47 - [MESSAGE][WARNING] - A browser is already opened. Closing browser and opening a new one

24-05-2024T08:55:47 - [MESSAGE][INFO] - Starting 'Chrome' driver

24-05-2024T08:55:47 - [MESSAGE][INFO] - Action delay is set to 0 milliseconds

24-05-2024T08:55:48 - [MESSAGE][PASSED] - Browser is opened with url: ''

24-05-2024T08:55:48 - [TEST_STEP][PASSED] - navigateToUrl("https://hasaki.vn/"): Navigate to 'https://hasaki.vn/' successfully

24-05-2024T08:55:51 - [MESSAGE][PASSED] - Navigate to 'https://hasaki.vn/' successfully

24-05-2024T08:55:51 - [TEST_STEP][PASSED] - maximizeWindow(): Current window maximized

24-05-2024T08:55:52 - [MESSAGE][PASSED] - Current window maximized

24-05-2024T08:55:52 - [TEST_STEP][PASSED] - click(findTestObject("Page_Login/button_Yes_KhuyenMai")): Object: 'Object Repository/Page_Login/button_Yes_KhuyenMai' is clicked on

24-05-2024T08:55:53 - [MESSAGE][PASSED] - Object: 'Object Repository/Page_Login/button_Yes_KhuyenMai' is clicked on

24-05-2024T08:55:53 - [TEST_STEP][PASSED] - click(findTestObject("Page_Login/img_Page")): Object: 'Object Repository/Page_Login/img_Page' is clicked on

24-05-2024T08:55:54 - [MESSAGE][PASSED] - Object: 'Object Repository/Page_Login/img_Page' is clicked on

24-05-2024T08:55:54 - [TEST_STEP][PASSED] - click(findTestObject("Page_Login/Link_Login")): Object: 'Object Repository/Page_Login/Link_Login' is clicked on

24-05-2024T08:55:54 - [MESSAGE][PASSED] - Object: 'Object Repository/Page_Login/Link_Login' is clicked on

24-05-2024T08:55:54 - [TEST_STEP][PASSED] - setText(findTestObject("Page_Login/input_username"), username): Text '0111111111' is set on object 'Object Repository/Page_Login/input_username'

24-05-2024T08:55:56 - [MESSAGE][PASSED] - Text '0111111111' is set on object 'Object Repository/Page_Login/input_username'

24-05-2024T08:55:56 - [TEST_STEP][PASSED] - setText(findTestObject("Page_Login/input_password"), password): Text 'sđtkotontai' is set on object 'Object Repository/Page_Login/input_password'

24-05-2024T08:55:57 - [MESSAGE][PASSED] - Text 'sđtkotontai' is set on object 'Object Repository/Page_Login/input_password'

24-05-2024T08:55:57 - [TEST_STEP][PASSED] - click(findTestObject("Page_Login/button_Login")): Object: 'Object Repository/Page_Login/button_Login' is clicked on

24-05-2024T08:55:57 - [MESSAGE][PASSED] - Object: 'Object Repository/Page_Login/button_Login' is clicked on

24-05-2024T08:55:57 - [TEST_STEP][PASSED] - delay(3): Delayed 3 second(s)

24-05-2024T08:56:00 - [MESSAGE][PASSED] - Delayed 3 second(s)

24-05-2024T08:56:00 - [TEST_STEP][FAILED] - verifyTextPresent(Expected, false): Unable to verify text 'Tên đăng nhập không khớp !' is present  (Root cause: com.kms.katalon.core.exception.StepFailedException: Unable to verify text 'Tên đăng nhập không khớp !' is present 
	at com.kms.katalon.core.webui.keyword.internal.WebUIKeywordMain.stepFailed(WebUIKeywordMain.groovy:64)
	at com.kms.katalon.core.webui.keyword.internal.WebUIKeywordMain.runKeyword(WebUIKeywordMain.groovy:26)
	at com.kms.katalon.core.webui.keyword.builtin.VerifyTextPresentKeyword.verifyTextPresent(VerifyTextPresentKeyword.groovy:83)
	at com.kms.katalon.core.webui.keyword.builtin.VerifyTextPresentKeyword.execute(VerifyTextPresentKeyword.groovy:68)
	at com.kms.katalon.core.keyword.internal.KeywordExecutor.executeKeywordForPlatform(KeywordExecutor.groovy:74)
	at com.kms.katalon.core.webui.keyword.WebUiBuiltInKeywords.verifyTextPresent(WebUiBuiltInKeywords.groovy:1762)
	at TC_Login.run(TC_Login:40)
	at com.kms.katalon.core.main.ScriptEngine.run(ScriptEngine.java:194)
	at com.kms.katalon.core.main.ScriptEngine.runScriptAsRawText(ScriptEngine.java:119)
	at com.kms.katalon.core.main.TestCaseExecutor.runScript(TestCaseExecutor.java:448)
	at com.kms.katalon.core.main.TestCaseExecutor.doExecute(TestCaseExecutor.java:439)
	at com.kms.katalon.core.main.TestCaseExecutor.processExecutionPhase(TestCaseExecutor.java:418)
	at com.kms.katalon.core.main.TestCaseExecutor.accessMainPhase(TestCaseExecutor.java:410)
	at com.kms.katalon.core.main.TestCaseExecutor.execute(TestCaseExecutor.java:285)
	at com.kms.katalon.core.common.CommonExecutor.accessTestCaseMainPhase(CommonExecutor.java:65)
	at com.kms.katalon.core.main.TestSuiteExecutor.accessTestSuiteMainPhase(TestSuiteExecutor.java:150)
	at com.kms.katalon.core.main.TestSuiteExecutor.execute(TestSuiteExecutor.java:106)
	at com.kms.katalon.core.main.TestCaseMain.startTestSuite(TestCaseMain.java:180)
	at TempTestSuite1716515553701.run(TempTestSuite1716515553701.groovy:35)
	at java.base/jdk.internal.reflect.NativeMethodAccessorImpl.invoke0(Native Method)
	at java.base/jdk.internal.reflect.NativeMethodAccessorImpl.invoke(NativeMethodAccessorImpl.java:77)
	at java.base/jdk.internal.reflect.DelegatingMethodAccessorImpl.invoke(DelegatingMethodAccessorImpl.java:43)
Caused by: com.kms.katalon.core.exception.StepFailedException: Text 'Tên đăng nhập không khớp !' is not present on page 
	at com.kms.katalon.core.webui.keyword.internal.WebUIKeywordMain.stepFailed(WebUIKeywordMain.groovy:64)
	at com.kms.katalon.core.webui.keyword.builtin.VerifyTextPresentKeyword$_verifyTextPresent_closure1.doCall(VerifyTextPresentKeyword.groovy:79)
	at com.kms.katalon.core.webui.keyword.builtin.VerifyTextPresentKeyword$_verifyTextPresent_closure1.call(VerifyTextPresentKeyword.groovy)
	at com.kms.katalon.core.webui.keyword.internal.WebUIKeywordMain.runKeyword(WebUIKeywordMain.groovy:20)
	... 20 more
)

24-05-2024T08:56:03 - [MESSAGE][FAILED] - Text 'Tên đăng nhập không khớp !' is not present on page  (Root cause: com.kms.katalon.core.exception.StepFailedException: Text 'Tên đăng nhập không khớp !' is not present on page 
	at com.kms.katalon.core.webui.keyword.internal.WebUIKeywordMain.stepFailed(WebUIKeywordMain.groovy:64)
	at com.kms.katalon.core.webui.keyword.builtin.VerifyTextPresentKeyword$_verifyTextPresent_closure1.doCall(VerifyTextPresentKeyword.groovy:79)
	at com.kms.katalon.core.webui.keyword.builtin.VerifyTextPresentKeyword$_verifyTextPresent_closure1.call(VerifyTextPresentKeyword.groovy)
	at com.kms.katalon.core.webui.keyword.internal.WebUIKeywordMain.runKeyword(WebUIKeywordMain.groovy:20)
	at com.kms.katalon.core.webui.keyword.builtin.VerifyTextPresentKeyword.verifyTextPresent(VerifyTextPresentKeyword.groovy:83)
	at com.kms.katalon.core.webui.keyword.builtin.VerifyTextPresentKeyword.execute(VerifyTextPresentKeyword.groovy:68)
	at com.kms.katalon.core.keyword.internal.KeywordExecutor.executeKeywordForPlatform(KeywordExecutor.groovy:74)
	at com.kms.katalon.core.webui.keyword.WebUiBuiltInKeywords.verifyTextPresent(WebUiBuiltInKeywords.groovy:1762)
	at TC_Login.run(TC_Login:40)
	at com.kms.katalon.core.main.ScriptEngine.run(ScriptEngine.java:194)
	at com.kms.katalon.core.main.ScriptEngine.runScriptAsRawText(ScriptEngine.java:119)
	at com.kms.katalon.core.main.TestCaseExecutor.runScript(TestCaseExecutor.java:448)
	at com.kms.katalon.core.main.TestCaseExecutor.doExecute(TestCaseExecutor.java:439)
	at com.kms.katalon.core.main.TestCaseExecutor.processExecutionPhase(TestCaseExecutor.java:418)
	at com.kms.katalon.core.main.TestCaseExecutor.accessMainPhase(TestCaseExecutor.java:410)
	at com.kms.katalon.core.main.TestCaseExecutor.execute(TestCaseExecutor.java:285)
	at com.kms.katalon.core.common.CommonExecutor.accessTestCaseMainPhase(CommonExecutor.java:65)
	at com.kms.katalon.core.main.TestSuiteExecutor.accessTestSuiteMainPhase(TestSuiteExecutor.java:150)
	at com.kms.katalon.core.main.TestSuiteExecutor.execute(TestSuiteExecutor.java:106)
	at com.kms.katalon.core.main.TestCaseMain.startTestSuite(TestCaseMain.java:180)
	at TempTestSuite1716515553701.run(TempTestSuite1716515553701.groovy:35)
	at java.base/jdk.internal.reflect.NativeMethodAccessorImpl.invoke0(Native Method)
	at java.base/jdk.internal.reflect.NativeMethodAccessorImpl.invoke(NativeMethodAccessorImpl.java:77)
	at java.base/jdk.internal.reflect.DelegatingMethodAccessorImpl.invoke(DelegatingMethodAccessorImpl.java:43)
)

24-05-2024T08:56:03 - [MESSAGE][FAILED] - Unable to verify text 'Tên đăng nhập không khớp !' is present  (Root cause: com.kms.katalon.core.exception.StepFailedException: Unable to verify text 'Tên đăng nhập không khớp !' is present 
	at com.kms.katalon.core.webui.keyword.internal.WebUIKeywordMain.stepFailed(WebUIKeywordMain.groovy:64)
	at com.kms.katalon.core.webui.keyword.internal.WebUIKeywordMain.runKeyword(WebUIKeywordMain.groovy:26)
	at com.kms.katalon.core.webui.keyword.builtin.VerifyTextPresentKeyword.verifyTextPresent(VerifyTextPresentKeyword.groovy:83)
	at com.kms.katalon.core.webui.keyword.builtin.VerifyTextPresentKeyword.execute(VerifyTextPresentKeyword.groovy:68)
	at com.kms.katalon.core.keyword.internal.KeywordExecutor.executeKeywordForPlatform(KeywordExecutor.groovy:74)
	at com.kms.katalon.core.webui.keyword.WebUiBuiltInKeywords.verifyTextPresent(WebUiBuiltInKeywords.groovy:1762)
	at TC_Login.run(TC_Login:40)
	at com.kms.katalon.core.main.ScriptEngine.run(ScriptEngine.java:194)
	at com.kms.katalon.core.main.ScriptEngine.runScriptAsRawText(ScriptEngine.java:119)
	at com.kms.katalon.core.main.TestCaseExecutor.runScript(TestCaseExecutor.java:448)
	at com.kms.katalon.core.main.TestCaseExecutor.doExecute(TestCaseExecutor.java:439)
	at com.kms.katalon.core.main.TestCaseExecutor.processExecutionPhase(TestCaseExecutor.java:418)
	at com.kms.katalon.core.main.TestCaseExecutor.accessMainPhase(TestCaseExecutor.java:410)
	at com.kms.katalon.core.main.TestCaseExecutor.execute(TestCaseExecutor.java:285)
	at com.kms.katalon.core.common.CommonExecutor.accessTestCaseMainPhase(CommonExecutor.java:65)
	at com.kms.katalon.core.main.TestSuiteExecutor.accessTestSuiteMainPhase(TestSuiteExecutor.java:150)
	at com.kms.katalon.core.main.TestSuiteExecutor.execute(TestSuiteExecutor.java:106)
	at com.kms.katalon.core.main.TestCaseMain.startTestSuite(TestCaseMain.java:180)
	at TempTestSuite1716515553701.run(TempTestSuite1716515553701.groovy:35)
	at java.base/jdk.internal.reflect.NativeMethodAccessorImpl.invoke0(Native Method)
	at java.base/jdk.internal.reflect.NativeMethodAccessorImpl.invoke(NativeMethodAccessorImpl.java:77)
	at java.base/jdk.internal.reflect.DelegatingMethodAccessorImpl.invoke(DelegatingMethodAccessorImpl.java:43)
Caused by: com.kms.katalon.core.exception.StepFailedException: Text 'Tên đăng nhập không khớp !' is not present on page 
	at com.kms.katalon.core.webui.keyword.internal.WebUIKeywordMain.stepFailed(WebUIKeywordMain.groovy:64)
	at com.kms.katalon.core.webui.keyword.builtin.VerifyTextPresentKeyword$_verifyTextPresent_closure1.doCall(VerifyTextPresentKeyword.groovy:79)
	at com.kms.katalon.core.webui.keyword.builtin.VerifyTextPresentKeyword$_verifyTextPresent_closure1.call(VerifyTextPresentKeyword.groovy)
	at com.kms.katalon.core.webui.keyword.internal.WebUIKeywordMain.runKeyword(WebUIKeywordMain.groovy:20)
	... 20 more
)
[[ATTACHMENT|C:\\Users\\PC\\Katalon Studio\\Hasaki\\Reports\\20240524_085233\\Login\\20240524_085233\\1716515763195.png]]]]></system-out>
         <system-err><![CDATA[24-05-2024T08:55:47 - [TEST_CASE][FAILED] - Test Cases/TC_Login: Test Cases/TC_Login FAILED.
Reason:
com.kms.katalon.core.exception.StepFailedException: Unable to verify text 'Tên đăng nhập không khớp !' is present 
	at com.kms.katalon.core.webui.keyword.internal.WebUIKeywordMain.stepFailed(WebUIKeywordMain.groovy:64)
	at com.kms.katalon.core.webui.keyword.internal.WebUIKeywordMain.runKeyword(WebUIKeywordMain.groovy:26)
	at com.kms.katalon.core.webui.keyword.builtin.VerifyTextPresentKeyword.verifyTextPresent(VerifyTextPresentKeyword.groovy:83)
	at com.kms.katalon.core.webui.keyword.builtin.VerifyTextPresentKeyword.execute(VerifyTextPresentKeyword.groovy:68)
	at com.kms.katalon.core.keyword.internal.KeywordExecutor.executeKeywordForPlatform(KeywordExecutor.groovy:74)
	at com.kms.katalon.core.webui.keyword.WebUiBuiltInKeywords.verifyTextPresent(WebUiBuiltInKeywords.groovy:1762)
	at TC_Login.run(TC_Login:40)
	at com.kms.katalon.core.main.ScriptEngine.run(ScriptEngine.java:194)
	at com.kms.katalon.core.main.ScriptEngine.runScriptAsRawText(ScriptEngine.java:119)
	at com.kms.katalon.core.main.TestCaseExecutor.runScript(TestCaseExecutor.java:448)
	at com.kms.katalon.core.main.TestCaseExecutor.doExecute(TestCaseExecutor.java:439)
	at com.kms.katalon.core.main.TestCaseExecutor.processExecutionPhase(TestCaseExecutor.java:418)
	at com.kms.katalon.core.main.TestCaseExecutor.accessMainPhase(TestCaseExecutor.java:410)
	at com.kms.katalon.core.main.TestCaseExecutor.execute(TestCaseExecutor.java:285)
	at com.kms.katalon.core.common.CommonExecutor.accessTestCaseMainPhase(CommonExecutor.java:65)
	at com.kms.katalon.core.main.TestSuiteExecutor.accessTestSuiteMainPhase(TestSuiteExecutor.java:150)
	at com.kms.katalon.core.main.TestSuiteExecutor.execute(TestSuiteExecutor.java:106)
	at com.kms.katalon.core.main.TestCaseMain.startTestSuite(TestCaseMain.java:180)
	at TempTestSuite1716515553701.run(TempTestSuite1716515553701.groovy:35)
	at java.base/jdk.internal.reflect.NativeMethodAccessorImpl.invoke0(Native Method)
	at java.base/jdk.internal.reflect.NativeMethodAccessorImpl.invoke(NativeMethodAccessorImpl.java:77)
	at java.base/jdk.internal.reflect.DelegatingMethodAccessorImpl.invoke(DelegatingMethodAccessorImpl.java:43)
Caused by: com.kms.katalon.core.exception.StepFailedException: Text 'Tên đăng nhập không khớp !' is not present on page 
	at com.kms.katalon.core.webui.keyword.internal.WebUIKeywordMain.stepFailed(WebUIKeywordMain.groovy:64)
	at com.kms.katalon.core.webui.keyword.builtin.VerifyTextPresentKeyword$_verifyTextPresent_closure1.doCall(VerifyTextPresentKeyword.groovy:79)
	at com.kms.katalon.core.webui.keyword.builtin.VerifyTextPresentKeyword$_verifyTextPresent_closure1.call(VerifyTextPresentKeyword.groovy)
	at com.kms.katalon.core.webui.keyword.internal.WebUIKeywordMain.runKeyword(WebUIKeywordMain.groovy:20)
	... 20 more]]></system-err>
      </testcase>
      <testcase name="Test Cases/TC_Login" time="15.813" classname="Test Cases/TC_Login" status="PASSED">
         <system-out><![CDATA[24-05-2024T08:56:03 - [TEST_CASE][PASSED] - Test Cases/TC_Login: Test Cases/TC_Login

24-05-2024T08:56:03 - [TEST_STEP][PASSED] - openBrowser(""): Browser is opened with url: ''

24-05-2024T08:56:03 - [MESSAGE][WARNING] - A browser is already opened. Closing browser and opening a new one

24-05-2024T08:56:04 - [MESSAGE][INFO] - Starting 'Chrome' driver

24-05-2024T08:56:04 - [MESSAGE][INFO] - Action delay is set to 0 milliseconds

24-05-2024T08:56:05 - [MESSAGE][PASSED] - Browser is opened with url: ''

24-05-2024T08:56:05 - [TEST_STEP][PASSED] - navigateToUrl("https://hasaki.vn/"): Navigate to 'https://hasaki.vn/' successfully

24-05-2024T08:56:08 - [MESSAGE][PASSED] - Navigate to 'https://hasaki.vn/' successfully

24-05-2024T08:56:08 - [TEST_STEP][PASSED] - maximizeWindow(): Current window maximized

24-05-2024T08:56:08 - [MESSAGE][PASSED] - Current window maximized

24-05-2024T08:56:08 - [TEST_STEP][PASSED] - click(findTestObject("Page_Login/button_Yes_KhuyenMai")): Object: 'Object Repository/Page_Login/button_Yes_KhuyenMai' is clicked on

24-05-2024T08:56:09 - [MESSAGE][PASSED] - Object: 'Object Repository/Page_Login/button_Yes_KhuyenMai' is clicked on

24-05-2024T08:56:09 - [TEST_STEP][PASSED] - click(findTestObject("Page_Login/img_Page")): Object: 'Object Repository/Page_Login/img_Page' is clicked on

24-05-2024T08:56:10 - [MESSAGE][PASSED] - Object: 'Object Repository/Page_Login/img_Page' is clicked on

24-05-2024T08:56:10 - [TEST_STEP][PASSED] - click(findTestObject("Page_Login/Link_Login")): Object: 'Object Repository/Page_Login/Link_Login' is clicked on

24-05-2024T08:56:10 - [MESSAGE][PASSED] - Object: 'Object Repository/Page_Login/Link_Login' is clicked on

24-05-2024T08:56:10 - [TEST_STEP][PASSED] - setText(findTestObject("Page_Login/input_username"), username): Text 'thuphuongtot@gmail.com' is set on object 'Object Repository/Page_Login/input_username'

24-05-2024T08:56:12 - [MESSAGE][PASSED] - Text 'thuphuongtot@gmail.com' is set on object 'Object Repository/Page_Login/input_username'

24-05-2024T08:56:12 - [TEST_STEP][PASSED] - setText(findTestObject("Page_Login/input_password"), password): Text '' is set on object 'Object Repository/Page_Login/input_password'

24-05-2024T08:56:13 - [MESSAGE][PASSED] - Text '' is set on object 'Object Repository/Page_Login/input_password'

24-05-2024T08:56:13 - [TEST_STEP][PASSED] - click(findTestObject("Page_Login/button_Login")): Object: 'Object Repository/Page_Login/button_Login' is clicked on

24-05-2024T08:56:14 - [MESSAGE][PASSED] - Object: 'Object Repository/Page_Login/button_Login' is clicked on

24-05-2024T08:56:14 - [TEST_STEP][PASSED] - delay(3): Delayed 3 second(s)

24-05-2024T08:56:17 - [MESSAGE][PASSED] - Delayed 3 second(s)

24-05-2024T08:56:17 - [TEST_STEP][PASSED] - verifyTextPresent(Expected, false): Text 'Vui lòng nhập mật khẩu' is present on page 

24-05-2024T08:56:18 - [MESSAGE][PASSED] - Text 'Vui lòng nhập mật khẩu' is present on page 

24-05-2024T08:56:18 - [TEST_STEP][PASSED] - closeBrowser(): Browser is closed

24-05-2024T08:56:19 - [MESSAGE][PASSED] - Browser is closed]]></system-out>
         <system-err><![CDATA[]]></system-err>
      </testcase>
      <testcase name="Test Cases/TC_Login" time="15.42" classname="Test Cases/TC_Login" status="FAILED">
         <failure type="FAILED" message="Test Cases/TC_Login FAILED.&#xa;Reason:&#xa;com.kms.katalon.core.exception.StepFailedException: Unable to verify text 'Mật khẩu không khớp ! ' is present &#xa;	at com.kms.katalon.core.webui.keyword.internal.WebUIKeywordMain.stepFailed(WebUIKeywordMain.groovy:64)&#xa;	at com.kms.katalon.core.webui.keyword.internal.WebUIKeywordMain.runKeyword(WebUIKeywordMain.groovy:26)&#xa;	at com.kms.katalon.core.webui.keyword.builtin.VerifyTextPresentKeyword.verifyTextPresent(VerifyTextPresentKeyword.groovy:83)&#xa;	at com.kms.katalon.core.webui.keyword.builtin.VerifyTextPresentKeyword.execute(VerifyTextPresentKeyword.groovy:68)&#xa;	at com.kms.katalon.core.keyword.internal.KeywordExecutor.executeKeywordForPlatform(KeywordExecutor.groovy:74)&#xa;	at com.kms.katalon.core.webui.keyword.WebUiBuiltInKeywords.verifyTextPresent(WebUiBuiltInKeywords.groovy:1762)&#xa;	at TC_Login.run(TC_Login:40)&#xa;	at com.kms.katalon.core.main.ScriptEngine.run(ScriptEngine.java:194)&#xa;	at com.kms.katalon.core.main.ScriptEngine.runScriptAsRawText(ScriptEngine.java:119)&#xa;	at com.kms.katalon.core.main.TestCaseExecutor.runScript(TestCaseExecutor.java:448)&#xa;	at com.kms.katalon.core.main.TestCaseExecutor.doExecute(TestCaseExecutor.java:439)&#xa;	at com.kms.katalon.core.main.TestCaseExecutor.processExecutionPhase(TestCaseExecutor.java:418)&#xa;	at com.kms.katalon.core.main.TestCaseExecutor.accessMainPhase(TestCaseExecutor.java:410)&#xa;	at com.kms.katalon.core.main.TestCaseExecutor.execute(TestCaseExecutor.java:285)&#xa;	at com.kms.katalon.core.common.CommonExecutor.accessTestCaseMainPhase(CommonExecutor.java:65)&#xa;	at com.kms.katalon.core.main.TestSuiteExecutor.accessTestSuiteMainPhase(TestSuiteExecutor.java:150)&#xa;	at com.kms.katalon.core.main.TestSuiteExecutor.execute(TestSuiteExecutor.java:106)&#xa;	at com.kms.katalon.core.main.TestCaseMain.startTestSuite(TestCaseMain.java:180)&#xa;	at TempTestSuite1716515553701.run(TempTestSuite1716515553701.groovy:35)&#xa;	at java.base/jdk.internal.reflect.NativeMethodAccessorImpl.invoke0(Native Method)&#xa;	at java.base/jdk.internal.reflect.NativeMethodAccessorImpl.invoke(NativeMethodAccessorImpl.java:77)&#xa;	at java.base/jdk.internal.reflect.DelegatingMethodAccessorImpl.invoke(DelegatingMethodAccessorImpl.java:43)&#xa;Caused by: com.kms.katalon.core.exception.StepFailedException: Text 'Mật khẩu không khớp ! ' is not present on page &#xa;	at com.kms.katalon.core.webui.keyword.internal.WebUIKeywordMain.stepFailed(WebUIKeywordMain.groovy:64)&#xa;	at com.kms.katalon.core.webui.keyword.builtin.VerifyTextPresentKeyword$_verifyTextPresent_closure1.doCall(VerifyTextPresentKeyword.groovy:79)&#xa;	at com.kms.katalon.core.webui.keyword.builtin.VerifyTextPresentKeyword$_verifyTextPresent_closure1.call(VerifyTextPresentKeyword.groovy)&#xa;	at com.kms.katalon.core.webui.keyword.internal.WebUIKeywordMain.runKeyword(WebUIKeywordMain.groovy:20)&#xa;	... 20 more&#xa;"/>
         <system-out><![CDATA[24-05-2024T08:56:19 - [TEST_CASE][FAILED] - Test Cases/TC_Login: Test Cases/TC_Login FAILED.
Reason:
com.kms.katalon.core.exception.StepFailedException: Unable to verify text 'Mật khẩu không khớp ! ' is present 
	at com.kms.katalon.core.webui.keyword.internal.WebUIKeywordMain.stepFailed(WebUIKeywordMain.groovy:64)
	at com.kms.katalon.core.webui.keyword.internal.WebUIKeywordMain.runKeyword(WebUIKeywordMain.groovy:26)
	at com.kms.katalon.core.webui.keyword.builtin.VerifyTextPresentKeyword.verifyTextPresent(VerifyTextPresentKeyword.groovy:83)
	at com.kms.katalon.core.webui.keyword.builtin.VerifyTextPresentKeyword.execute(VerifyTextPresentKeyword.groovy:68)
	at com.kms.katalon.core.keyword.internal.KeywordExecutor.executeKeywordForPlatform(KeywordExecutor.groovy:74)
	at com.kms.katalon.core.webui.keyword.WebUiBuiltInKeywords.verifyTextPresent(WebUiBuiltInKeywords.groovy:1762)
	at TC_Login.run(TC_Login:40)
	at com.kms.katalon.core.main.ScriptEngine.run(ScriptEngine.java:194)
	at com.kms.katalon.core.main.ScriptEngine.runScriptAsRawText(ScriptEngine.java:119)
	at com.kms.katalon.core.main.TestCaseExecutor.runScript(TestCaseExecutor.java:448)
	at com.kms.katalon.core.main.TestCaseExecutor.doExecute(TestCaseExecutor.java:439)
	at com.kms.katalon.core.main.TestCaseExecutor.processExecutionPhase(TestCaseExecutor.java:418)
	at com.kms.katalon.core.main.TestCaseExecutor.accessMainPhase(TestCaseExecutor.java:410)
	at com.kms.katalon.core.main.TestCaseExecutor.execute(TestCaseExecutor.java:285)
	at com.kms.katalon.core.common.CommonExecutor.accessTestCaseMainPhase(CommonExecutor.java:65)
	at com.kms.katalon.core.main.TestSuiteExecutor.accessTestSuiteMainPhase(TestSuiteExecutor.java:150)
	at com.kms.katalon.core.main.TestSuiteExecutor.execute(TestSuiteExecutor.java:106)
	at com.kms.katalon.core.main.TestCaseMain.startTestSuite(TestCaseMain.java:180)
	at TempTestSuite1716515553701.run(TempTestSuite1716515553701.groovy:35)
	at java.base/jdk.internal.reflect.NativeMethodAccessorImpl.invoke0(Native Method)
	at java.base/jdk.internal.reflect.NativeMethodAccessorImpl.invoke(NativeMethodAccessorImpl.java:77)
	at java.base/jdk.internal.reflect.DelegatingMethodAccessorImpl.invoke(DelegatingMethodAccessorImpl.java:43)
Caused by: com.kms.katalon.core.exception.StepFailedException: Text 'Mật khẩu không khớp ! ' is not present on page 
	at com.kms.katalon.core.webui.keyword.internal.WebUIKeywordMain.stepFailed(WebUIKeywordMain.groovy:64)
	at com.kms.katalon.core.webui.keyword.builtin.VerifyTextPresentKeyword$_verifyTextPresent_closure1.doCall(VerifyTextPresentKeyword.groovy:79)
	at com.kms.katalon.core.webui.keyword.builtin.VerifyTextPresentKeyword$_verifyTextPresent_closure1.call(VerifyTextPresentKeyword.groovy)
	at com.kms.katalon.core.webui.keyword.internal.WebUIKeywordMain.runKeyword(WebUIKeywordMain.groovy:20)
	... 20 more


24-05-2024T08:56:19 - [TEST_STEP][PASSED] - openBrowser(""): Browser is opened with url: ''

24-05-2024T08:56:19 - [MESSAGE][INFO] - Starting 'Chrome' driver

24-05-2024T08:56:19 - [MESSAGE][INFO] - Action delay is set to 0 milliseconds

24-05-2024T08:56:20 - [MESSAGE][PASSED] - Browser is opened with url: ''

24-05-2024T08:56:20 - [TEST_STEP][PASSED] - navigateToUrl("https://hasaki.vn/"): Navigate to 'https://hasaki.vn/' successfully

24-05-2024T08:56:23 - [MESSAGE][PASSED] - Navigate to 'https://hasaki.vn/' successfully

24-05-2024T08:56:23 - [TEST_STEP][PASSED] - maximizeWindow(): Current window maximized

24-05-2024T08:56:23 - [MESSAGE][PASSED] - Current window maximized

24-05-2024T08:56:23 - [TEST_STEP][PASSED] - click(findTestObject("Page_Login/button_Yes_KhuyenMai")): Object: 'Object Repository/Page_Login/button_Yes_KhuyenMai' is clicked on

24-05-2024T08:56:24 - [MESSAGE][PASSED] - Object: 'Object Repository/Page_Login/button_Yes_KhuyenMai' is clicked on

24-05-2024T08:56:24 - [TEST_STEP][PASSED] - click(findTestObject("Page_Login/img_Page")): Object: 'Object Repository/Page_Login/img_Page' is clicked on

24-05-2024T08:56:25 - [MESSAGE][PASSED] - Object: 'Object Repository/Page_Login/img_Page' is clicked on

24-05-2024T08:56:25 - [TEST_STEP][PASSED] - click(findTestObject("Page_Login/Link_Login")): Object: 'Object Repository/Page_Login/Link_Login' is clicked on

24-05-2024T08:56:26 - [MESSAGE][PASSED] - Object: 'Object Repository/Page_Login/Link_Login' is clicked on

24-05-2024T08:56:26 - [TEST_STEP][PASSED] - setText(findTestObject("Page_Login/input_username"), username): Text 'thuphuongtot@gmail.com' is set on object 'Object Repository/Page_Login/input_username'

24-05-2024T08:56:27 - [MESSAGE][PASSED] - Text 'thuphuongtot@gmail.com' is set on object 'Object Repository/Page_Login/input_username'

24-05-2024T08:56:27 - [TEST_STEP][PASSED] - setText(findTestObject("Page_Login/input_password"), password): Text 'mknhapsai' is set on object 'Object Repository/Page_Login/input_password'

24-05-2024T08:56:28 - [MESSAGE][PASSED] - Text 'mknhapsai' is set on object 'Object Repository/Page_Login/input_password'

24-05-2024T08:56:28 - [TEST_STEP][PASSED] - click(findTestObject("Page_Login/button_Login")): Object: 'Object Repository/Page_Login/button_Login' is clicked on

24-05-2024T08:56:29 - [MESSAGE][PASSED] - Object: 'Object Repository/Page_Login/button_Login' is clicked on

24-05-2024T08:56:29 - [TEST_STEP][PASSED] - delay(3): Delayed 3 second(s)

24-05-2024T08:56:32 - [MESSAGE][PASSED] - Delayed 3 second(s)

24-05-2024T08:56:32 - [TEST_STEP][FAILED] - verifyTextPresent(Expected, false): Unable to verify text 'Mật khẩu không khớp ! ' is present  (Root cause: com.kms.katalon.core.exception.StepFailedException: Unable to verify text 'Mật khẩu không khớp ! ' is present 
	at com.kms.katalon.core.webui.keyword.internal.WebUIKeywordMain.stepFailed(WebUIKeywordMain.groovy:64)
	at com.kms.katalon.core.webui.keyword.internal.WebUIKeywordMain.runKeyword(WebUIKeywordMain.groovy:26)
	at com.kms.katalon.core.webui.keyword.builtin.VerifyTextPresentKeyword.verifyTextPresent(VerifyTextPresentKeyword.groovy:83)
	at com.kms.katalon.core.webui.keyword.builtin.VerifyTextPresentKeyword.execute(VerifyTextPresentKeyword.groovy:68)
	at com.kms.katalon.core.keyword.internal.KeywordExecutor.executeKeywordForPlatform(KeywordExecutor.groovy:74)
	at com.kms.katalon.core.webui.keyword.WebUiBuiltInKeywords.verifyTextPresent(WebUiBuiltInKeywords.groovy:1762)
	at TC_Login.run(TC_Login:40)
	at com.kms.katalon.core.main.ScriptEngine.run(ScriptEngine.java:194)
	at com.kms.katalon.core.main.ScriptEngine.runScriptAsRawText(ScriptEngine.java:119)
	at com.kms.katalon.core.main.TestCaseExecutor.runScript(TestCaseExecutor.java:448)
	at com.kms.katalon.core.main.TestCaseExecutor.doExecute(TestCaseExecutor.java:439)
	at com.kms.katalon.core.main.TestCaseExecutor.processExecutionPhase(TestCaseExecutor.java:418)
	at com.kms.katalon.core.main.TestCaseExecutor.accessMainPhase(TestCaseExecutor.java:410)
	at com.kms.katalon.core.main.TestCaseExecutor.execute(TestCaseExecutor.java:285)
	at com.kms.katalon.core.common.CommonExecutor.accessTestCaseMainPhase(CommonExecutor.java:65)
	at com.kms.katalon.core.main.TestSuiteExecutor.accessTestSuiteMainPhase(TestSuiteExecutor.java:150)
	at com.kms.katalon.core.main.TestSuiteExecutor.execute(TestSuiteExecutor.java:106)
	at com.kms.katalon.core.main.TestCaseMain.startTestSuite(TestCaseMain.java:180)
	at TempTestSuite1716515553701.run(TempTestSuite1716515553701.groovy:35)
	at java.base/jdk.internal.reflect.NativeMethodAccessorImpl.invoke0(Native Method)
	at java.base/jdk.internal.reflect.NativeMethodAccessorImpl.invoke(NativeMethodAccessorImpl.java:77)
	at java.base/jdk.internal.reflect.DelegatingMethodAccessorImpl.invoke(DelegatingMethodAccessorImpl.java:43)
Caused by: com.kms.katalon.core.exception.StepFailedException: Text 'Mật khẩu không khớp ! ' is not present on page 
	at com.kms.katalon.core.webui.keyword.internal.WebUIKeywordMain.stepFailed(WebUIKeywordMain.groovy:64)
	at com.kms.katalon.core.webui.keyword.builtin.VerifyTextPresentKeyword$_verifyTextPresent_closure1.doCall(VerifyTextPresentKeyword.groovy:79)
	at com.kms.katalon.core.webui.keyword.builtin.VerifyTextPresentKeyword$_verifyTextPresent_closure1.call(VerifyTextPresentKeyword.groovy)
	at com.kms.katalon.core.webui.keyword.internal.WebUIKeywordMain.runKeyword(WebUIKeywordMain.groovy:20)
	... 20 more
)

24-05-2024T08:56:34 - [MESSAGE][FAILED] - Text 'Mật khẩu không khớp ! ' is not present on page  (Root cause: com.kms.katalon.core.exception.StepFailedException: Text 'Mật khẩu không khớp ! ' is not present on page 
	at com.kms.katalon.core.webui.keyword.internal.WebUIKeywordMain.stepFailed(WebUIKeywordMain.groovy:64)
	at com.kms.katalon.core.webui.keyword.builtin.VerifyTextPresentKeyword$_verifyTextPresent_closure1.doCall(VerifyTextPresentKeyword.groovy:79)
	at com.kms.katalon.core.webui.keyword.builtin.VerifyTextPresentKeyword$_verifyTextPresent_closure1.call(VerifyTextPresentKeyword.groovy)
	at com.kms.katalon.core.webui.keyword.internal.WebUIKeywordMain.runKeyword(WebUIKeywordMain.groovy:20)
	at com.kms.katalon.core.webui.keyword.builtin.VerifyTextPresentKeyword.verifyTextPresent(VerifyTextPresentKeyword.groovy:83)
	at com.kms.katalon.core.webui.keyword.builtin.VerifyTextPresentKeyword.execute(VerifyTextPresentKeyword.groovy:68)
	at com.kms.katalon.core.keyword.internal.KeywordExecutor.executeKeywordForPlatform(KeywordExecutor.groovy:74)
	at com.kms.katalon.core.webui.keyword.WebUiBuiltInKeywords.verifyTextPresent(WebUiBuiltInKeywords.groovy:1762)
	at TC_Login.run(TC_Login:40)
	at com.kms.katalon.core.main.ScriptEngine.run(ScriptEngine.java:194)
	at com.kms.katalon.core.main.ScriptEngine.runScriptAsRawText(ScriptEngine.java:119)
	at com.kms.katalon.core.main.TestCaseExecutor.runScript(TestCaseExecutor.java:448)
	at com.kms.katalon.core.main.TestCaseExecutor.doExecute(TestCaseExecutor.java:439)
	at com.kms.katalon.core.main.TestCaseExecutor.processExecutionPhase(TestCaseExecutor.java:418)
	at com.kms.katalon.core.main.TestCaseExecutor.accessMainPhase(TestCaseExecutor.java:410)
	at com.kms.katalon.core.main.TestCaseExecutor.execute(TestCaseExecutor.java:285)
	at com.kms.katalon.core.common.CommonExecutor.accessTestCaseMainPhase(CommonExecutor.java:65)
	at com.kms.katalon.core.main.TestSuiteExecutor.accessTestSuiteMainPhase(TestSuiteExecutor.java:150)
	at com.kms.katalon.core.main.TestSuiteExecutor.execute(TestSuiteExecutor.java:106)
	at com.kms.katalon.core.main.TestCaseMain.startTestSuite(TestCaseMain.java:180)
	at TempTestSuite1716515553701.run(TempTestSuite1716515553701.groovy:35)
	at java.base/jdk.internal.reflect.NativeMethodAccessorImpl.invoke0(Native Method)
	at java.base/jdk.internal.reflect.NativeMethodAccessorImpl.invoke(NativeMethodAccessorImpl.java:77)
	at java.base/jdk.internal.reflect.DelegatingMethodAccessorImpl.invoke(DelegatingMethodAccessorImpl.java:43)
)

24-05-2024T08:56:34 - [MESSAGE][FAILED] - Unable to verify text 'Mật khẩu không khớp ! ' is present  (Root cause: com.kms.katalon.core.exception.StepFailedException: Unable to verify text 'Mật khẩu không khớp ! ' is present 
	at com.kms.katalon.core.webui.keyword.internal.WebUIKeywordMain.stepFailed(WebUIKeywordMain.groovy:64)
	at com.kms.katalon.core.webui.keyword.internal.WebUIKeywordMain.runKeyword(WebUIKeywordMain.groovy:26)
	at com.kms.katalon.core.webui.keyword.builtin.VerifyTextPresentKeyword.verifyTextPresent(VerifyTextPresentKeyword.groovy:83)
	at com.kms.katalon.core.webui.keyword.builtin.VerifyTextPresentKeyword.execute(VerifyTextPresentKeyword.groovy:68)
	at com.kms.katalon.core.keyword.internal.KeywordExecutor.executeKeywordForPlatform(KeywordExecutor.groovy:74)
	at com.kms.katalon.core.webui.keyword.WebUiBuiltInKeywords.verifyTextPresent(WebUiBuiltInKeywords.groovy:1762)
	at TC_Login.run(TC_Login:40)
	at com.kms.katalon.core.main.ScriptEngine.run(ScriptEngine.java:194)
	at com.kms.katalon.core.main.ScriptEngine.runScriptAsRawText(ScriptEngine.java:119)
	at com.kms.katalon.core.main.TestCaseExecutor.runScript(TestCaseExecutor.java:448)
	at com.kms.katalon.core.main.TestCaseExecutor.doExecute(TestCaseExecutor.java:439)
	at com.kms.katalon.core.main.TestCaseExecutor.processExecutionPhase(TestCaseExecutor.java:418)
	at com.kms.katalon.core.main.TestCaseExecutor.accessMainPhase(TestCaseExecutor.java:410)
	at com.kms.katalon.core.main.TestCaseExecutor.execute(TestCaseExecutor.java:285)
	at com.kms.katalon.core.common.CommonExecutor.accessTestCaseMainPhase(CommonExecutor.java:65)
	at com.kms.katalon.core.main.TestSuiteExecutor.accessTestSuiteMainPhase(TestSuiteExecutor.java:150)
	at com.kms.katalon.core.main.TestSuiteExecutor.execute(TestSuiteExecutor.java:106)
	at com.kms.katalon.core.main.TestCaseMain.startTestSuite(TestCaseMain.java:180)
	at TempTestSuite1716515553701.run(TempTestSuite1716515553701.groovy:35)
	at java.base/jdk.internal.reflect.NativeMethodAccessorImpl.invoke0(Native Method)
	at java.base/jdk.internal.reflect.NativeMethodAccessorImpl.invoke(NativeMethodAccessorImpl.java:77)
	at java.base/jdk.internal.reflect.DelegatingMethodAccessorImpl.invoke(DelegatingMethodAccessorImpl.java:43)
Caused by: com.kms.katalon.core.exception.StepFailedException: Text 'Mật khẩu không khớp ! ' is not present on page 
	at com.kms.katalon.core.webui.keyword.internal.WebUIKeywordMain.stepFailed(WebUIKeywordMain.groovy:64)
	at com.kms.katalon.core.webui.keyword.builtin.VerifyTextPresentKeyword$_verifyTextPresent_closure1.doCall(VerifyTextPresentKeyword.groovy:79)
	at com.kms.katalon.core.webui.keyword.builtin.VerifyTextPresentKeyword$_verifyTextPresent_closure1.call(VerifyTextPresentKeyword.groovy)
	at com.kms.katalon.core.webui.keyword.internal.WebUIKeywordMain.runKeyword(WebUIKeywordMain.groovy:20)
	... 20 more
)
[[ATTACHMENT|C:\\Users\\PC\\Katalon Studio\\Hasaki\\Reports\\20240524_085233\\Login\\20240524_085233\\1716515794609.png]]]]></system-out>
         <system-err><![CDATA[24-05-2024T08:56:19 - [TEST_CASE][FAILED] - Test Cases/TC_Login: Test Cases/TC_Login FAILED.
Reason:
com.kms.katalon.core.exception.StepFailedException: Unable to verify text 'Mật khẩu không khớp ! ' is present 
	at com.kms.katalon.core.webui.keyword.internal.WebUIKeywordMain.stepFailed(WebUIKeywordMain.groovy:64)
	at com.kms.katalon.core.webui.keyword.internal.WebUIKeywordMain.runKeyword(WebUIKeywordMain.groovy:26)
	at com.kms.katalon.core.webui.keyword.builtin.VerifyTextPresentKeyword.verifyTextPresent(VerifyTextPresentKeyword.groovy:83)
	at com.kms.katalon.core.webui.keyword.builtin.VerifyTextPresentKeyword.execute(VerifyTextPresentKeyword.groovy:68)
	at com.kms.katalon.core.keyword.internal.KeywordExecutor.executeKeywordForPlatform(KeywordExecutor.groovy:74)
	at com.kms.katalon.core.webui.keyword.WebUiBuiltInKeywords.verifyTextPresent(WebUiBuiltInKeywords.groovy:1762)
	at TC_Login.run(TC_Login:40)
	at com.kms.katalon.core.main.ScriptEngine.run(ScriptEngine.java:194)
	at com.kms.katalon.core.main.ScriptEngine.runScriptAsRawText(ScriptEngine.java:119)
	at com.kms.katalon.core.main.TestCaseExecutor.runScript(TestCaseExecutor.java:448)
	at com.kms.katalon.core.main.TestCaseExecutor.doExecute(TestCaseExecutor.java:439)
	at com.kms.katalon.core.main.TestCaseExecutor.processExecutionPhase(TestCaseExecutor.java:418)
	at com.kms.katalon.core.main.TestCaseExecutor.accessMainPhase(TestCaseExecutor.java:410)
	at com.kms.katalon.core.main.TestCaseExecutor.execute(TestCaseExecutor.java:285)
	at com.kms.katalon.core.common.CommonExecutor.accessTestCaseMainPhase(CommonExecutor.java:65)
	at com.kms.katalon.core.main.TestSuiteExecutor.accessTestSuiteMainPhase(TestSuiteExecutor.java:150)
	at com.kms.katalon.core.main.TestSuiteExecutor.execute(TestSuiteExecutor.java:106)
	at com.kms.katalon.core.main.TestCaseMain.startTestSuite(TestCaseMain.java:180)
	at TempTestSuite1716515553701.run(TempTestSuite1716515553701.groovy:35)
	at java.base/jdk.internal.reflect.NativeMethodAccessorImpl.invoke0(Native Method)
	at java.base/jdk.internal.reflect.NativeMethodAccessorImpl.invoke(NativeMethodAccessorImpl.java:77)
	at java.base/jdk.internal.reflect.DelegatingMethodAccessorImpl.invoke(DelegatingMethodAccessorImpl.java:43)
Caused by: com.kms.katalon.core.exception.StepFailedException: Text 'Mật khẩu không khớp ! ' is not present on page 
	at com.kms.katalon.core.webui.keyword.internal.WebUIKeywordMain.stepFailed(WebUIKeywordMain.groovy:64)
	at com.kms.katalon.core.webui.keyword.builtin.VerifyTextPresentKeyword$_verifyTextPresent_closure1.doCall(VerifyTextPresentKeyword.groovy:79)
	at com.kms.katalon.core.webui.keyword.builtin.VerifyTextPresentKeyword$_verifyTextPresent_closure1.call(VerifyTextPresentKeyword.groovy)
	at com.kms.katalon.core.webui.keyword.internal.WebUIKeywordMain.runKeyword(WebUIKeywordMain.groovy:20)
	... 20 more]]></system-err>
      </testcase>
      <testcase name="Test Cases/TC_Login" time="16.195" classname="Test Cases/TC_Login" status="FAILED">
         <failure type="FAILED" message="Test Cases/TC_Login FAILED.&#xa;Reason:&#xa;com.kms.katalon.core.exception.StepFailedException: Unable to verify text 'Mật khẩu không khớp ! ' is present &#xa;	at com.kms.katalon.core.webui.keyword.internal.WebUIKeywordMain.stepFailed(WebUIKeywordMain.groovy:64)&#xa;	at com.kms.katalon.core.webui.keyword.internal.WebUIKeywordMain.runKeyword(WebUIKeywordMain.groovy:26)&#xa;	at com.kms.katalon.core.webui.keyword.builtin.VerifyTextPresentKeyword.verifyTextPresent(VerifyTextPresentKeyword.groovy:83)&#xa;	at com.kms.katalon.core.webui.keyword.builtin.VerifyTextPresentKeyword.execute(VerifyTextPresentKeyword.groovy:68)&#xa;	at com.kms.katalon.core.keyword.internal.KeywordExecutor.executeKeywordForPlatform(KeywordExecutor.groovy:74)&#xa;	at com.kms.katalon.core.webui.keyword.WebUiBuiltInKeywords.verifyTextPresent(WebUiBuiltInKeywords.groovy:1762)&#xa;	at TC_Login.run(TC_Login:40)&#xa;	at com.kms.katalon.core.main.ScriptEngine.run(ScriptEngine.java:194)&#xa;	at com.kms.katalon.core.main.ScriptEngine.runScriptAsRawText(ScriptEngine.java:119)&#xa;	at com.kms.katalon.core.main.TestCaseExecutor.runScript(TestCaseExecutor.java:448)&#xa;	at com.kms.katalon.core.main.TestCaseExecutor.doExecute(TestCaseExecutor.java:439)&#xa;	at com.kms.katalon.core.main.TestCaseExecutor.processExecutionPhase(TestCaseExecutor.java:418)&#xa;	at com.kms.katalon.core.main.TestCaseExecutor.accessMainPhase(TestCaseExecutor.java:410)&#xa;	at com.kms.katalon.core.main.TestCaseExecutor.execute(TestCaseExecutor.java:285)&#xa;	at com.kms.katalon.core.common.CommonExecutor.accessTestCaseMainPhase(CommonExecutor.java:65)&#xa;	at com.kms.katalon.core.main.TestSuiteExecutor.accessTestSuiteMainPhase(TestSuiteExecutor.java:150)&#xa;	at com.kms.katalon.core.main.TestSuiteExecutor.execute(TestSuiteExecutor.java:106)&#xa;	at com.kms.katalon.core.main.TestCaseMain.startTestSuite(TestCaseMain.java:180)&#xa;	at TempTestSuite1716515553701.run(TempTestSuite1716515553701.groovy:35)&#xa;	at java.base/jdk.internal.reflect.NativeMethodAccessorImpl.invoke0(Native Method)&#xa;	at java.base/jdk.internal.reflect.NativeMethodAccessorImpl.invoke(NativeMethodAccessorImpl.java:77)&#xa;	at java.base/jdk.internal.reflect.DelegatingMethodAccessorImpl.invoke(DelegatingMethodAccessorImpl.java:43)&#xa;Caused by: com.kms.katalon.core.exception.StepFailedException: Text 'Mật khẩu không khớp ! ' is not present on page &#xa;	at com.kms.katalon.core.webui.keyword.internal.WebUIKeywordMain.stepFailed(WebUIKeywordMain.groovy:64)&#xa;	at com.kms.katalon.core.webui.keyword.builtin.VerifyTextPresentKeyword$_verifyTextPresent_closure1.doCall(VerifyTextPresentKeyword.groovy:79)&#xa;	at com.kms.katalon.core.webui.keyword.builtin.VerifyTextPresentKeyword$_verifyTextPresent_closure1.call(VerifyTextPresentKeyword.groovy)&#xa;	at com.kms.katalon.core.webui.keyword.internal.WebUIKeywordMain.runKeyword(WebUIKeywordMain.groovy:20)&#xa;	... 20 more&#xa;"/>
         <system-out><![CDATA[24-05-2024T08:56:34 - [TEST_CASE][FAILED] - Test Cases/TC_Login: Test Cases/TC_Login FAILED.
Reason:
com.kms.katalon.core.exception.StepFailedException: Unable to verify text 'Mật khẩu không khớp ! ' is present 
	at com.kms.katalon.core.webui.keyword.internal.WebUIKeywordMain.stepFailed(WebUIKeywordMain.groovy:64)
	at com.kms.katalon.core.webui.keyword.internal.WebUIKeywordMain.runKeyword(WebUIKeywordMain.groovy:26)
	at com.kms.katalon.core.webui.keyword.builtin.VerifyTextPresentKeyword.verifyTextPresent(VerifyTextPresentKeyword.groovy:83)
	at com.kms.katalon.core.webui.keyword.builtin.VerifyTextPresentKeyword.execute(VerifyTextPresentKeyword.groovy:68)
	at com.kms.katalon.core.keyword.internal.KeywordExecutor.executeKeywordForPlatform(KeywordExecutor.groovy:74)
	at com.kms.katalon.core.webui.keyword.WebUiBuiltInKeywords.verifyTextPresent(WebUiBuiltInKeywords.groovy:1762)
	at TC_Login.run(TC_Login:40)
	at com.kms.katalon.core.main.ScriptEngine.run(ScriptEngine.java:194)
	at com.kms.katalon.core.main.ScriptEngine.runScriptAsRawText(ScriptEngine.java:119)
	at com.kms.katalon.core.main.TestCaseExecutor.runScript(TestCaseExecutor.java:448)
	at com.kms.katalon.core.main.TestCaseExecutor.doExecute(TestCaseExecutor.java:439)
	at com.kms.katalon.core.main.TestCaseExecutor.processExecutionPhase(TestCaseExecutor.java:418)
	at com.kms.katalon.core.main.TestCaseExecutor.accessMainPhase(TestCaseExecutor.java:410)
	at com.kms.katalon.core.main.TestCaseExecutor.execute(TestCaseExecutor.java:285)
	at com.kms.katalon.core.common.CommonExecutor.accessTestCaseMainPhase(CommonExecutor.java:65)
	at com.kms.katalon.core.main.TestSuiteExecutor.accessTestSuiteMainPhase(TestSuiteExecutor.java:150)
	at com.kms.katalon.core.main.TestSuiteExecutor.execute(TestSuiteExecutor.java:106)
	at com.kms.katalon.core.main.TestCaseMain.startTestSuite(TestCaseMain.java:180)
	at TempTestSuite1716515553701.run(TempTestSuite1716515553701.groovy:35)
	at java.base/jdk.internal.reflect.NativeMethodAccessorImpl.invoke0(Native Method)
	at java.base/jdk.internal.reflect.NativeMethodAccessorImpl.invoke(NativeMethodAccessorImpl.java:77)
	at java.base/jdk.internal.reflect.DelegatingMethodAccessorImpl.invoke(DelegatingMethodAccessorImpl.java:43)
Caused by: com.kms.katalon.core.exception.StepFailedException: Text 'Mật khẩu không khớp ! ' is not present on page 
	at com.kms.katalon.core.webui.keyword.internal.WebUIKeywordMain.stepFailed(WebUIKeywordMain.groovy:64)
	at com.kms.katalon.core.webui.keyword.builtin.VerifyTextPresentKeyword$_verifyTextPresent_closure1.doCall(VerifyTextPresentKeyword.groovy:79)
	at com.kms.katalon.core.webui.keyword.builtin.VerifyTextPresentKeyword$_verifyTextPresent_closure1.call(VerifyTextPresentKeyword.groovy)
	at com.kms.katalon.core.webui.keyword.internal.WebUIKeywordMain.runKeyword(WebUIKeywordMain.groovy:20)
	... 20 more


24-05-2024T08:56:34 - [TEST_STEP][PASSED] - openBrowser(""): Browser is opened with url: ''

24-05-2024T08:56:34 - [MESSAGE][WARNING] - A browser is already opened. Closing browser and opening a new one

24-05-2024T08:56:35 - [MESSAGE][INFO] - Starting 'Chrome' driver

24-05-2024T08:56:35 - [MESSAGE][INFO] - Action delay is set to 0 milliseconds

24-05-2024T08:56:36 - [MESSAGE][PASSED] - Browser is opened with url: ''

24-05-2024T08:56:36 - [TEST_STEP][PASSED] - navigateToUrl("https://hasaki.vn/"): Navigate to 'https://hasaki.vn/' successfully

24-05-2024T08:56:39 - [MESSAGE][PASSED] - Navigate to 'https://hasaki.vn/' successfully

24-05-2024T08:56:39 - [TEST_STEP][PASSED] - maximizeWindow(): Current window maximized

24-05-2024T08:56:39 - [MESSAGE][PASSED] - Current window maximized

24-05-2024T08:56:39 - [TEST_STEP][PASSED] - click(findTestObject("Page_Login/button_Yes_KhuyenMai")): Object: 'Object Repository/Page_Login/button_Yes_KhuyenMai' is clicked on

24-05-2024T08:56:40 - [MESSAGE][PASSED] - Object: 'Object Repository/Page_Login/button_Yes_KhuyenMai' is clicked on

24-05-2024T08:56:40 - [TEST_STEP][PASSED] - click(findTestObject("Page_Login/img_Page")): Object: 'Object Repository/Page_Login/img_Page' is clicked on

24-05-2024T08:56:41 - [MESSAGE][PASSED] - Object: 'Object Repository/Page_Login/img_Page' is clicked on

24-05-2024T08:56:41 - [TEST_STEP][PASSED] - click(findTestObject("Page_Login/Link_Login")): Object: 'Object Repository/Page_Login/Link_Login' is clicked on

24-05-2024T08:56:42 - [MESSAGE][PASSED] - Object: 'Object Repository/Page_Login/Link_Login' is clicked on

24-05-2024T08:56:42 - [TEST_STEP][PASSED] - setText(findTestObject("Page_Login/input_username"), username): Text 'thuphuongtot@gmail.com' is set on object 'Object Repository/Page_Login/input_username'

24-05-2024T08:56:43 - [MESSAGE][PASSED] - Text 'thuphuongtot@gmail.com' is set on object 'Object Repository/Page_Login/input_username'

24-05-2024T08:56:43 - [TEST_STEP][PASSED] - setText(findTestObject("Page_Login/input_password"), password): Text '12345' is set on object 'Object Repository/Page_Login/input_password'

24-05-2024T08:56:44 - [MESSAGE][PASSED] - Text '12345' is set on object 'Object Repository/Page_Login/input_password'

24-05-2024T08:56:44 - [TEST_STEP][PASSED] - click(findTestObject("Page_Login/button_Login")): Object: 'Object Repository/Page_Login/button_Login' is clicked on

24-05-2024T08:56:45 - [MESSAGE][PASSED] - Object: 'Object Repository/Page_Login/button_Login' is clicked on

24-05-2024T08:56:45 - [TEST_STEP][PASSED] - delay(3): Delayed 3 second(s)

24-05-2024T08:56:48 - [MESSAGE][PASSED] - Delayed 3 second(s)

24-05-2024T08:56:48 - [TEST_STEP][FAILED] - verifyTextPresent(Expected, false): Unable to verify text 'Mật khẩu không khớp ! ' is present  (Root cause: com.kms.katalon.core.exception.StepFailedException: Unable to verify text 'Mật khẩu không khớp ! ' is present 
	at com.kms.katalon.core.webui.keyword.internal.WebUIKeywordMain.stepFailed(WebUIKeywordMain.groovy:64)
	at com.kms.katalon.core.webui.keyword.internal.WebUIKeywordMain.runKeyword(WebUIKeywordMain.groovy:26)
	at com.kms.katalon.core.webui.keyword.builtin.VerifyTextPresentKeyword.verifyTextPresent(VerifyTextPresentKeyword.groovy:83)
	at com.kms.katalon.core.webui.keyword.builtin.VerifyTextPresentKeyword.execute(VerifyTextPresentKeyword.groovy:68)
	at com.kms.katalon.core.keyword.internal.KeywordExecutor.executeKeywordForPlatform(KeywordExecutor.groovy:74)
	at com.kms.katalon.core.webui.keyword.WebUiBuiltInKeywords.verifyTextPresent(WebUiBuiltInKeywords.groovy:1762)
	at TC_Login.run(TC_Login:40)
	at com.kms.katalon.core.main.ScriptEngine.run(ScriptEngine.java:194)
	at com.kms.katalon.core.main.ScriptEngine.runScriptAsRawText(ScriptEngine.java:119)
	at com.kms.katalon.core.main.TestCaseExecutor.runScript(TestCaseExecutor.java:448)
	at com.kms.katalon.core.main.TestCaseExecutor.doExecute(TestCaseExecutor.java:439)
	at com.kms.katalon.core.main.TestCaseExecutor.processExecutionPhase(TestCaseExecutor.java:418)
	at com.kms.katalon.core.main.TestCaseExecutor.accessMainPhase(TestCaseExecutor.java:410)
	at com.kms.katalon.core.main.TestCaseExecutor.execute(TestCaseExecutor.java:285)
	at com.kms.katalon.core.common.CommonExecutor.accessTestCaseMainPhase(CommonExecutor.java:65)
	at com.kms.katalon.core.main.TestSuiteExecutor.accessTestSuiteMainPhase(TestSuiteExecutor.java:150)
	at com.kms.katalon.core.main.TestSuiteExecutor.execute(TestSuiteExecutor.java:106)
	at com.kms.katalon.core.main.TestCaseMain.startTestSuite(TestCaseMain.java:180)
	at TempTestSuite1716515553701.run(TempTestSuite1716515553701.groovy:35)
	at java.base/jdk.internal.reflect.NativeMethodAccessorImpl.invoke0(Native Method)
	at java.base/jdk.internal.reflect.NativeMethodAccessorImpl.invoke(NativeMethodAccessorImpl.java:77)
	at java.base/jdk.internal.reflect.DelegatingMethodAccessorImpl.invoke(DelegatingMethodAccessorImpl.java:43)
Caused by: com.kms.katalon.core.exception.StepFailedException: Text 'Mật khẩu không khớp ! ' is not present on page 
	at com.kms.katalon.core.webui.keyword.internal.WebUIKeywordMain.stepFailed(WebUIKeywordMain.groovy:64)
	at com.kms.katalon.core.webui.keyword.builtin.VerifyTextPresentKeyword$_verifyTextPresent_closure1.doCall(VerifyTextPresentKeyword.groovy:79)
	at com.kms.katalon.core.webui.keyword.builtin.VerifyTextPresentKeyword$_verifyTextPresent_closure1.call(VerifyTextPresentKeyword.groovy)
	at com.kms.katalon.core.webui.keyword.internal.WebUIKeywordMain.runKeyword(WebUIKeywordMain.groovy:20)
	... 20 more
)

24-05-2024T08:56:50 - [MESSAGE][FAILED] - Text 'Mật khẩu không khớp ! ' is not present on page  (Root cause: com.kms.katalon.core.exception.StepFailedException: Text 'Mật khẩu không khớp ! ' is not present on page 
	at com.kms.katalon.core.webui.keyword.internal.WebUIKeywordMain.stepFailed(WebUIKeywordMain.groovy:64)
	at com.kms.katalon.core.webui.keyword.builtin.VerifyTextPresentKeyword$_verifyTextPresent_closure1.doCall(VerifyTextPresentKeyword.groovy:79)
	at com.kms.katalon.core.webui.keyword.builtin.VerifyTextPresentKeyword$_verifyTextPresent_closure1.call(VerifyTextPresentKeyword.groovy)
	at com.kms.katalon.core.webui.keyword.internal.WebUIKeywordMain.runKeyword(WebUIKeywordMain.groovy:20)
	at com.kms.katalon.core.webui.keyword.builtin.VerifyTextPresentKeyword.verifyTextPresent(VerifyTextPresentKeyword.groovy:83)
	at com.kms.katalon.core.webui.keyword.builtin.VerifyTextPresentKeyword.execute(VerifyTextPresentKeyword.groovy:68)
	at com.kms.katalon.core.keyword.internal.KeywordExecutor.executeKeywordForPlatform(KeywordExecutor.groovy:74)
	at com.kms.katalon.core.webui.keyword.WebUiBuiltInKeywords.verifyTextPresent(WebUiBuiltInKeywords.groovy:1762)
	at TC_Login.run(TC_Login:40)
	at com.kms.katalon.core.main.ScriptEngine.run(ScriptEngine.java:194)
	at com.kms.katalon.core.main.ScriptEngine.runScriptAsRawText(ScriptEngine.java:119)
	at com.kms.katalon.core.main.TestCaseExecutor.runScript(TestCaseExecutor.java:448)
	at com.kms.katalon.core.main.TestCaseExecutor.doExecute(TestCaseExecutor.java:439)
	at com.kms.katalon.core.main.TestCaseExecutor.processExecutionPhase(TestCaseExecutor.java:418)
	at com.kms.katalon.core.main.TestCaseExecutor.accessMainPhase(TestCaseExecutor.java:410)
	at com.kms.katalon.core.main.TestCaseExecutor.execute(TestCaseExecutor.java:285)
	at com.kms.katalon.core.common.CommonExecutor.accessTestCaseMainPhase(CommonExecutor.java:65)
	at com.kms.katalon.core.main.TestSuiteExecutor.accessTestSuiteMainPhase(TestSuiteExecutor.java:150)
	at com.kms.katalon.core.main.TestSuiteExecutor.execute(TestSuiteExecutor.java:106)
	at com.kms.katalon.core.main.TestCaseMain.startTestSuite(TestCaseMain.java:180)
	at TempTestSuite1716515553701.run(TempTestSuite1716515553701.groovy:35)
	at java.base/jdk.internal.reflect.NativeMethodAccessorImpl.invoke0(Native Method)
	at java.base/jdk.internal.reflect.NativeMethodAccessorImpl.invoke(NativeMethodAccessorImpl.java:77)
	at java.base/jdk.internal.reflect.DelegatingMethodAccessorImpl.invoke(DelegatingMethodAccessorImpl.java:43)
)

24-05-2024T08:56:51 - [MESSAGE][FAILED] - Unable to verify text 'Mật khẩu không khớp ! ' is present  (Root cause: com.kms.katalon.core.exception.StepFailedException: Unable to verify text 'Mật khẩu không khớp ! ' is present 
	at com.kms.katalon.core.webui.keyword.internal.WebUIKeywordMain.stepFailed(WebUIKeywordMain.groovy:64)
	at com.kms.katalon.core.webui.keyword.internal.WebUIKeywordMain.runKeyword(WebUIKeywordMain.groovy:26)
	at com.kms.katalon.core.webui.keyword.builtin.VerifyTextPresentKeyword.verifyTextPresent(VerifyTextPresentKeyword.groovy:83)
	at com.kms.katalon.core.webui.keyword.builtin.VerifyTextPresentKeyword.execute(VerifyTextPresentKeyword.groovy:68)
	at com.kms.katalon.core.keyword.internal.KeywordExecutor.executeKeywordForPlatform(KeywordExecutor.groovy:74)
	at com.kms.katalon.core.webui.keyword.WebUiBuiltInKeywords.verifyTextPresent(WebUiBuiltInKeywords.groovy:1762)
	at TC_Login.run(TC_Login:40)
	at com.kms.katalon.core.main.ScriptEngine.run(ScriptEngine.java:194)
	at com.kms.katalon.core.main.ScriptEngine.runScriptAsRawText(ScriptEngine.java:119)
	at com.kms.katalon.core.main.TestCaseExecutor.runScript(TestCaseExecutor.java:448)
	at com.kms.katalon.core.main.TestCaseExecutor.doExecute(TestCaseExecutor.java:439)
	at com.kms.katalon.core.main.TestCaseExecutor.processExecutionPhase(TestCaseExecutor.java:418)
	at com.kms.katalon.core.main.TestCaseExecutor.accessMainPhase(TestCaseExecutor.java:410)
	at com.kms.katalon.core.main.TestCaseExecutor.execute(TestCaseExecutor.java:285)
	at com.kms.katalon.core.common.CommonExecutor.accessTestCaseMainPhase(CommonExecutor.java:65)
	at com.kms.katalon.core.main.TestSuiteExecutor.accessTestSuiteMainPhase(TestSuiteExecutor.java:150)
	at com.kms.katalon.core.main.TestSuiteExecutor.execute(TestSuiteExecutor.java:106)
	at com.kms.katalon.core.main.TestCaseMain.startTestSuite(TestCaseMain.java:180)
	at TempTestSuite1716515553701.run(TempTestSuite1716515553701.groovy:35)
	at java.base/jdk.internal.reflect.NativeMethodAccessorImpl.invoke0(Native Method)
	at java.base/jdk.internal.reflect.NativeMethodAccessorImpl.invoke(NativeMethodAccessorImpl.java:77)
	at java.base/jdk.internal.reflect.DelegatingMethodAccessorImpl.invoke(DelegatingMethodAccessorImpl.java:43)
Caused by: com.kms.katalon.core.exception.StepFailedException: Text 'Mật khẩu không khớp ! ' is not present on page 
	at com.kms.katalon.core.webui.keyword.internal.WebUIKeywordMain.stepFailed(WebUIKeywordMain.groovy:64)
	at com.kms.katalon.core.webui.keyword.builtin.VerifyTextPresentKeyword$_verifyTextPresent_closure1.doCall(VerifyTextPresentKeyword.groovy:79)
	at com.kms.katalon.core.webui.keyword.builtin.VerifyTextPresentKeyword$_verifyTextPresent_closure1.call(VerifyTextPresentKeyword.groovy)
	at com.kms.katalon.core.webui.keyword.internal.WebUIKeywordMain.runKeyword(WebUIKeywordMain.groovy:20)
	... 20 more
)
[[ATTACHMENT|C:\\Users\\PC\\Katalon Studio\\Hasaki\\Reports\\20240524_085233\\Login\\20240524_085233\\1716515810832.png]]]]></system-out>
         <system-err><![CDATA[24-05-2024T08:56:34 - [TEST_CASE][FAILED] - Test Cases/TC_Login: Test Cases/TC_Login FAILED.
Reason:
com.kms.katalon.core.exception.StepFailedException: Unable to verify text 'Mật khẩu không khớp ! ' is present 
	at com.kms.katalon.core.webui.keyword.internal.WebUIKeywordMain.stepFailed(WebUIKeywordMain.groovy:64)
	at com.kms.katalon.core.webui.keyword.internal.WebUIKeywordMain.runKeyword(WebUIKeywordMain.groovy:26)
	at com.kms.katalon.core.webui.keyword.builtin.VerifyTextPresentKeyword.verifyTextPresent(VerifyTextPresentKeyword.groovy:83)
	at com.kms.katalon.core.webui.keyword.builtin.VerifyTextPresentKeyword.execute(VerifyTextPresentKeyword.groovy:68)
	at com.kms.katalon.core.keyword.internal.KeywordExecutor.executeKeywordForPlatform(KeywordExecutor.groovy:74)
	at com.kms.katalon.core.webui.keyword.WebUiBuiltInKeywords.verifyTextPresent(WebUiBuiltInKeywords.groovy:1762)
	at TC_Login.run(TC_Login:40)
	at com.kms.katalon.core.main.ScriptEngine.run(ScriptEngine.java:194)
	at com.kms.katalon.core.main.ScriptEngine.runScriptAsRawText(ScriptEngine.java:119)
	at com.kms.katalon.core.main.TestCaseExecutor.runScript(TestCaseExecutor.java:448)
	at com.kms.katalon.core.main.TestCaseExecutor.doExecute(TestCaseExecutor.java:439)
	at com.kms.katalon.core.main.TestCaseExecutor.processExecutionPhase(TestCaseExecutor.java:418)
	at com.kms.katalon.core.main.TestCaseExecutor.accessMainPhase(TestCaseExecutor.java:410)
	at com.kms.katalon.core.main.TestCaseExecutor.execute(TestCaseExecutor.java:285)
	at com.kms.katalon.core.common.CommonExecutor.accessTestCaseMainPhase(CommonExecutor.java:65)
	at com.kms.katalon.core.main.TestSuiteExecutor.accessTestSuiteMainPhase(TestSuiteExecutor.java:150)
	at com.kms.katalon.core.main.TestSuiteExecutor.execute(TestSuiteExecutor.java:106)
	at com.kms.katalon.core.main.TestCaseMain.startTestSuite(TestCaseMain.java:180)
	at TempTestSuite1716515553701.run(TempTestSuite1716515553701.groovy:35)
	at java.base/jdk.internal.reflect.NativeMethodAccessorImpl.invoke0(Native Method)
	at java.base/jdk.internal.reflect.NativeMethodAccessorImpl.invoke(NativeMethodAccessorImpl.java:77)
	at java.base/jdk.internal.reflect.DelegatingMethodAccessorImpl.invoke(DelegatingMethodAccessorImpl.java:43)
Caused by: com.kms.katalon.core.exception.StepFailedException: Text 'Mật khẩu không khớp ! ' is not present on page 
	at com.kms.katalon.core.webui.keyword.internal.WebUIKeywordMain.stepFailed(WebUIKeywordMain.groovy:64)
	at com.kms.katalon.core.webui.keyword.builtin.VerifyTextPresentKeyword$_verifyTextPresent_closure1.doCall(VerifyTextPresentKeyword.groovy:79)
	at com.kms.katalon.core.webui.keyword.builtin.VerifyTextPresentKeyword$_verifyTextPresent_closure1.call(VerifyTextPresentKeyword.groovy)
	at com.kms.katalon.core.webui.keyword.internal.WebUIKeywordMain.runKeyword(WebUIKeywordMain.groovy:20)
	... 20 more]]></system-err>
      </testcase>
      <testcase name="Test Cases/TC_Login" time="15.927" classname="Test Cases/TC_Login" status="FAILED">
         <failure type="FAILED" message="Test Cases/TC_Login FAILED.&#xa;Reason:&#xa;com.kms.katalon.core.exception.StepFailedException: Unable to verify text 'Mật khẩu không khớp ! ' is present &#xa;	at com.kms.katalon.core.webui.keyword.internal.WebUIKeywordMain.stepFailed(WebUIKeywordMain.groovy:64)&#xa;	at com.kms.katalon.core.webui.keyword.internal.WebUIKeywordMain.runKeyword(WebUIKeywordMain.groovy:26)&#xa;	at com.kms.katalon.core.webui.keyword.builtin.VerifyTextPresentKeyword.verifyTextPresent(VerifyTextPresentKeyword.groovy:83)&#xa;	at com.kms.katalon.core.webui.keyword.builtin.VerifyTextPresentKeyword.execute(VerifyTextPresentKeyword.groovy:68)&#xa;	at com.kms.katalon.core.keyword.internal.KeywordExecutor.executeKeywordForPlatform(KeywordExecutor.groovy:74)&#xa;	at com.kms.katalon.core.webui.keyword.WebUiBuiltInKeywords.verifyTextPresent(WebUiBuiltInKeywords.groovy:1762)&#xa;	at TC_Login.run(TC_Login:40)&#xa;	at com.kms.katalon.core.main.ScriptEngine.run(ScriptEngine.java:194)&#xa;	at com.kms.katalon.core.main.ScriptEngine.runScriptAsRawText(ScriptEngine.java:119)&#xa;	at com.kms.katalon.core.main.TestCaseExecutor.runScript(TestCaseExecutor.java:448)&#xa;	at com.kms.katalon.core.main.TestCaseExecutor.doExecute(TestCaseExecutor.java:439)&#xa;	at com.kms.katalon.core.main.TestCaseExecutor.processExecutionPhase(TestCaseExecutor.java:418)&#xa;	at com.kms.katalon.core.main.TestCaseExecutor.accessMainPhase(TestCaseExecutor.java:410)&#xa;	at com.kms.katalon.core.main.TestCaseExecutor.execute(TestCaseExecutor.java:285)&#xa;	at com.kms.katalon.core.common.CommonExecutor.accessTestCaseMainPhase(CommonExecutor.java:65)&#xa;	at com.kms.katalon.core.main.TestSuiteExecutor.accessTestSuiteMainPhase(TestSuiteExecutor.java:150)&#xa;	at com.kms.katalon.core.main.TestSuiteExecutor.execute(TestSuiteExecutor.java:106)&#xa;	at com.kms.katalon.core.main.TestCaseMain.startTestSuite(TestCaseMain.java:180)&#xa;	at TempTestSuite1716515553701.run(TempTestSuite1716515553701.groovy:35)&#xa;	at java.base/jdk.internal.reflect.NativeMethodAccessorImpl.invoke0(Native Method)&#xa;	at java.base/jdk.internal.reflect.NativeMethodAccessorImpl.invoke(NativeMethodAccessorImpl.java:77)&#xa;	at java.base/jdk.internal.reflect.DelegatingMethodAccessorImpl.invoke(DelegatingMethodAccessorImpl.java:43)&#xa;Caused by: com.kms.katalon.core.exception.StepFailedException: Text 'Mật khẩu không khớp ! ' is not present on page &#xa;	at com.kms.katalon.core.webui.keyword.internal.WebUIKeywordMain.stepFailed(WebUIKeywordMain.groovy:64)&#xa;	at com.kms.katalon.core.webui.keyword.builtin.VerifyTextPresentKeyword$_verifyTextPresent_closure1.doCall(VerifyTextPresentKeyword.groovy:79)&#xa;	at com.kms.katalon.core.webui.keyword.builtin.VerifyTextPresentKeyword$_verifyTextPresent_closure1.call(VerifyTextPresentKeyword.groovy)&#xa;	at com.kms.katalon.core.webui.keyword.internal.WebUIKeywordMain.runKeyword(WebUIKeywordMain.groovy:20)&#xa;	... 20 more&#xa;"/>
         <system-out><![CDATA[24-05-2024T08:56:51 - [TEST_CASE][FAILED] - Test Cases/TC_Login: Test Cases/TC_Login FAILED.
Reason:
com.kms.katalon.core.exception.StepFailedException: Unable to verify text 'Mật khẩu không khớp ! ' is present 
	at com.kms.katalon.core.webui.keyword.internal.WebUIKeywordMain.stepFailed(WebUIKeywordMain.groovy:64)
	at com.kms.katalon.core.webui.keyword.internal.WebUIKeywordMain.runKeyword(WebUIKeywordMain.groovy:26)
	at com.kms.katalon.core.webui.keyword.builtin.VerifyTextPresentKeyword.verifyTextPresent(VerifyTextPresentKeyword.groovy:83)
	at com.kms.katalon.core.webui.keyword.builtin.VerifyTextPresentKeyword.execute(VerifyTextPresentKeyword.groovy:68)
	at com.kms.katalon.core.keyword.internal.KeywordExecutor.executeKeywordForPlatform(KeywordExecutor.groovy:74)
	at com.kms.katalon.core.webui.keyword.WebUiBuiltInKeywords.verifyTextPresent(WebUiBuiltInKeywords.groovy:1762)
	at TC_Login.run(TC_Login:40)
	at com.kms.katalon.core.main.ScriptEngine.run(ScriptEngine.java:194)
	at com.kms.katalon.core.main.ScriptEngine.runScriptAsRawText(ScriptEngine.java:119)
	at com.kms.katalon.core.main.TestCaseExecutor.runScript(TestCaseExecutor.java:448)
	at com.kms.katalon.core.main.TestCaseExecutor.doExecute(TestCaseExecutor.java:439)
	at com.kms.katalon.core.main.TestCaseExecutor.processExecutionPhase(TestCaseExecutor.java:418)
	at com.kms.katalon.core.main.TestCaseExecutor.accessMainPhase(TestCaseExecutor.java:410)
	at com.kms.katalon.core.main.TestCaseExecutor.execute(TestCaseExecutor.java:285)
	at com.kms.katalon.core.common.CommonExecutor.accessTestCaseMainPhase(CommonExecutor.java:65)
	at com.kms.katalon.core.main.TestSuiteExecutor.accessTestSuiteMainPhase(TestSuiteExecutor.java:150)
	at com.kms.katalon.core.main.TestSuiteExecutor.execute(TestSuiteExecutor.java:106)
	at com.kms.katalon.core.main.TestCaseMain.startTestSuite(TestCaseMain.java:180)
	at TempTestSuite1716515553701.run(TempTestSuite1716515553701.groovy:35)
	at java.base/jdk.internal.reflect.NativeMethodAccessorImpl.invoke0(Native Method)
	at java.base/jdk.internal.reflect.NativeMethodAccessorImpl.invoke(NativeMethodAccessorImpl.java:77)
	at java.base/jdk.internal.reflect.DelegatingMethodAccessorImpl.invoke(DelegatingMethodAccessorImpl.java:43)
Caused by: com.kms.katalon.core.exception.StepFailedException: Text 'Mật khẩu không khớp ! ' is not present on page 
	at com.kms.katalon.core.webui.keyword.internal.WebUIKeywordMain.stepFailed(WebUIKeywordMain.groovy:64)
	at com.kms.katalon.core.webui.keyword.builtin.VerifyTextPresentKeyword$_verifyTextPresent_closure1.doCall(VerifyTextPresentKeyword.groovy:79)
	at com.kms.katalon.core.webui.keyword.builtin.VerifyTextPresentKeyword$_verifyTextPresent_closure1.call(VerifyTextPresentKeyword.groovy)
	at com.kms.katalon.core.webui.keyword.internal.WebUIKeywordMain.runKeyword(WebUIKeywordMain.groovy:20)
	... 20 more


24-05-2024T08:56:51 - [TEST_STEP][PASSED] - openBrowser(""): Browser is opened with url: ''

24-05-2024T08:56:51 - [MESSAGE][WARNING] - A browser is already opened. Closing browser and opening a new one

24-05-2024T08:56:51 - [MESSAGE][INFO] - Starting 'Chrome' driver

24-05-2024T08:56:51 - [MESSAGE][INFO] - Action delay is set to 0 milliseconds

24-05-2024T08:56:52 - [MESSAGE][PASSED] - Browser is opened with url: ''

24-05-2024T08:56:52 - [TEST_STEP][PASSED] - navigateToUrl("https://hasaki.vn/"): Navigate to 'https://hasaki.vn/' successfully

24-05-2024T08:56:56 - [MESSAGE][PASSED] - Navigate to 'https://hasaki.vn/' successfully

24-05-2024T08:56:56 - [TEST_STEP][PASSED] - maximizeWindow(): Current window maximized

24-05-2024T08:56:56 - [MESSAGE][PASSED] - Current window maximized

24-05-2024T08:56:56 - [TEST_STEP][PASSED] - click(findTestObject("Page_Login/button_Yes_KhuyenMai")): Object: 'Object Repository/Page_Login/button_Yes_KhuyenMai' is clicked on

24-05-2024T08:56:57 - [MESSAGE][PASSED] - Object: 'Object Repository/Page_Login/button_Yes_KhuyenMai' is clicked on

24-05-2024T08:56:57 - [TEST_STEP][PASSED] - click(findTestObject("Page_Login/img_Page")): Object: 'Object Repository/Page_Login/img_Page' is clicked on

24-05-2024T08:56:58 - [MESSAGE][PASSED] - Object: 'Object Repository/Page_Login/img_Page' is clicked on

24-05-2024T08:56:58 - [TEST_STEP][PASSED] - click(findTestObject("Page_Login/Link_Login")): Object: 'Object Repository/Page_Login/Link_Login' is clicked on

24-05-2024T08:56:58 - [MESSAGE][PASSED] - Object: 'Object Repository/Page_Login/Link_Login' is clicked on

24-05-2024T08:56:58 - [TEST_STEP][PASSED] - setText(findTestObject("Page_Login/input_username"), username): Text 'thuphuongtot@gmail.com' is set on object 'Object Repository/Page_Login/input_username'

24-05-2024T08:57:00 - [MESSAGE][PASSED] - Text 'thuphuongtot@gmail.com' is set on object 'Object Repository/Page_Login/input_username'

24-05-2024T08:57:00 - [TEST_STEP][PASSED] - setText(findTestObject("Page_Login/input_password"), password): Text 'qua36kytu01234567890qwertyuiopasdfgh' is set on object 'Object Repository/Page_Login/input_password'

24-05-2024T08:57:01 - [MESSAGE][PASSED] - Text 'qua36kytu01234567890qwertyuiopasdfgh' is set on object 'Object Repository/Page_Login/input_password'

24-05-2024T08:57:01 - [TEST_STEP][PASSED] - click(findTestObject("Page_Login/button_Login")): Object: 'Object Repository/Page_Login/button_Login' is clicked on

24-05-2024T08:57:01 - [MESSAGE][PASSED] - Object: 'Object Repository/Page_Login/button_Login' is clicked on

24-05-2024T08:57:01 - [TEST_STEP][PASSED] - delay(3): Delayed 3 second(s)

24-05-2024T08:57:04 - [MESSAGE][PASSED] - Delayed 3 second(s)

24-05-2024T08:57:04 - [TEST_STEP][FAILED] - verifyTextPresent(Expected, false): Unable to verify text 'Mật khẩu không khớp ! ' is present  (Root cause: com.kms.katalon.core.exception.StepFailedException: Unable to verify text 'Mật khẩu không khớp ! ' is present 
	at com.kms.katalon.core.webui.keyword.internal.WebUIKeywordMain.stepFailed(WebUIKeywordMain.groovy:64)
	at com.kms.katalon.core.webui.keyword.internal.WebUIKeywordMain.runKeyword(WebUIKeywordMain.groovy:26)
	at com.kms.katalon.core.webui.keyword.builtin.VerifyTextPresentKeyword.verifyTextPresent(VerifyTextPresentKeyword.groovy:83)
	at com.kms.katalon.core.webui.keyword.builtin.VerifyTextPresentKeyword.execute(VerifyTextPresentKeyword.groovy:68)
	at com.kms.katalon.core.keyword.internal.KeywordExecutor.executeKeywordForPlatform(KeywordExecutor.groovy:74)
	at com.kms.katalon.core.webui.keyword.WebUiBuiltInKeywords.verifyTextPresent(WebUiBuiltInKeywords.groovy:1762)
	at TC_Login.run(TC_Login:40)
	at com.kms.katalon.core.main.ScriptEngine.run(ScriptEngine.java:194)
	at com.kms.katalon.core.main.ScriptEngine.runScriptAsRawText(ScriptEngine.java:119)
	at com.kms.katalon.core.main.TestCaseExecutor.runScript(TestCaseExecutor.java:448)
	at com.kms.katalon.core.main.TestCaseExecutor.doExecute(TestCaseExecutor.java:439)
	at com.kms.katalon.core.main.TestCaseExecutor.processExecutionPhase(TestCaseExecutor.java:418)
	at com.kms.katalon.core.main.TestCaseExecutor.accessMainPhase(TestCaseExecutor.java:410)
	at com.kms.katalon.core.main.TestCaseExecutor.execute(TestCaseExecutor.java:285)
	at com.kms.katalon.core.common.CommonExecutor.accessTestCaseMainPhase(CommonExecutor.java:65)
	at com.kms.katalon.core.main.TestSuiteExecutor.accessTestSuiteMainPhase(TestSuiteExecutor.java:150)
	at com.kms.katalon.core.main.TestSuiteExecutor.execute(TestSuiteExecutor.java:106)
	at com.kms.katalon.core.main.TestCaseMain.startTestSuite(TestCaseMain.java:180)
	at TempTestSuite1716515553701.run(TempTestSuite1716515553701.groovy:35)
	at java.base/jdk.internal.reflect.NativeMethodAccessorImpl.invoke0(Native Method)
	at java.base/jdk.internal.reflect.NativeMethodAccessorImpl.invoke(NativeMethodAccessorImpl.java:77)
	at java.base/jdk.internal.reflect.DelegatingMethodAccessorImpl.invoke(DelegatingMethodAccessorImpl.java:43)
Caused by: com.kms.katalon.core.exception.StepFailedException: Text 'Mật khẩu không khớp ! ' is not present on page 
	at com.kms.katalon.core.webui.keyword.internal.WebUIKeywordMain.stepFailed(WebUIKeywordMain.groovy:64)
	at com.kms.katalon.core.webui.keyword.builtin.VerifyTextPresentKeyword$_verifyTextPresent_closure1.doCall(VerifyTextPresentKeyword.groovy:79)
	at com.kms.katalon.core.webui.keyword.builtin.VerifyTextPresentKeyword$_verifyTextPresent_closure1.call(VerifyTextPresentKeyword.groovy)
	at com.kms.katalon.core.webui.keyword.internal.WebUIKeywordMain.runKeyword(WebUIKeywordMain.groovy:20)
	... 20 more
)

24-05-2024T08:57:06 - [MESSAGE][FAILED] - Text 'Mật khẩu không khớp ! ' is not present on page  (Root cause: com.kms.katalon.core.exception.StepFailedException: Text 'Mật khẩu không khớp ! ' is not present on page 
	at com.kms.katalon.core.webui.keyword.internal.WebUIKeywordMain.stepFailed(WebUIKeywordMain.groovy:64)
	at com.kms.katalon.core.webui.keyword.builtin.VerifyTextPresentKeyword$_verifyTextPresent_closure1.doCall(VerifyTextPresentKeyword.groovy:79)
	at com.kms.katalon.core.webui.keyword.builtin.VerifyTextPresentKeyword$_verifyTextPresent_closure1.call(VerifyTextPresentKeyword.groovy)
	at com.kms.katalon.core.webui.keyword.internal.WebUIKeywordMain.runKeyword(WebUIKeywordMain.groovy:20)
	at com.kms.katalon.core.webui.keyword.builtin.VerifyTextPresentKeyword.verifyTextPresent(VerifyTextPresentKeyword.groovy:83)
	at com.kms.katalon.core.webui.keyword.builtin.VerifyTextPresentKeyword.execute(VerifyTextPresentKeyword.groovy:68)
	at com.kms.katalon.core.keyword.internal.KeywordExecutor.executeKeywordForPlatform(KeywordExecutor.groovy:74)
	at com.kms.katalon.core.webui.keyword.WebUiBuiltInKeywords.verifyTextPresent(WebUiBuiltInKeywords.groovy:1762)
	at TC_Login.run(TC_Login:40)
	at com.kms.katalon.core.main.ScriptEngine.run(ScriptEngine.java:194)
	at com.kms.katalon.core.main.ScriptEngine.runScriptAsRawText(ScriptEngine.java:119)
	at com.kms.katalon.core.main.TestCaseExecutor.runScript(TestCaseExecutor.java:448)
	at com.kms.katalon.core.main.TestCaseExecutor.doExecute(TestCaseExecutor.java:439)
	at com.kms.katalon.core.main.TestCaseExecutor.processExecutionPhase(TestCaseExecutor.java:418)
	at com.kms.katalon.core.main.TestCaseExecutor.accessMainPhase(TestCaseExecutor.java:410)
	at com.kms.katalon.core.main.TestCaseExecutor.execute(TestCaseExecutor.java:285)
	at com.kms.katalon.core.common.CommonExecutor.accessTestCaseMainPhase(CommonExecutor.java:65)
	at com.kms.katalon.core.main.TestSuiteExecutor.accessTestSuiteMainPhase(TestSuiteExecutor.java:150)
	at com.kms.katalon.core.main.TestSuiteExecutor.execute(TestSuiteExecutor.java:106)
	at com.kms.katalon.core.main.TestCaseMain.startTestSuite(TestCaseMain.java:180)
	at TempTestSuite1716515553701.run(TempTestSuite1716515553701.groovy:35)
	at java.base/jdk.internal.reflect.NativeMethodAccessorImpl.invoke0(Native Method)
	at java.base/jdk.internal.reflect.NativeMethodAccessorImpl.invoke(NativeMethodAccessorImpl.java:77)
	at java.base/jdk.internal.reflect.DelegatingMethodAccessorImpl.invoke(DelegatingMethodAccessorImpl.java:43)
)

24-05-2024T08:57:07 - [MESSAGE][FAILED] - Unable to verify text 'Mật khẩu không khớp ! ' is present  (Root cause: com.kms.katalon.core.exception.StepFailedException: Unable to verify text 'Mật khẩu không khớp ! ' is present 
	at com.kms.katalon.core.webui.keyword.internal.WebUIKeywordMain.stepFailed(WebUIKeywordMain.groovy:64)
	at com.kms.katalon.core.webui.keyword.internal.WebUIKeywordMain.runKeyword(WebUIKeywordMain.groovy:26)
	at com.kms.katalon.core.webui.keyword.builtin.VerifyTextPresentKeyword.verifyTextPresent(VerifyTextPresentKeyword.groovy:83)
	at com.kms.katalon.core.webui.keyword.builtin.VerifyTextPresentKeyword.execute(VerifyTextPresentKeyword.groovy:68)
	at com.kms.katalon.core.keyword.internal.KeywordExecutor.executeKeywordForPlatform(KeywordExecutor.groovy:74)
	at com.kms.katalon.core.webui.keyword.WebUiBuiltInKeywords.verifyTextPresent(WebUiBuiltInKeywords.groovy:1762)
	at TC_Login.run(TC_Login:40)
	at com.kms.katalon.core.main.ScriptEngine.run(ScriptEngine.java:194)
	at com.kms.katalon.core.main.ScriptEngine.runScriptAsRawText(ScriptEngine.java:119)
	at com.kms.katalon.core.main.TestCaseExecutor.runScript(TestCaseExecutor.java:448)
	at com.kms.katalon.core.main.TestCaseExecutor.doExecute(TestCaseExecutor.java:439)
	at com.kms.katalon.core.main.TestCaseExecutor.processExecutionPhase(TestCaseExecutor.java:418)
	at com.kms.katalon.core.main.TestCaseExecutor.accessMainPhase(TestCaseExecutor.java:410)
	at com.kms.katalon.core.main.TestCaseExecutor.execute(TestCaseExecutor.java:285)
	at com.kms.katalon.core.common.CommonExecutor.accessTestCaseMainPhase(CommonExecutor.java:65)
	at com.kms.katalon.core.main.TestSuiteExecutor.accessTestSuiteMainPhase(TestSuiteExecutor.java:150)
	at com.kms.katalon.core.main.TestSuiteExecutor.execute(TestSuiteExecutor.java:106)
	at com.kms.katalon.core.main.TestCaseMain.startTestSuite(TestCaseMain.java:180)
	at TempTestSuite1716515553701.run(TempTestSuite1716515553701.groovy:35)
	at java.base/jdk.internal.reflect.NativeMethodAccessorImpl.invoke0(Native Method)
	at java.base/jdk.internal.reflect.NativeMethodAccessorImpl.invoke(NativeMethodAccessorImpl.java:77)
	at java.base/jdk.internal.reflect.DelegatingMethodAccessorImpl.invoke(DelegatingMethodAccessorImpl.java:43)
Caused by: com.kms.katalon.core.exception.StepFailedException: Text 'Mật khẩu không khớp ! ' is not present on page 
	at com.kms.katalon.core.webui.keyword.internal.WebUIKeywordMain.stepFailed(WebUIKeywordMain.groovy:64)
	at com.kms.katalon.core.webui.keyword.builtin.VerifyTextPresentKeyword$_verifyTextPresent_closure1.doCall(VerifyTextPresentKeyword.groovy:79)
	at com.kms.katalon.core.webui.keyword.builtin.VerifyTextPresentKeyword$_verifyTextPresent_closure1.call(VerifyTextPresentKeyword.groovy)
	at com.kms.katalon.core.webui.keyword.internal.WebUIKeywordMain.runKeyword(WebUIKeywordMain.groovy:20)
	... 20 more
)
[[ATTACHMENT|C:\\Users\\PC\\Katalon Studio\\Hasaki\\Reports\\20240524_085233\\Login\\20240524_085233\\1716515826851.png]]]]></system-out>
         <system-err><![CDATA[24-05-2024T08:56:51 - [TEST_CASE][FAILED] - Test Cases/TC_Login: Test Cases/TC_Login FAILED.
Reason:
com.kms.katalon.core.exception.StepFailedException: Unable to verify text 'Mật khẩu không khớp ! ' is present 
	at com.kms.katalon.core.webui.keyword.internal.WebUIKeywordMain.stepFailed(WebUIKeywordMain.groovy:64)
	at com.kms.katalon.core.webui.keyword.internal.WebUIKeywordMain.runKeyword(WebUIKeywordMain.groovy:26)
	at com.kms.katalon.core.webui.keyword.builtin.VerifyTextPresentKeyword.verifyTextPresent(VerifyTextPresentKeyword.groovy:83)
	at com.kms.katalon.core.webui.keyword.builtin.VerifyTextPresentKeyword.execute(VerifyTextPresentKeyword.groovy:68)
	at com.kms.katalon.core.keyword.internal.KeywordExecutor.executeKeywordForPlatform(KeywordExecutor.groovy:74)
	at com.kms.katalon.core.webui.keyword.WebUiBuiltInKeywords.verifyTextPresent(WebUiBuiltInKeywords.groovy:1762)
	at TC_Login.run(TC_Login:40)
	at com.kms.katalon.core.main.ScriptEngine.run(ScriptEngine.java:194)
	at com.kms.katalon.core.main.ScriptEngine.runScriptAsRawText(ScriptEngine.java:119)
	at com.kms.katalon.core.main.TestCaseExecutor.runScript(TestCaseExecutor.java:448)
	at com.kms.katalon.core.main.TestCaseExecutor.doExecute(TestCaseExecutor.java:439)
	at com.kms.katalon.core.main.TestCaseExecutor.processExecutionPhase(TestCaseExecutor.java:418)
	at com.kms.katalon.core.main.TestCaseExecutor.accessMainPhase(TestCaseExecutor.java:410)
	at com.kms.katalon.core.main.TestCaseExecutor.execute(TestCaseExecutor.java:285)
	at com.kms.katalon.core.common.CommonExecutor.accessTestCaseMainPhase(CommonExecutor.java:65)
	at com.kms.katalon.core.main.TestSuiteExecutor.accessTestSuiteMainPhase(TestSuiteExecutor.java:150)
	at com.kms.katalon.core.main.TestSuiteExecutor.execute(TestSuiteExecutor.java:106)
	at com.kms.katalon.core.main.TestCaseMain.startTestSuite(TestCaseMain.java:180)
	at TempTestSuite1716515553701.run(TempTestSuite1716515553701.groovy:35)
	at java.base/jdk.internal.reflect.NativeMethodAccessorImpl.invoke0(Native Method)
	at java.base/jdk.internal.reflect.NativeMethodAccessorImpl.invoke(NativeMethodAccessorImpl.java:77)
	at java.base/jdk.internal.reflect.DelegatingMethodAccessorImpl.invoke(DelegatingMethodAccessorImpl.java:43)
Caused by: com.kms.katalon.core.exception.StepFailedException: Text 'Mật khẩu không khớp ! ' is not present on page 
	at com.kms.katalon.core.webui.keyword.internal.WebUIKeywordMain.stepFailed(WebUIKeywordMain.groovy:64)
	at com.kms.katalon.core.webui.keyword.builtin.VerifyTextPresentKeyword$_verifyTextPresent_closure1.doCall(VerifyTextPresentKeyword.groovy:79)
	at com.kms.katalon.core.webui.keyword.builtin.VerifyTextPresentKeyword$_verifyTextPresent_closure1.call(VerifyTextPresentKeyword.groovy)
	at com.kms.katalon.core.webui.keyword.internal.WebUIKeywordMain.runKeyword(WebUIKeywordMain.groovy:20)
	... 20 more]]></system-err>
      </testcase>
      <testcase name="Test Cases/TC_Login" time="16.32" classname="Test Cases/TC_Login" status="PASSED">
         <system-out><![CDATA[24-05-2024T08:57:07 - [TEST_CASE][PASSED] - Test Cases/TC_Login: Test Cases/TC_Login

24-05-2024T08:57:07 - [TEST_STEP][PASSED] - openBrowser(""): Browser is opened with url: ''

24-05-2024T08:57:07 - [MESSAGE][WARNING] - A browser is already opened. Closing browser and opening a new one

24-05-2024T08:57:07 - [MESSAGE][INFO] - Starting 'Chrome' driver

24-05-2024T08:57:07 - [MESSAGE][INFO] - Action delay is set to 0 milliseconds

24-05-2024T08:57:08 - [MESSAGE][PASSED] - Browser is opened with url: ''

24-05-2024T08:57:08 - [TEST_STEP][PASSED] - navigateToUrl("https://hasaki.vn/"): Navigate to 'https://hasaki.vn/' successfully

24-05-2024T08:57:12 - [MESSAGE][PASSED] - Navigate to 'https://hasaki.vn/' successfully

24-05-2024T08:57:12 - [TEST_STEP][PASSED] - maximizeWindow(): Current window maximized

24-05-2024T08:57:12 - [MESSAGE][PASSED] - Current window maximized

24-05-2024T08:57:12 - [TEST_STEP][PASSED] - click(findTestObject("Page_Login/button_Yes_KhuyenMai")): Object: 'Object Repository/Page_Login/button_Yes_KhuyenMai' is clicked on

24-05-2024T08:57:12 - [MESSAGE][PASSED] - Object: 'Object Repository/Page_Login/button_Yes_KhuyenMai' is clicked on

24-05-2024T08:57:12 - [TEST_STEP][PASSED] - click(findTestObject("Page_Login/img_Page")): Object: 'Object Repository/Page_Login/img_Page' is clicked on

24-05-2024T08:57:13 - [MESSAGE][PASSED] - Object: 'Object Repository/Page_Login/img_Page' is clicked on

24-05-2024T08:57:13 - [TEST_STEP][PASSED] - click(findTestObject("Page_Login/Link_Login")): Object: 'Object Repository/Page_Login/Link_Login' is clicked on

24-05-2024T08:57:14 - [MESSAGE][PASSED] - Object: 'Object Repository/Page_Login/Link_Login' is clicked on

24-05-2024T08:57:14 - [TEST_STEP][PASSED] - setText(findTestObject("Page_Login/input_username"), username): Text '' is set on object 'Object Repository/Page_Login/input_username'

24-05-2024T08:57:15 - [MESSAGE][PASSED] - Text '' is set on object 'Object Repository/Page_Login/input_username'

24-05-2024T08:57:15 - [TEST_STEP][PASSED] - setText(findTestObject("Page_Login/input_password"), password): Text '' is set on object 'Object Repository/Page_Login/input_password'

24-05-2024T08:57:16 - [MESSAGE][PASSED] - Text '' is set on object 'Object Repository/Page_Login/input_password'

24-05-2024T08:57:16 - [TEST_STEP][PASSED] - click(findTestObject("Page_Login/button_Login")): Object: 'Object Repository/Page_Login/button_Login' is clicked on

24-05-2024T08:57:17 - [MESSAGE][PASSED] - Object: 'Object Repository/Page_Login/button_Login' is clicked on

24-05-2024T08:57:17 - [TEST_STEP][PASSED] - delay(3): Delayed 3 second(s)

24-05-2024T08:57:20 - [MESSAGE][PASSED] - Delayed 3 second(s)

24-05-2024T08:57:20 - [TEST_STEP][PASSED] - verifyTextPresent(Expected, false): Text '' is present on page 

24-05-2024T08:57:22 - [MESSAGE][PASSED] - Text '' is present on page 

24-05-2024T08:57:22 - [TEST_STEP][PASSED] - closeBrowser(): Browser is closed

24-05-2024T08:57:23 - [MESSAGE][PASSED] - Browser is closed]]></system-out>
         <system-err><![CDATA[]]></system-err>
      </testcase>
      <testcase name="Test Cases/TC_Login" time="15.973" classname="Test Cases/TC_Login" status="PASSED">
         <system-out><![CDATA[24-05-2024T08:57:23 - [TEST_CASE][PASSED] - Test Cases/TC_Login: Test Cases/TC_Login

24-05-2024T08:57:23 - [TEST_STEP][PASSED] - openBrowser(""): Browser is opened with url: ''

24-05-2024T08:57:23 - [MESSAGE][INFO] - Starting 'Chrome' driver

24-05-2024T08:57:23 - [MESSAGE][INFO] - Action delay is set to 0 milliseconds

24-05-2024T08:57:24 - [MESSAGE][PASSED] - Browser is opened with url: ''

24-05-2024T08:57:24 - [TEST_STEP][PASSED] - navigateToUrl("https://hasaki.vn/"): Navigate to 'https://hasaki.vn/' successfully

24-05-2024T08:57:24 - [MESSAGE][PASSED] - Navigate to 'https://hasaki.vn/' successfully

24-05-2024T08:57:24 - [TEST_STEP][PASSED] - maximizeWindow(): Current window maximized

24-05-2024T08:57:27 - [MESSAGE][PASSED] - Current window maximized

24-05-2024T08:57:27 - [TEST_STEP][PASSED] - click(findTestObject("Page_Login/button_Yes_KhuyenMai")): Object: 'Object Repository/Page_Login/button_Yes_KhuyenMai' is clicked on

24-05-2024T08:57:29 - [MESSAGE][PASSED] - Object: 'Object Repository/Page_Login/button_Yes_KhuyenMai' is clicked on

24-05-2024T08:57:29 - [TEST_STEP][PASSED] - click(findTestObject("Page_Login/img_Page")): Object: 'Object Repository/Page_Login/img_Page' is clicked on

24-05-2024T08:57:30 - [MESSAGE][PASSED] - Object: 'Object Repository/Page_Login/img_Page' is clicked on

24-05-2024T08:57:30 - [TEST_STEP][PASSED] - click(findTestObject("Page_Login/Link_Login")): Object: 'Object Repository/Page_Login/Link_Login' is clicked on

24-05-2024T08:57:30 - [MESSAGE][PASSED] - Object: 'Object Repository/Page_Login/Link_Login' is clicked on

24-05-2024T08:57:30 - [TEST_STEP][PASSED] - setText(findTestObject("Page_Login/input_username"), username): Text '' is set on object 'Object Repository/Page_Login/input_username'

24-05-2024T08:57:31 - [MESSAGE][PASSED] - Text '' is set on object 'Object Repository/Page_Login/input_username'

24-05-2024T08:57:31 - [TEST_STEP][PASSED] - setText(findTestObject("Page_Login/input_password"), password): Text '' is set on object 'Object Repository/Page_Login/input_password'

24-05-2024T08:57:32 - [MESSAGE][PASSED] - Text '' is set on object 'Object Repository/Page_Login/input_password'

24-05-2024T08:57:32 - [TEST_STEP][PASSED] - click(findTestObject("Page_Login/button_Login")): Object: 'Object Repository/Page_Login/button_Login' is clicked on

24-05-2024T08:57:33 - [MESSAGE][PASSED] - Object: 'Object Repository/Page_Login/button_Login' is clicked on

24-05-2024T08:57:33 - [TEST_STEP][PASSED] - delay(3): Delayed 3 second(s)

24-05-2024T08:57:36 - [MESSAGE][PASSED] - Delayed 3 second(s)

24-05-2024T08:57:36 - [TEST_STEP][PASSED] - verifyTextPresent(Expected, false): Text '' is present on page 

24-05-2024T08:57:38 - [MESSAGE][PASSED] - Text '' is present on page 

24-05-2024T08:57:38 - [TEST_STEP][PASSED] - closeBrowser(): Browser is closed

24-05-2024T08:57:39 - [MESSAGE][PASSED] - Browser is closed]]></system-out>
         <system-err><![CDATA[]]></system-err>
      </testcase>
      <testcase name="Test Cases/TC_Login" time="18.755" classname="Test Cases/TC_Login" status="PASSED">
         <system-out><![CDATA[24-05-2024T08:57:39 - [TEST_CASE][PASSED] - Test Cases/TC_Login: Test Cases/TC_Login

24-05-2024T08:57:39 - [TEST_STEP][PASSED] - openBrowser(""): Browser is opened with url: ''

24-05-2024T08:57:39 - [MESSAGE][INFO] - Starting 'Chrome' driver

24-05-2024T08:57:39 - [MESSAGE][INFO] - Action delay is set to 0 milliseconds

24-05-2024T08:57:40 - [MESSAGE][PASSED] - Browser is opened with url: ''

24-05-2024T08:57:40 - [TEST_STEP][PASSED] - navigateToUrl("https://hasaki.vn/"): Navigate to 'https://hasaki.vn/' successfully

24-05-2024T08:57:46 - [MESSAGE][PASSED] - Navigate to 'https://hasaki.vn/' successfully

24-05-2024T08:57:46 - [TEST_STEP][PASSED] - maximizeWindow(): Current window maximized

24-05-2024T08:57:46 - [MESSAGE][PASSED] - Current window maximized

24-05-2024T08:57:46 - [TEST_STEP][PASSED] - click(findTestObject("Page_Login/button_Yes_KhuyenMai")): Object: 'Object Repository/Page_Login/button_Yes_KhuyenMai' is clicked on

24-05-2024T08:57:47 - [MESSAGE][PASSED] - Object: 'Object Repository/Page_Login/button_Yes_KhuyenMai' is clicked on

24-05-2024T08:57:47 - [TEST_STEP][PASSED] - click(findTestObject("Page_Login/img_Page")): Object: 'Object Repository/Page_Login/img_Page' is clicked on

24-05-2024T08:57:48 - [MESSAGE][PASSED] - Object: 'Object Repository/Page_Login/img_Page' is clicked on

24-05-2024T08:57:48 - [TEST_STEP][PASSED] - click(findTestObject("Page_Login/Link_Login")): Object: 'Object Repository/Page_Login/Link_Login' is clicked on

24-05-2024T08:57:49 - [MESSAGE][PASSED] - Object: 'Object Repository/Page_Login/Link_Login' is clicked on

24-05-2024T08:57:49 - [TEST_STEP][PASSED] - setText(findTestObject("Page_Login/input_username"), username): Text '' is set on object 'Object Repository/Page_Login/input_username'

24-05-2024T08:57:50 - [MESSAGE][PASSED] - Text '' is set on object 'Object Repository/Page_Login/input_username'

24-05-2024T08:57:50 - [TEST_STEP][PASSED] - setText(findTestObject("Page_Login/input_password"), password): Text '' is set on object 'Object Repository/Page_Login/input_password'

24-05-2024T08:57:51 - [MESSAGE][PASSED] - Text '' is set on object 'Object Repository/Page_Login/input_password'

24-05-2024T08:57:51 - [TEST_STEP][PASSED] - click(findTestObject("Page_Login/button_Login")): Object: 'Object Repository/Page_Login/button_Login' is clicked on

24-05-2024T08:57:52 - [MESSAGE][PASSED] - Object: 'Object Repository/Page_Login/button_Login' is clicked on

24-05-2024T08:57:52 - [TEST_STEP][PASSED] - delay(3): Delayed 3 second(s)

24-05-2024T08:57:55 - [MESSAGE][PASSED] - Delayed 3 second(s)

24-05-2024T08:57:55 - [TEST_STEP][PASSED] - verifyTextPresent(Expected, false): Text '' is present on page 

24-05-2024T08:57:57 - [MESSAGE][PASSED] - Text '' is present on page 

24-05-2024T08:57:57 - [TEST_STEP][PASSED] - closeBrowser(): Browser is closed

24-05-2024T08:57:58 - [MESSAGE][PASSED] - Browser is closed]]></system-out>
         <system-err><![CDATA[]]></system-err>
      </testcase>
      <testcase name="Test Cases/TC_Login" time="16.111" classname="Test Cases/TC_Login" status="PASSED">
         <system-out><![CDATA[24-05-2024T08:57:58 - [TEST_CASE][PASSED] - Test Cases/TC_Login: Test Cases/TC_Login

24-05-2024T08:57:58 - [TEST_STEP][PASSED] - openBrowser(""): Browser is opened with url: ''

24-05-2024T08:57:58 - [MESSAGE][INFO] - Starting 'Chrome' driver

24-05-2024T08:57:58 - [MESSAGE][INFO] - Action delay is set to 0 milliseconds

24-05-2024T08:57:59 - [MESSAGE][PASSED] - Browser is opened with url: ''

24-05-2024T08:57:59 - [TEST_STEP][PASSED] - navigateToUrl("https://hasaki.vn/"): Navigate to 'https://hasaki.vn/' successfully

24-05-2024T08:58:02 - [MESSAGE][PASSED] - Navigate to 'https://hasaki.vn/' successfully

24-05-2024T08:58:02 - [TEST_STEP][PASSED] - maximizeWindow(): Current window maximized

24-05-2024T08:58:02 - [MESSAGE][PASSED] - Current window maximized

24-05-2024T08:58:02 - [TEST_STEP][PASSED] - click(findTestObject("Page_Login/button_Yes_KhuyenMai")): Object: 'Object Repository/Page_Login/button_Yes_KhuyenMai' is clicked on

24-05-2024T08:58:03 - [MESSAGE][PASSED] - Object: 'Object Repository/Page_Login/button_Yes_KhuyenMai' is clicked on

24-05-2024T08:58:03 - [TEST_STEP][PASSED] - click(findTestObject("Page_Login/img_Page")): Object: 'Object Repository/Page_Login/img_Page' is clicked on

24-05-2024T08:58:04 - [MESSAGE][PASSED] - Object: 'Object Repository/Page_Login/img_Page' is clicked on

24-05-2024T08:58:04 - [TEST_STEP][PASSED] - click(findTestObject("Page_Login/Link_Login")): Object: 'Object Repository/Page_Login/Link_Login' is clicked on

24-05-2024T08:58:05 - [MESSAGE][PASSED] - Object: 'Object Repository/Page_Login/Link_Login' is clicked on

24-05-2024T08:58:05 - [TEST_STEP][PASSED] - setText(findTestObject("Page_Login/input_username"), username): Text '' is set on object 'Object Repository/Page_Login/input_username'

24-05-2024T08:58:07 - [MESSAGE][PASSED] - Text '' is set on object 'Object Repository/Page_Login/input_username'

24-05-2024T08:58:07 - [TEST_STEP][PASSED] - setText(findTestObject("Page_Login/input_password"), password): Text '' is set on object 'Object Repository/Page_Login/input_password'

24-05-2024T08:58:08 - [MESSAGE][PASSED] - Text '' is set on object 'Object Repository/Page_Login/input_password'

24-05-2024T08:58:08 - [TEST_STEP][PASSED] - click(findTestObject("Page_Login/button_Login")): Object: 'Object Repository/Page_Login/button_Login' is clicked on

24-05-2024T08:58:08 - [MESSAGE][PASSED] - Object: 'Object Repository/Page_Login/button_Login' is clicked on

24-05-2024T08:58:08 - [TEST_STEP][PASSED] - delay(3): Delayed 3 second(s)

24-05-2024T08:58:11 - [MESSAGE][PASSED] - Delayed 3 second(s)

24-05-2024T08:58:11 - [TEST_STEP][PASSED] - verifyTextPresent(Expected, false): Text '' is present on page 

24-05-2024T08:58:14 - [MESSAGE][PASSED] - Text '' is present on page 

24-05-2024T08:58:14 - [TEST_STEP][PASSED] - closeBrowser(): Browser is closed

24-05-2024T08:58:14 - [MESSAGE][PASSED] - Browser is closed]]></system-out>
         <system-err><![CDATA[]]></system-err>
      </testcase>
      <testcase name="Test Cases/TC_Login" time="15.486" classname="Test Cases/TC_Login" status="PASSED">
         <system-out><![CDATA[24-05-2024T08:58:14 - [TEST_CASE][PASSED] - Test Cases/TC_Login: Test Cases/TC_Login

24-05-2024T08:58:14 - [TEST_STEP][PASSED] - openBrowser(""): Browser is opened with url: ''

24-05-2024T08:58:14 - [MESSAGE][INFO] - Starting 'Chrome' driver

24-05-2024T08:58:14 - [MESSAGE][INFO] - Action delay is set to 0 milliseconds

24-05-2024T08:58:15 - [MESSAGE][PASSED] - Browser is opened with url: ''

24-05-2024T08:58:15 - [TEST_STEP][PASSED] - navigateToUrl("https://hasaki.vn/"): Navigate to 'https://hasaki.vn/' successfully

24-05-2024T08:58:18 - [MESSAGE][PASSED] - Navigate to 'https://hasaki.vn/' successfully

24-05-2024T08:58:18 - [TEST_STEP][PASSED] - maximizeWindow(): Current window maximized

24-05-2024T08:58:18 - [MESSAGE][PASSED] - Current window maximized

24-05-2024T08:58:18 - [TEST_STEP][PASSED] - click(findTestObject("Page_Login/button_Yes_KhuyenMai")): Object: 'Object Repository/Page_Login/button_Yes_KhuyenMai' is clicked on

24-05-2024T08:58:19 - [MESSAGE][PASSED] - Object: 'Object Repository/Page_Login/button_Yes_KhuyenMai' is clicked on

24-05-2024T08:58:19 - [TEST_STEP][PASSED] - click(findTestObject("Page_Login/img_Page")): Object: 'Object Repository/Page_Login/img_Page' is clicked on

24-05-2024T08:58:20 - [MESSAGE][PASSED] - Object: 'Object Repository/Page_Login/img_Page' is clicked on

24-05-2024T08:58:20 - [TEST_STEP][PASSED] - click(findTestObject("Page_Login/Link_Login")): Object: 'Object Repository/Page_Login/Link_Login' is clicked on

24-05-2024T08:58:21 - [MESSAGE][PASSED] - Object: 'Object Repository/Page_Login/Link_Login' is clicked on

24-05-2024T08:58:21 - [TEST_STEP][PASSED] - setText(findTestObject("Page_Login/input_username"), username): Text '' is set on object 'Object Repository/Page_Login/input_username'

24-05-2024T08:58:22 - [MESSAGE][PASSED] - Text '' is set on object 'Object Repository/Page_Login/input_username'

24-05-2024T08:58:22 - [TEST_STEP][PASSED] - setText(findTestObject("Page_Login/input_password"), password): Text '' is set on object 'Object Repository/Page_Login/input_password'

24-05-2024T08:58:23 - [MESSAGE][PASSED] - Text '' is set on object 'Object Repository/Page_Login/input_password'

24-05-2024T08:58:23 - [TEST_STEP][PASSED] - click(findTestObject("Page_Login/button_Login")): Object: 'Object Repository/Page_Login/button_Login' is clicked on

24-05-2024T08:58:24 - [MESSAGE][PASSED] - Object: 'Object Repository/Page_Login/button_Login' is clicked on

24-05-2024T08:58:24 - [TEST_STEP][PASSED] - delay(3): Delayed 3 second(s)

24-05-2024T08:58:27 - [MESSAGE][PASSED] - Delayed 3 second(s)

24-05-2024T08:58:27 - [TEST_STEP][PASSED] - verifyTextPresent(Expected, false): Text '' is present on page 

24-05-2024T08:58:29 - [MESSAGE][PASSED] - Text '' is present on page 

24-05-2024T08:58:29 - [TEST_STEP][PASSED] - closeBrowser(): Browser is closed

24-05-2024T08:58:30 - [MESSAGE][PASSED] - Browser is closed]]></system-out>
         <system-err><![CDATA[]]></system-err>
      </testcase>
      <testcase name="Test Cases/TC_Login" time="15.459" classname="Test Cases/TC_Login" status="PASSED">
         <system-out><![CDATA[24-05-2024T08:58:30 - [TEST_CASE][PASSED] - Test Cases/TC_Login: Test Cases/TC_Login

24-05-2024T08:58:30 - [TEST_STEP][PASSED] - openBrowser(""): Browser is opened with url: ''

24-05-2024T08:58:30 - [MESSAGE][INFO] - Starting 'Chrome' driver

24-05-2024T08:58:30 - [MESSAGE][INFO] - Action delay is set to 0 milliseconds

24-05-2024T08:58:31 - [MESSAGE][PASSED] - Browser is opened with url: ''

24-05-2024T08:58:31 - [TEST_STEP][PASSED] - navigateToUrl("https://hasaki.vn/"): Navigate to 'https://hasaki.vn/' successfully

24-05-2024T08:58:34 - [MESSAGE][PASSED] - Navigate to 'https://hasaki.vn/' successfully

24-05-2024T08:58:34 - [TEST_STEP][PASSED] - maximizeWindow(): Current window maximized

24-05-2024T08:58:34 - [MESSAGE][PASSED] - Current window maximized

24-05-2024T08:58:34 - [TEST_STEP][PASSED] - click(findTestObject("Page_Login/button_Yes_KhuyenMai")): Object: 'Object Repository/Page_Login/button_Yes_KhuyenMai' is clicked on

24-05-2024T08:58:35 - [MESSAGE][PASSED] - Object: 'Object Repository/Page_Login/button_Yes_KhuyenMai' is clicked on

24-05-2024T08:58:35 - [TEST_STEP][PASSED] - click(findTestObject("Page_Login/img_Page")): Object: 'Object Repository/Page_Login/img_Page' is clicked on

24-05-2024T08:58:36 - [MESSAGE][PASSED] - Object: 'Object Repository/Page_Login/img_Page' is clicked on

24-05-2024T08:58:36 - [TEST_STEP][PASSED] - click(findTestObject("Page_Login/Link_Login")): Object: 'Object Repository/Page_Login/Link_Login' is clicked on

24-05-2024T08:58:36 - [MESSAGE][PASSED] - Object: 'Object Repository/Page_Login/Link_Login' is clicked on

24-05-2024T08:58:36 - [TEST_STEP][PASSED] - setText(findTestObject("Page_Login/input_username"), username): Text '' is set on object 'Object Repository/Page_Login/input_username'

24-05-2024T08:58:38 - [MESSAGE][PASSED] - Text '' is set on object 'Object Repository/Page_Login/input_username'

24-05-2024T08:58:38 - [TEST_STEP][PASSED] - setText(findTestObject("Page_Login/input_password"), password): Text '' is set on object 'Object Repository/Page_Login/input_password'

24-05-2024T08:58:39 - [MESSAGE][PASSED] - Text '' is set on object 'Object Repository/Page_Login/input_password'

24-05-2024T08:58:39 - [TEST_STEP][PASSED] - click(findTestObject("Page_Login/button_Login")): Object: 'Object Repository/Page_Login/button_Login' is clicked on

24-05-2024T08:58:39 - [MESSAGE][PASSED] - Object: 'Object Repository/Page_Login/button_Login' is clicked on

24-05-2024T08:58:39 - [TEST_STEP][PASSED] - delay(3): Delayed 3 second(s)

24-05-2024T08:58:42 - [MESSAGE][PASSED] - Delayed 3 second(s)

24-05-2024T08:58:42 - [TEST_STEP][PASSED] - verifyTextPresent(Expected, false): Text '' is present on page 

24-05-2024T08:58:45 - [MESSAGE][PASSED] - Text '' is present on page 

24-05-2024T08:58:45 - [TEST_STEP][PASSED] - closeBrowser(): Browser is closed

24-05-2024T08:58:45 - [MESSAGE][PASSED] - Browser is closed]]></system-out>
         <system-err><![CDATA[]]></system-err>
      </testcase>
      <testcase name="Test Cases/TC_Login" time="15.709" classname="Test Cases/TC_Login" status="PASSED">
         <system-out><![CDATA[24-05-2024T08:58:45 - [TEST_CASE][PASSED] - Test Cases/TC_Login: Test Cases/TC_Login

24-05-2024T08:58:45 - [TEST_STEP][PASSED] - openBrowser(""): Browser is opened with url: ''

24-05-2024T08:58:45 - [MESSAGE][INFO] - Starting 'Chrome' driver

24-05-2024T08:58:45 - [MESSAGE][INFO] - Action delay is set to 0 milliseconds

24-05-2024T08:58:46 - [MESSAGE][PASSED] - Browser is opened with url: ''

24-05-2024T08:58:46 - [TEST_STEP][PASSED] - navigateToUrl("https://hasaki.vn/"): Navigate to 'https://hasaki.vn/' successfully

24-05-2024T08:58:49 - [MESSAGE][PASSED] - Navigate to 'https://hasaki.vn/' successfully

24-05-2024T08:58:49 - [TEST_STEP][PASSED] - maximizeWindow(): Current window maximized

24-05-2024T08:58:50 - [MESSAGE][PASSED] - Current window maximized

24-05-2024T08:58:50 - [TEST_STEP][PASSED] - click(findTestObject("Page_Login/button_Yes_KhuyenMai")): Object: 'Object Repository/Page_Login/button_Yes_KhuyenMai' is clicked on

24-05-2024T08:58:50 - [MESSAGE][PASSED] - Object: 'Object Repository/Page_Login/button_Yes_KhuyenMai' is clicked on

24-05-2024T08:58:50 - [TEST_STEP][PASSED] - click(findTestObject("Page_Login/img_Page")): Object: 'Object Repository/Page_Login/img_Page' is clicked on

24-05-2024T08:58:51 - [MESSAGE][PASSED] - Object: 'Object Repository/Page_Login/img_Page' is clicked on

24-05-2024T08:58:51 - [TEST_STEP][PASSED] - click(findTestObject("Page_Login/Link_Login")): Object: 'Object Repository/Page_Login/Link_Login' is clicked on

24-05-2024T08:58:52 - [MESSAGE][PASSED] - Object: 'Object Repository/Page_Login/Link_Login' is clicked on

24-05-2024T08:58:52 - [TEST_STEP][PASSED] - setText(findTestObject("Page_Login/input_username"), username): Text '' is set on object 'Object Repository/Page_Login/input_username'

24-05-2024T08:58:53 - [MESSAGE][PASSED] - Text '' is set on object 'Object Repository/Page_Login/input_username'

24-05-2024T08:58:53 - [TEST_STEP][PASSED] - setText(findTestObject("Page_Login/input_password"), password): Text '' is set on object 'Object Repository/Page_Login/input_password'

24-05-2024T08:58:54 - [MESSAGE][PASSED] - Text '' is set on object 'Object Repository/Page_Login/input_password'

24-05-2024T08:58:54 - [TEST_STEP][PASSED] - click(findTestObject("Page_Login/button_Login")): Object: 'Object Repository/Page_Login/button_Login' is clicked on

24-05-2024T08:58:55 - [MESSAGE][PASSED] - Object: 'Object Repository/Page_Login/button_Login' is clicked on

24-05-2024T08:58:55 - [TEST_STEP][PASSED] - delay(3): Delayed 3 second(s)

24-05-2024T08:58:58 - [MESSAGE][PASSED] - Delayed 3 second(s)

24-05-2024T08:58:58 - [TEST_STEP][PASSED] - verifyTextPresent(Expected, false): Text '' is present on page 

24-05-2024T08:59:00 - [MESSAGE][PASSED] - Text '' is present on page 

24-05-2024T08:59:00 - [TEST_STEP][PASSED] - closeBrowser(): Browser is closed

24-05-2024T08:59:01 - [MESSAGE][PASSED] - Browser is closed]]></system-out>
         <system-err><![CDATA[]]></system-err>
      </testcase>
      <testcase name="Test Cases/TC_Login" time="15.022" classname="Test Cases/TC_Login" status="PASSED">
         <system-out><![CDATA[24-05-2024T08:59:01 - [TEST_CASE][PASSED] - Test Cases/TC_Login: Test Cases/TC_Login

24-05-2024T08:59:01 - [TEST_STEP][PASSED] - openBrowser(""): Browser is opened with url: ''

24-05-2024T08:59:01 - [MESSAGE][INFO] - Starting 'Chrome' driver

24-05-2024T08:59:01 - [MESSAGE][INFO] - Action delay is set to 0 milliseconds

24-05-2024T08:59:02 - [MESSAGE][PASSED] - Browser is opened with url: ''

24-05-2024T08:59:02 - [TEST_STEP][PASSED] - navigateToUrl("https://hasaki.vn/"): Navigate to 'https://hasaki.vn/' successfully

24-05-2024T08:59:05 - [MESSAGE][PASSED] - Navigate to 'https://hasaki.vn/' successfully

24-05-2024T08:59:05 - [TEST_STEP][PASSED] - maximizeWindow(): Current window maximized

24-05-2024T08:59:05 - [MESSAGE][PASSED] - Current window maximized

24-05-2024T08:59:05 - [TEST_STEP][PASSED] - click(findTestObject("Page_Login/button_Yes_KhuyenMai")): Object: 'Object Repository/Page_Login/button_Yes_KhuyenMai' is clicked on

24-05-2024T08:59:06 - [MESSAGE][PASSED] - Object: 'Object Repository/Page_Login/button_Yes_KhuyenMai' is clicked on

24-05-2024T08:59:06 - [TEST_STEP][PASSED] - click(findTestObject("Page_Login/img_Page")): Object: 'Object Repository/Page_Login/img_Page' is clicked on

24-05-2024T08:59:07 - [MESSAGE][PASSED] - Object: 'Object Repository/Page_Login/img_Page' is clicked on

24-05-2024T08:59:07 - [TEST_STEP][PASSED] - click(findTestObject("Page_Login/Link_Login")): Object: 'Object Repository/Page_Login/Link_Login' is clicked on

24-05-2024T08:59:07 - [MESSAGE][PASSED] - Object: 'Object Repository/Page_Login/Link_Login' is clicked on

24-05-2024T08:59:07 - [TEST_STEP][PASSED] - setText(findTestObject("Page_Login/input_username"), username): Text '' is set on object 'Object Repository/Page_Login/input_username'

24-05-2024T08:59:09 - [MESSAGE][PASSED] - Text '' is set on object 'Object Repository/Page_Login/input_username'

24-05-2024T08:59:09 - [TEST_STEP][PASSED] - setText(findTestObject("Page_Login/input_password"), password): Text '' is set on object 'Object Repository/Page_Login/input_password'

24-05-2024T08:59:10 - [MESSAGE][PASSED] - Text '' is set on object 'Object Repository/Page_Login/input_password'

24-05-2024T08:59:10 - [TEST_STEP][PASSED] - click(findTestObject("Page_Login/button_Login")): Object: 'Object Repository/Page_Login/button_Login' is clicked on

24-05-2024T08:59:10 - [MESSAGE][PASSED] - Object: 'Object Repository/Page_Login/button_Login' is clicked on

24-05-2024T08:59:10 - [TEST_STEP][PASSED] - delay(3): Delayed 3 second(s)

24-05-2024T08:59:13 - [MESSAGE][PASSED] - Delayed 3 second(s)

24-05-2024T08:59:13 - [TEST_STEP][PASSED] - verifyTextPresent(Expected, false): Text '' is present on page 

24-05-2024T08:59:15 - [MESSAGE][PASSED] - Text '' is present on page 

24-05-2024T08:59:15 - [TEST_STEP][PASSED] - closeBrowser(): Browser is closed

24-05-2024T08:59:16 - [MESSAGE][PASSED] - Browser is closed]]></system-out>
         <system-err><![CDATA[]]></system-err>
      </testcase>
      <testcase name="Test Cases/TC_Login" time="16.41" classname="Test Cases/TC_Login" status="PASSED">
         <system-out><![CDATA[24-05-2024T08:59:16 - [TEST_CASE][PASSED] - Test Cases/TC_Login: Test Cases/TC_Login

24-05-2024T08:59:16 - [TEST_STEP][PASSED] - openBrowser(""): Browser is opened with url: ''

24-05-2024T08:59:16 - [MESSAGE][INFO] - Starting 'Chrome' driver

24-05-2024T08:59:16 - [MESSAGE][INFO] - Action delay is set to 0 milliseconds

24-05-2024T08:59:17 - [MESSAGE][PASSED] - Browser is opened with url: ''

24-05-2024T08:59:17 - [TEST_STEP][PASSED] - navigateToUrl("https://hasaki.vn/"): Navigate to 'https://hasaki.vn/' successfully

24-05-2024T08:59:20 - [MESSAGE][PASSED] - Navigate to 'https://hasaki.vn/' successfully

24-05-2024T08:59:20 - [TEST_STEP][PASSED] - maximizeWindow(): Current window maximized

24-05-2024T08:59:20 - [MESSAGE][PASSED] - Current window maximized

24-05-2024T08:59:20 - [TEST_STEP][PASSED] - click(findTestObject("Page_Login/button_Yes_KhuyenMai")): Object: 'Object Repository/Page_Login/button_Yes_KhuyenMai' is clicked on

24-05-2024T08:59:21 - [MESSAGE][PASSED] - Object: 'Object Repository/Page_Login/button_Yes_KhuyenMai' is clicked on

24-05-2024T08:59:21 - [TEST_STEP][PASSED] - click(findTestObject("Page_Login/img_Page")): Object: 'Object Repository/Page_Login/img_Page' is clicked on

24-05-2024T08:59:22 - [MESSAGE][PASSED] - Object: 'Object Repository/Page_Login/img_Page' is clicked on

24-05-2024T08:59:22 - [TEST_STEP][PASSED] - click(findTestObject("Page_Login/Link_Login")): Object: 'Object Repository/Page_Login/Link_Login' is clicked on

24-05-2024T08:59:23 - [MESSAGE][PASSED] - Object: 'Object Repository/Page_Login/Link_Login' is clicked on

24-05-2024T08:59:23 - [TEST_STEP][PASSED] - setText(findTestObject("Page_Login/input_username"), username): Text '' is set on object 'Object Repository/Page_Login/input_username'

24-05-2024T08:59:24 - [MESSAGE][PASSED] - Text '' is set on object 'Object Repository/Page_Login/input_username'

24-05-2024T08:59:24 - [TEST_STEP][PASSED] - setText(findTestObject("Page_Login/input_password"), password): Text '' is set on object 'Object Repository/Page_Login/input_password'

24-05-2024T08:59:25 - [MESSAGE][PASSED] - Text '' is set on object 'Object Repository/Page_Login/input_password'

24-05-2024T08:59:25 - [TEST_STEP][PASSED] - click(findTestObject("Page_Login/button_Login")): Object: 'Object Repository/Page_Login/button_Login' is clicked on

24-05-2024T08:59:26 - [MESSAGE][PASSED] - Object: 'Object Repository/Page_Login/button_Login' is clicked on

24-05-2024T08:59:26 - [TEST_STEP][PASSED] - delay(3): Delayed 3 second(s)

24-05-2024T08:59:29 - [MESSAGE][PASSED] - Delayed 3 second(s)

24-05-2024T08:59:29 - [TEST_STEP][PASSED] - verifyTextPresent(Expected, false): Text '' is present on page 

24-05-2024T08:59:32 - [MESSAGE][PASSED] - Text '' is present on page 

24-05-2024T08:59:32 - [TEST_STEP][PASSED] - closeBrowser(): Browser is closed

24-05-2024T08:59:32 - [MESSAGE][PASSED] - Browser is closed]]></system-out>
         <system-err><![CDATA[]]></system-err>
      </testcase>
      <testcase name="Test Cases/TC_Login" time="15.972" classname="Test Cases/TC_Login" status="PASSED">
         <system-out><![CDATA[24-05-2024T08:59:32 - [TEST_CASE][PASSED] - Test Cases/TC_Login: Test Cases/TC_Login

24-05-2024T08:59:33 - [TEST_STEP][PASSED] - openBrowser(""): Browser is opened with url: ''

24-05-2024T08:59:33 - [MESSAGE][INFO] - Starting 'Chrome' driver

24-05-2024T08:59:33 - [MESSAGE][INFO] - Action delay is set to 0 milliseconds

24-05-2024T08:59:34 - [MESSAGE][PASSED] - Browser is opened with url: ''

24-05-2024T08:59:34 - [TEST_STEP][PASSED] - navigateToUrl("https://hasaki.vn/"): Navigate to 'https://hasaki.vn/' successfully

24-05-2024T08:59:37 - [MESSAGE][PASSED] - Navigate to 'https://hasaki.vn/' successfully

24-05-2024T08:59:37 - [TEST_STEP][PASSED] - maximizeWindow(): Current window maximized

24-05-2024T08:59:37 - [MESSAGE][PASSED] - Current window maximized

24-05-2024T08:59:37 - [TEST_STEP][PASSED] - click(findTestObject("Page_Login/button_Yes_KhuyenMai")): Object: 'Object Repository/Page_Login/button_Yes_KhuyenMai' is clicked on

24-05-2024T08:59:38 - [MESSAGE][PASSED] - Object: 'Object Repository/Page_Login/button_Yes_KhuyenMai' is clicked on

24-05-2024T08:59:38 - [TEST_STEP][PASSED] - click(findTestObject("Page_Login/img_Page")): Object: 'Object Repository/Page_Login/img_Page' is clicked on

24-05-2024T08:59:39 - [MESSAGE][PASSED] - Object: 'Object Repository/Page_Login/img_Page' is clicked on

24-05-2024T08:59:39 - [TEST_STEP][PASSED] - click(findTestObject("Page_Login/Link_Login")): Object: 'Object Repository/Page_Login/Link_Login' is clicked on

24-05-2024T08:59:40 - [MESSAGE][PASSED] - Object: 'Object Repository/Page_Login/Link_Login' is clicked on

24-05-2024T08:59:40 - [TEST_STEP][PASSED] - setText(findTestObject("Page_Login/input_username"), username): Text '' is set on object 'Object Repository/Page_Login/input_username'

24-05-2024T08:59:41 - [MESSAGE][PASSED] - Text '' is set on object 'Object Repository/Page_Login/input_username'

24-05-2024T08:59:41 - [TEST_STEP][PASSED] - setText(findTestObject("Page_Login/input_password"), password): Text '' is set on object 'Object Repository/Page_Login/input_password'

24-05-2024T08:59:42 - [MESSAGE][PASSED] - Text '' is set on object 'Object Repository/Page_Login/input_password'

24-05-2024T08:59:42 - [TEST_STEP][PASSED] - click(findTestObject("Page_Login/button_Login")): Object: 'Object Repository/Page_Login/button_Login' is clicked on

24-05-2024T08:59:43 - [MESSAGE][PASSED] - Object: 'Object Repository/Page_Login/button_Login' is clicked on

24-05-2024T08:59:43 - [TEST_STEP][PASSED] - delay(3): Delayed 3 second(s)

24-05-2024T08:59:46 - [MESSAGE][PASSED] - Delayed 3 second(s)

24-05-2024T08:59:46 - [TEST_STEP][PASSED] - verifyTextPresent(Expected, false): Text '' is present on page 

24-05-2024T08:59:48 - [MESSAGE][PASSED] - Text '' is present on page 

24-05-2024T08:59:48 - [TEST_STEP][PASSED] - closeBrowser(): Browser is closed

24-05-2024T08:59:48 - [MESSAGE][PASSED] - Browser is closed]]></system-out>
         <system-err><![CDATA[]]></system-err>
      </testcase>
      <testcase name="Test Cases/TC_Login" time="15.787" classname="Test Cases/TC_Login" status="PASSED">
         <system-out><![CDATA[24-05-2024T08:59:49 - [TEST_CASE][PASSED] - Test Cases/TC_Login: Test Cases/TC_Login

24-05-2024T08:59:49 - [TEST_STEP][PASSED] - openBrowser(""): Browser is opened with url: ''

24-05-2024T08:59:49 - [MESSAGE][INFO] - Starting 'Chrome' driver

24-05-2024T08:59:49 - [MESSAGE][INFO] - Action delay is set to 0 milliseconds

24-05-2024T08:59:49 - [MESSAGE][PASSED] - Browser is opened with url: ''

24-05-2024T08:59:49 - [TEST_STEP][PASSED] - navigateToUrl("https://hasaki.vn/"): Navigate to 'https://hasaki.vn/' successfully

24-05-2024T08:59:53 - [MESSAGE][PASSED] - Navigate to 'https://hasaki.vn/' successfully

24-05-2024T08:59:53 - [TEST_STEP][PASSED] - maximizeWindow(): Current window maximized

24-05-2024T08:59:53 - [MESSAGE][PASSED] - Current window maximized

24-05-2024T08:59:53 - [TEST_STEP][PASSED] - click(findTestObject("Page_Login/button_Yes_KhuyenMai")): Object: 'Object Repository/Page_Login/button_Yes_KhuyenMai' is clicked on

24-05-2024T08:59:54 - [MESSAGE][PASSED] - Object: 'Object Repository/Page_Login/button_Yes_KhuyenMai' is clicked on

24-05-2024T08:59:54 - [TEST_STEP][PASSED] - click(findTestObject("Page_Login/img_Page")): Object: 'Object Repository/Page_Login/img_Page' is clicked on

24-05-2024T08:59:55 - [MESSAGE][PASSED] - Object: 'Object Repository/Page_Login/img_Page' is clicked on

24-05-2024T08:59:55 - [TEST_STEP][PASSED] - click(findTestObject("Page_Login/Link_Login")): Object: 'Object Repository/Page_Login/Link_Login' is clicked on

24-05-2024T08:59:56 - [MESSAGE][PASSED] - Object: 'Object Repository/Page_Login/Link_Login' is clicked on

24-05-2024T08:59:56 - [TEST_STEP][PASSED] - setText(findTestObject("Page_Login/input_username"), username): Text '' is set on object 'Object Repository/Page_Login/input_username'

24-05-2024T08:59:57 - [MESSAGE][PASSED] - Text '' is set on object 'Object Repository/Page_Login/input_username'

24-05-2024T08:59:57 - [TEST_STEP][PASSED] - setText(findTestObject("Page_Login/input_password"), password): Text '' is set on object 'Object Repository/Page_Login/input_password'

24-05-2024T08:59:58 - [MESSAGE][PASSED] - Text '' is set on object 'Object Repository/Page_Login/input_password'

24-05-2024T08:59:58 - [TEST_STEP][PASSED] - click(findTestObject("Page_Login/button_Login")): Object: 'Object Repository/Page_Login/button_Login' is clicked on

24-05-2024T08:59:59 - [MESSAGE][PASSED] - Object: 'Object Repository/Page_Login/button_Login' is clicked on

24-05-2024T08:59:59 - [TEST_STEP][PASSED] - delay(3): Delayed 3 second(s)

24-05-2024T09:00:02 - [MESSAGE][PASSED] - Delayed 3 second(s)

24-05-2024T09:00:02 - [TEST_STEP][PASSED] - verifyTextPresent(Expected, false): Text '' is present on page 

24-05-2024T09:00:04 - [MESSAGE][PASSED] - Text '' is present on page 

24-05-2024T09:00:04 - [TEST_STEP][PASSED] - closeBrowser(): Browser is closed

24-05-2024T09:00:04 - [MESSAGE][PASSED] - Browser is closed]]></system-out>
         <system-err><![CDATA[]]></system-err>
      </testcase>
      <testcase name="Test Cases/TC_Login" time="15.219" classname="Test Cases/TC_Login" status="PASSED">
         <system-out><![CDATA[24-05-2024T09:00:04 - [TEST_CASE][PASSED] - Test Cases/TC_Login: Test Cases/TC_Login

24-05-2024T09:00:04 - [TEST_STEP][PASSED] - openBrowser(""): Browser is opened with url: ''

24-05-2024T09:00:04 - [MESSAGE][INFO] - Starting 'Chrome' driver

24-05-2024T09:00:04 - [MESSAGE][INFO] - Action delay is set to 0 milliseconds

24-05-2024T09:00:05 - [MESSAGE][PASSED] - Browser is opened with url: ''

24-05-2024T09:00:05 - [TEST_STEP][PASSED] - navigateToUrl("https://hasaki.vn/"): Navigate to 'https://hasaki.vn/' successfully

24-05-2024T09:00:09 - [MESSAGE][PASSED] - Navigate to 'https://hasaki.vn/' successfully

24-05-2024T09:00:09 - [TEST_STEP][PASSED] - maximizeWindow(): Current window maximized

24-05-2024T09:00:09 - [MESSAGE][PASSED] - Current window maximized

24-05-2024T09:00:09 - [TEST_STEP][PASSED] - click(findTestObject("Page_Login/button_Yes_KhuyenMai")): Object: 'Object Repository/Page_Login/button_Yes_KhuyenMai' is clicked on

24-05-2024T09:00:10 - [MESSAGE][PASSED] - Object: 'Object Repository/Page_Login/button_Yes_KhuyenMai' is clicked on

24-05-2024T09:00:10 - [TEST_STEP][PASSED] - click(findTestObject("Page_Login/img_Page")): Object: 'Object Repository/Page_Login/img_Page' is clicked on

24-05-2024T09:00:11 - [MESSAGE][PASSED] - Object: 'Object Repository/Page_Login/img_Page' is clicked on

24-05-2024T09:00:11 - [TEST_STEP][PASSED] - click(findTestObject("Page_Login/Link_Login")): Object: 'Object Repository/Page_Login/Link_Login' is clicked on

24-05-2024T09:00:11 - [MESSAGE][PASSED] - Object: 'Object Repository/Page_Login/Link_Login' is clicked on

24-05-2024T09:00:11 - [TEST_STEP][PASSED] - setText(findTestObject("Page_Login/input_username"), username): Text '' is set on object 'Object Repository/Page_Login/input_username'

24-05-2024T09:00:13 - [MESSAGE][PASSED] - Text '' is set on object 'Object Repository/Page_Login/input_username'

24-05-2024T09:00:13 - [TEST_STEP][PASSED] - setText(findTestObject("Page_Login/input_password"), password): Text '' is set on object 'Object Repository/Page_Login/input_password'

24-05-2024T09:00:14 - [MESSAGE][PASSED] - Text '' is set on object 'Object Repository/Page_Login/input_password'

24-05-2024T09:00:14 - [TEST_STEP][PASSED] - click(findTestObject("Page_Login/button_Login")): Object: 'Object Repository/Page_Login/button_Login' is clicked on

24-05-2024T09:00:14 - [MESSAGE][PASSED] - Object: 'Object Repository/Page_Login/button_Login' is clicked on

24-05-2024T09:00:14 - [TEST_STEP][PASSED] - delay(3): Delayed 3 second(s)

24-05-2024T09:00:17 - [MESSAGE][PASSED] - Delayed 3 second(s)

24-05-2024T09:00:17 - [TEST_STEP][PASSED] - verifyTextPresent(Expected, false): Text '' is present on page 

24-05-2024T09:00:19 - [MESSAGE][PASSED] - Text '' is present on page 

24-05-2024T09:00:19 - [TEST_STEP][PASSED] - closeBrowser(): Browser is closed

24-05-2024T09:00:20 - [MESSAGE][PASSED] - Browser is closed]]></system-out>
         <system-err><![CDATA[]]></system-err>
      </testcase>
      <testcase name="Test Cases/TC_Login" time="16.003" classname="Test Cases/TC_Login" status="PASSED">
         <system-out><![CDATA[24-05-2024T09:00:20 - [TEST_CASE][PASSED] - Test Cases/TC_Login: Test Cases/TC_Login

24-05-2024T09:00:20 - [TEST_STEP][PASSED] - openBrowser(""): Browser is opened with url: ''

24-05-2024T09:00:20 - [MESSAGE][INFO] - Starting 'Chrome' driver

24-05-2024T09:00:20 - [MESSAGE][INFO] - Action delay is set to 0 milliseconds

24-05-2024T09:00:21 - [MESSAGE][PASSED] - Browser is opened with url: ''

24-05-2024T09:00:21 - [TEST_STEP][PASSED] - navigateToUrl("https://hasaki.vn/"): Navigate to 'https://hasaki.vn/' successfully

24-05-2024T09:00:24 - [MESSAGE][PASSED] - Navigate to 'https://hasaki.vn/' successfully

24-05-2024T09:00:24 - [TEST_STEP][PASSED] - maximizeWindow(): Current window maximized

24-05-2024T09:00:24 - [MESSAGE][PASSED] - Current window maximized

24-05-2024T09:00:24 - [TEST_STEP][PASSED] - click(findTestObject("Page_Login/button_Yes_KhuyenMai")): Object: 'Object Repository/Page_Login/button_Yes_KhuyenMai' is clicked on

24-05-2024T09:00:25 - [MESSAGE][PASSED] - Object: 'Object Repository/Page_Login/button_Yes_KhuyenMai' is clicked on

24-05-2024T09:00:25 - [TEST_STEP][PASSED] - click(findTestObject("Page_Login/img_Page")): Object: 'Object Repository/Page_Login/img_Page' is clicked on

24-05-2024T09:00:26 - [MESSAGE][PASSED] - Object: 'Object Repository/Page_Login/img_Page' is clicked on

24-05-2024T09:00:26 - [TEST_STEP][PASSED] - click(findTestObject("Page_Login/Link_Login")): Object: 'Object Repository/Page_Login/Link_Login' is clicked on

24-05-2024T09:00:27 - [MESSAGE][PASSED] - Object: 'Object Repository/Page_Login/Link_Login' is clicked on

24-05-2024T09:00:27 - [TEST_STEP][PASSED] - setText(findTestObject("Page_Login/input_username"), username): Text '' is set on object 'Object Repository/Page_Login/input_username'

24-05-2024T09:00:28 - [MESSAGE][PASSED] - Text '' is set on object 'Object Repository/Page_Login/input_username'

24-05-2024T09:00:28 - [TEST_STEP][PASSED] - setText(findTestObject("Page_Login/input_password"), password): Text '' is set on object 'Object Repository/Page_Login/input_password'

24-05-2024T09:00:29 - [MESSAGE][PASSED] - Text '' is set on object 'Object Repository/Page_Login/input_password'

24-05-2024T09:00:29 - [TEST_STEP][PASSED] - click(findTestObject("Page_Login/button_Login")): Object: 'Object Repository/Page_Login/button_Login' is clicked on

24-05-2024T09:00:30 - [MESSAGE][PASSED] - Object: 'Object Repository/Page_Login/button_Login' is clicked on

24-05-2024T09:00:30 - [TEST_STEP][PASSED] - delay(3): Delayed 3 second(s)

24-05-2024T09:00:33 - [MESSAGE][PASSED] - Delayed 3 second(s)

24-05-2024T09:00:33 - [TEST_STEP][PASSED] - verifyTextPresent(Expected, false): Text '' is present on page 

24-05-2024T09:00:35 - [MESSAGE][PASSED] - Text '' is present on page 

24-05-2024T09:00:35 - [TEST_STEP][PASSED] - closeBrowser(): Browser is closed

24-05-2024T09:00:36 - [MESSAGE][PASSED] - Browser is closed]]></system-out>
         <system-err><![CDATA[]]></system-err>
      </testcase>
      <testcase name="Test Cases/TC_Login" time="15.939" classname="Test Cases/TC_Login" status="PASSED">
         <system-out><![CDATA[24-05-2024T09:00:36 - [TEST_CASE][PASSED] - Test Cases/TC_Login: Test Cases/TC_Login

24-05-2024T09:00:36 - [TEST_STEP][PASSED] - openBrowser(""): Browser is opened with url: ''

24-05-2024T09:00:36 - [MESSAGE][INFO] - Starting 'Chrome' driver

24-05-2024T09:00:36 - [MESSAGE][INFO] - Action delay is set to 0 milliseconds

24-05-2024T09:00:37 - [MESSAGE][PASSED] - Browser is opened with url: ''

24-05-2024T09:00:37 - [TEST_STEP][PASSED] - navigateToUrl("https://hasaki.vn/"): Navigate to 'https://hasaki.vn/' successfully

24-05-2024T09:00:40 - [MESSAGE][PASSED] - Navigate to 'https://hasaki.vn/' successfully

24-05-2024T09:00:40 - [TEST_STEP][PASSED] - maximizeWindow(): Current window maximized

24-05-2024T09:00:40 - [MESSAGE][PASSED] - Current window maximized

24-05-2024T09:00:40 - [TEST_STEP][PASSED] - click(findTestObject("Page_Login/button_Yes_KhuyenMai")): Object: 'Object Repository/Page_Login/button_Yes_KhuyenMai' is clicked on

24-05-2024T09:00:42 - [MESSAGE][PASSED] - Object: 'Object Repository/Page_Login/button_Yes_KhuyenMai' is clicked on

24-05-2024T09:00:42 - [TEST_STEP][PASSED] - click(findTestObject("Page_Login/img_Page")): Object: 'Object Repository/Page_Login/img_Page' is clicked on

24-05-2024T09:00:42 - [MESSAGE][PASSED] - Object: 'Object Repository/Page_Login/img_Page' is clicked on

24-05-2024T09:00:42 - [TEST_STEP][PASSED] - click(findTestObject("Page_Login/Link_Login")): Object: 'Object Repository/Page_Login/Link_Login' is clicked on

24-05-2024T09:00:43 - [MESSAGE][PASSED] - Object: 'Object Repository/Page_Login/Link_Login' is clicked on

24-05-2024T09:00:43 - [TEST_STEP][PASSED] - setText(findTestObject("Page_Login/input_username"), username): Text '' is set on object 'Object Repository/Page_Login/input_username'

24-05-2024T09:00:44 - [MESSAGE][PASSED] - Text '' is set on object 'Object Repository/Page_Login/input_username'

24-05-2024T09:00:44 - [TEST_STEP][PASSED] - setText(findTestObject("Page_Login/input_password"), password): Text '' is set on object 'Object Repository/Page_Login/input_password'

24-05-2024T09:00:45 - [MESSAGE][PASSED] - Text '' is set on object 'Object Repository/Page_Login/input_password'

24-05-2024T09:00:45 - [TEST_STEP][PASSED] - click(findTestObject("Page_Login/button_Login")): Object: 'Object Repository/Page_Login/button_Login' is clicked on

24-05-2024T09:00:46 - [MESSAGE][PASSED] - Object: 'Object Repository/Page_Login/button_Login' is clicked on

24-05-2024T09:00:46 - [TEST_STEP][PASSED] - delay(3): Delayed 3 second(s)

24-05-2024T09:00:49 - [MESSAGE][PASSED] - Delayed 3 second(s)

24-05-2024T09:00:49 - [TEST_STEP][PASSED] - verifyTextPresent(Expected, false): Text '' is present on page 

24-05-2024T09:00:51 - [MESSAGE][PASSED] - Text '' is present on page 

24-05-2024T09:00:51 - [TEST_STEP][PASSED] - closeBrowser(): Browser is closed

24-05-2024T09:00:52 - [MESSAGE][PASSED] - Browser is closed]]></system-out>
         <system-err><![CDATA[]]></system-err>
      </testcase>
      <testcase name="Test Cases/TC_Login" time="15.828" classname="Test Cases/TC_Login" status="PASSED">
         <system-out><![CDATA[24-05-2024T09:00:52 - [TEST_CASE][PASSED] - Test Cases/TC_Login: Test Cases/TC_Login

24-05-2024T09:00:52 - [TEST_STEP][PASSED] - openBrowser(""): Browser is opened with url: ''

24-05-2024T09:00:52 - [MESSAGE][INFO] - Starting 'Chrome' driver

24-05-2024T09:00:52 - [MESSAGE][INFO] - Action delay is set to 0 milliseconds

24-05-2024T09:00:53 - [MESSAGE][PASSED] - Browser is opened with url: ''

24-05-2024T09:00:53 - [TEST_STEP][PASSED] - navigateToUrl("https://hasaki.vn/"): Navigate to 'https://hasaki.vn/' successfully

24-05-2024T09:00:56 - [MESSAGE][PASSED] - Navigate to 'https://hasaki.vn/' successfully

24-05-2024T09:00:56 - [TEST_STEP][PASSED] - maximizeWindow(): Current window maximized

24-05-2024T09:00:56 - [MESSAGE][PASSED] - Current window maximized

24-05-2024T09:00:56 - [TEST_STEP][PASSED] - click(findTestObject("Page_Login/button_Yes_KhuyenMai")): Object: 'Object Repository/Page_Login/button_Yes_KhuyenMai' is clicked on

24-05-2024T09:00:57 - [MESSAGE][PASSED] - Object: 'Object Repository/Page_Login/button_Yes_KhuyenMai' is clicked on

24-05-2024T09:00:57 - [TEST_STEP][PASSED] - click(findTestObject("Page_Login/img_Page")): Object: 'Object Repository/Page_Login/img_Page' is clicked on

24-05-2024T09:00:58 - [MESSAGE][PASSED] - Object: 'Object Repository/Page_Login/img_Page' is clicked on

24-05-2024T09:00:58 - [TEST_STEP][PASSED] - click(findTestObject("Page_Login/Link_Login")): Object: 'Object Repository/Page_Login/Link_Login' is clicked on

24-05-2024T09:00:59 - [MESSAGE][PASSED] - Object: 'Object Repository/Page_Login/Link_Login' is clicked on

24-05-2024T09:00:59 - [TEST_STEP][PASSED] - setText(findTestObject("Page_Login/input_username"), username): Text '' is set on object 'Object Repository/Page_Login/input_username'

24-05-2024T09:01:00 - [MESSAGE][PASSED] - Text '' is set on object 'Object Repository/Page_Login/input_username'

24-05-2024T09:01:00 - [TEST_STEP][PASSED] - setText(findTestObject("Page_Login/input_password"), password): Text '' is set on object 'Object Repository/Page_Login/input_password'

24-05-2024T09:01:01 - [MESSAGE][PASSED] - Text '' is set on object 'Object Repository/Page_Login/input_password'

24-05-2024T09:01:01 - [TEST_STEP][PASSED] - click(findTestObject("Page_Login/button_Login")): Object: 'Object Repository/Page_Login/button_Login' is clicked on

24-05-2024T09:01:02 - [MESSAGE][PASSED] - Object: 'Object Repository/Page_Login/button_Login' is clicked on

24-05-2024T09:01:02 - [TEST_STEP][PASSED] - delay(3): Delayed 3 second(s)

24-05-2024T09:01:05 - [MESSAGE][PASSED] - Delayed 3 second(s)

24-05-2024T09:01:05 - [TEST_STEP][PASSED] - verifyTextPresent(Expected, false): Text '' is present on page 

24-05-2024T09:01:07 - [MESSAGE][PASSED] - Text '' is present on page 

24-05-2024T09:01:07 - [TEST_STEP][PASSED] - closeBrowser(): Browser is closed

24-05-2024T09:01:08 - [MESSAGE][PASSED] - Browser is closed]]></system-out>
         <system-err><![CDATA[]]></system-err>
      </testcase>
      <testcase name="Test Cases/TC_Login" time="15.899" classname="Test Cases/TC_Login" status="PASSED">
         <system-out><![CDATA[24-05-2024T09:01:08 - [TEST_CASE][PASSED] - Test Cases/TC_Login: Test Cases/TC_Login

24-05-2024T09:01:08 - [TEST_STEP][PASSED] - openBrowser(""): Browser is opened with url: ''

24-05-2024T09:01:08 - [MESSAGE][INFO] - Starting 'Chrome' driver

24-05-2024T09:01:08 - [MESSAGE][INFO] - Action delay is set to 0 milliseconds

24-05-2024T09:01:08 - [MESSAGE][PASSED] - Browser is opened with url: ''

24-05-2024T09:01:08 - [TEST_STEP][PASSED] - navigateToUrl("https://hasaki.vn/"): Navigate to 'https://hasaki.vn/' successfully

24-05-2024T09:01:12 - [MESSAGE][PASSED] - Navigate to 'https://hasaki.vn/' successfully

24-05-2024T09:01:12 - [TEST_STEP][PASSED] - maximizeWindow(): Current window maximized

24-05-2024T09:01:12 - [MESSAGE][PASSED] - Current window maximized

24-05-2024T09:01:12 - [TEST_STEP][PASSED] - click(findTestObject("Page_Login/button_Yes_KhuyenMai")): Object: 'Object Repository/Page_Login/button_Yes_KhuyenMai' is clicked on

24-05-2024T09:01:14 - [MESSAGE][PASSED] - Object: 'Object Repository/Page_Login/button_Yes_KhuyenMai' is clicked on

24-05-2024T09:01:14 - [TEST_STEP][PASSED] - click(findTestObject("Page_Login/img_Page")): Object: 'Object Repository/Page_Login/img_Page' is clicked on

24-05-2024T09:01:14 - [MESSAGE][PASSED] - Object: 'Object Repository/Page_Login/img_Page' is clicked on

24-05-2024T09:01:14 - [TEST_STEP][PASSED] - click(findTestObject("Page_Login/Link_Login")): Object: 'Object Repository/Page_Login/Link_Login' is clicked on

24-05-2024T09:01:15 - [MESSAGE][PASSED] - Object: 'Object Repository/Page_Login/Link_Login' is clicked on

24-05-2024T09:01:15 - [TEST_STEP][PASSED] - setText(findTestObject("Page_Login/input_username"), username): Text '' is set on object 'Object Repository/Page_Login/input_username'

24-05-2024T09:01:16 - [MESSAGE][PASSED] - Text '' is set on object 'Object Repository/Page_Login/input_username'

24-05-2024T09:01:16 - [TEST_STEP][PASSED] - setText(findTestObject("Page_Login/input_password"), password): Text '' is set on object 'Object Repository/Page_Login/input_password'

24-05-2024T09:01:17 - [MESSAGE][PASSED] - Text '' is set on object 'Object Repository/Page_Login/input_password'

24-05-2024T09:01:17 - [TEST_STEP][PASSED] - click(findTestObject("Page_Login/button_Login")): Object: 'Object Repository/Page_Login/button_Login' is clicked on

24-05-2024T09:01:18 - [MESSAGE][PASSED] - Object: 'Object Repository/Page_Login/button_Login' is clicked on

24-05-2024T09:01:18 - [TEST_STEP][PASSED] - delay(3): Delayed 3 second(s)

24-05-2024T09:01:21 - [MESSAGE][PASSED] - Delayed 3 second(s)

24-05-2024T09:01:21 - [TEST_STEP][PASSED] - verifyTextPresent(Expected, false): Text '' is present on page 

24-05-2024T09:01:23 - [MESSAGE][PASSED] - Text '' is present on page 

24-05-2024T09:01:23 - [TEST_STEP][PASSED] - closeBrowser(): Browser is closed

24-05-2024T09:01:23 - [MESSAGE][PASSED] - Browser is closed]]></system-out>
         <system-err><![CDATA[]]></system-err>
      </testcase>
      <testcase name="Test Cases/TC_Login" time="15.764" classname="Test Cases/TC_Login" status="PASSED">
         <system-out><![CDATA[24-05-2024T09:01:24 - [TEST_CASE][PASSED] - Test Cases/TC_Login: Test Cases/TC_Login

24-05-2024T09:01:24 - [TEST_STEP][PASSED] - openBrowser(""): Browser is opened with url: ''

24-05-2024T09:01:24 - [MESSAGE][INFO] - Starting 'Chrome' driver

24-05-2024T09:01:24 - [MESSAGE][INFO] - Action delay is set to 0 milliseconds

24-05-2024T09:01:24 - [MESSAGE][PASSED] - Browser is opened with url: ''

24-05-2024T09:01:24 - [TEST_STEP][PASSED] - navigateToUrl("https://hasaki.vn/"): Navigate to 'https://hasaki.vn/' successfully

24-05-2024T09:01:28 - [MESSAGE][PASSED] - Navigate to 'https://hasaki.vn/' successfully

24-05-2024T09:01:28 - [TEST_STEP][PASSED] - maximizeWindow(): Current window maximized

24-05-2024T09:01:28 - [MESSAGE][PASSED] - Current window maximized

24-05-2024T09:01:28 - [TEST_STEP][PASSED] - click(findTestObject("Page_Login/button_Yes_KhuyenMai")): Object: 'Object Repository/Page_Login/button_Yes_KhuyenMai' is clicked on

24-05-2024T09:01:29 - [MESSAGE][PASSED] - Object: 'Object Repository/Page_Login/button_Yes_KhuyenMai' is clicked on

24-05-2024T09:01:29 - [TEST_STEP][PASSED] - click(findTestObject("Page_Login/img_Page")): Object: 'Object Repository/Page_Login/img_Page' is clicked on

24-05-2024T09:01:30 - [MESSAGE][PASSED] - Object: 'Object Repository/Page_Login/img_Page' is clicked on

24-05-2024T09:01:30 - [TEST_STEP][PASSED] - click(findTestObject("Page_Login/Link_Login")): Object: 'Object Repository/Page_Login/Link_Login' is clicked on

24-05-2024T09:01:31 - [MESSAGE][PASSED] - Object: 'Object Repository/Page_Login/Link_Login' is clicked on

24-05-2024T09:01:31 - [TEST_STEP][PASSED] - setText(findTestObject("Page_Login/input_username"), username): Text '' is set on object 'Object Repository/Page_Login/input_username'

24-05-2024T09:01:32 - [MESSAGE][PASSED] - Text '' is set on object 'Object Repository/Page_Login/input_username'

24-05-2024T09:01:32 - [TEST_STEP][PASSED] - setText(findTestObject("Page_Login/input_password"), password): Text '' is set on object 'Object Repository/Page_Login/input_password'

24-05-2024T09:01:33 - [MESSAGE][PASSED] - Text '' is set on object 'Object Repository/Page_Login/input_password'

24-05-2024T09:01:33 - [TEST_STEP][PASSED] - click(findTestObject("Page_Login/button_Login")): Object: 'Object Repository/Page_Login/button_Login' is clicked on

24-05-2024T09:01:34 - [MESSAGE][PASSED] - Object: 'Object Repository/Page_Login/button_Login' is clicked on

24-05-2024T09:01:34 - [TEST_STEP][PASSED] - delay(3): Delayed 3 second(s)

24-05-2024T09:01:37 - [MESSAGE][PASSED] - Delayed 3 second(s)

24-05-2024T09:01:37 - [TEST_STEP][PASSED] - verifyTextPresent(Expected, false): Text '' is present on page 

24-05-2024T09:01:39 - [MESSAGE][PASSED] - Text '' is present on page 

24-05-2024T09:01:39 - [TEST_STEP][PASSED] - closeBrowser(): Browser is closed

24-05-2024T09:01:39 - [MESSAGE][PASSED] - Browser is closed]]></system-out>
         <system-err><![CDATA[]]></system-err>
      </testcase>
      <testcase name="Test Cases/TC_Login" time="15.621" classname="Test Cases/TC_Login" status="PASSED">
         <system-out><![CDATA[24-05-2024T09:01:39 - [TEST_CASE][PASSED] - Test Cases/TC_Login: Test Cases/TC_Login

24-05-2024T09:01:39 - [TEST_STEP][PASSED] - openBrowser(""): Browser is opened with url: ''

24-05-2024T09:01:39 - [MESSAGE][INFO] - Starting 'Chrome' driver

24-05-2024T09:01:39 - [MESSAGE][INFO] - Action delay is set to 0 milliseconds

24-05-2024T09:01:40 - [MESSAGE][PASSED] - Browser is opened with url: ''

24-05-2024T09:01:40 - [TEST_STEP][PASSED] - navigateToUrl("https://hasaki.vn/"): Navigate to 'https://hasaki.vn/' successfully

24-05-2024T09:01:44 - [MESSAGE][PASSED] - Navigate to 'https://hasaki.vn/' successfully

24-05-2024T09:01:44 - [TEST_STEP][PASSED] - maximizeWindow(): Current window maximized

24-05-2024T09:01:44 - [MESSAGE][PASSED] - Current window maximized

24-05-2024T09:01:44 - [TEST_STEP][PASSED] - click(findTestObject("Page_Login/button_Yes_KhuyenMai")): Object: 'Object Repository/Page_Login/button_Yes_KhuyenMai' is clicked on

24-05-2024T09:01:45 - [MESSAGE][PASSED] - Object: 'Object Repository/Page_Login/button_Yes_KhuyenMai' is clicked on

24-05-2024T09:01:45 - [TEST_STEP][PASSED] - click(findTestObject("Page_Login/img_Page")): Object: 'Object Repository/Page_Login/img_Page' is clicked on

24-05-2024T09:01:46 - [MESSAGE][PASSED] - Object: 'Object Repository/Page_Login/img_Page' is clicked on

24-05-2024T09:01:46 - [TEST_STEP][PASSED] - click(findTestObject("Page_Login/Link_Login")): Object: 'Object Repository/Page_Login/Link_Login' is clicked on

24-05-2024T09:01:46 - [MESSAGE][PASSED] - Object: 'Object Repository/Page_Login/Link_Login' is clicked on

24-05-2024T09:01:46 - [TEST_STEP][PASSED] - setText(findTestObject("Page_Login/input_username"), username): Text '' is set on object 'Object Repository/Page_Login/input_username'

24-05-2024T09:01:48 - [MESSAGE][PASSED] - Text '' is set on object 'Object Repository/Page_Login/input_username'

24-05-2024T09:01:48 - [TEST_STEP][PASSED] - setText(findTestObject("Page_Login/input_password"), password): Text '' is set on object 'Object Repository/Page_Login/input_password'

24-05-2024T09:01:48 - [MESSAGE][PASSED] - Text '' is set on object 'Object Repository/Page_Login/input_password'

24-05-2024T09:01:48 - [TEST_STEP][PASSED] - click(findTestObject("Page_Login/button_Login")): Object: 'Object Repository/Page_Login/button_Login' is clicked on

24-05-2024T09:01:49 - [MESSAGE][PASSED] - Object: 'Object Repository/Page_Login/button_Login' is clicked on

24-05-2024T09:01:49 - [TEST_STEP][PASSED] - delay(3): Delayed 3 second(s)

24-05-2024T09:01:52 - [MESSAGE][PASSED] - Delayed 3 second(s)

24-05-2024T09:01:52 - [TEST_STEP][PASSED] - verifyTextPresent(Expected, false): Text '' is present on page 

24-05-2024T09:01:54 - [MESSAGE][PASSED] - Text '' is present on page 

24-05-2024T09:01:54 - [TEST_STEP][PASSED] - closeBrowser(): Browser is closed

24-05-2024T09:01:55 - [MESSAGE][PASSED] - Browser is closed]]></system-out>
         <system-err><![CDATA[]]></system-err>
      </testcase>
      <system-out><![CDATA[24-05-2024T08:52:43 - [TEST_SUITE][FAILED] - Login: Test Cases/TC_Login FAILED.
Reason:
com.kms.katalon.core.exception.StepFailedException: Unable to verify text 'Tài khoản của bạn' is present 
	at com.kms.katalon.core.webui.keyword.internal.WebUIKeywordMain.stepFailed(WebUIKeywordMain.groovy:64)
	at com.kms.katalon.core.webui.keyword.internal.WebUIKeywordMain.runKeyword(WebUIKeywordMain.groovy:26)
	at com.kms.katalon.core.webui.keyword.builtin.VerifyTextPresentKeyword.verifyTextPresent(VerifyTextPresentKeyword.groovy:83)
	at com.kms.katalon.core.webui.keyword.builtin.VerifyTextPresentKeyword.execute(VerifyTextPresentKeyword.groovy:68)
	at com.kms.katalon.core.keyword.internal.KeywordExecutor.executeKeywordForPlatform(KeywordExecutor.groovy:74)
	at com.kms.katalon.core.webui.keyword.WebUiBuiltInKeywords.verifyTextPresent(WebUiBuiltInKeywords.groovy:1762)
	at TC_Login.run(TC_Login:40)
	at com.kms.katalon.core.main.ScriptEngine.run(ScriptEngine.java:194)
	at com.kms.katalon.core.main.ScriptEngine.runScriptAsRawText(ScriptEngine.java:119)
	at com.kms.katalon.core.main.TestCaseExecutor.runScript(TestCaseExecutor.java:448)
	at com.kms.katalon.core.main.TestCaseExecutor.doExecute(TestCaseExecutor.java:439)
	at com.kms.katalon.core.main.TestCaseExecutor.processExecutionPhase(TestCaseExecutor.java:418)
	at com.kms.katalon.core.main.TestCaseExecutor.accessMainPhase(TestCaseExecutor.java:410)
	at com.kms.katalon.core.main.TestCaseExecutor.execute(TestCaseExecutor.java:285)
	at com.kms.katalon.core.common.CommonExecutor.accessTestCaseMainPhase(CommonExecutor.java:65)
	at com.kms.katalon.core.main.TestSuiteExecutor.accessTestSuiteMainPhase(TestSuiteExecutor.java:150)
	at com.kms.katalon.core.main.TestSuiteExecutor.execute(TestSuiteExecutor.java:106)
	at com.kms.katalon.core.main.TestCaseMain.startTestSuite(TestCaseMain.java:180)
	at TempTestSuite1716515553701.run(TempTestSuite1716515553701.groovy:35)
	at java.base/jdk.internal.reflect.NativeMethodAccessorImpl.invoke0(Native Method)
	at java.base/jdk.internal.reflect.NativeMethodAccessorImpl.invoke(NativeMethodAccessorImpl.java:77)
	at java.base/jdk.internal.reflect.DelegatingMethodAccessorImpl.invoke(DelegatingMethodAccessorImpl.java:43)
Caused by: com.kms.katalon.core.exception.StepFailedException: Text 'Tài khoản của bạn' is not present on page 
	at com.kms.katalon.core.webui.keyword.internal.WebUIKeywordMain.stepFailed(WebUIKeywordMain.groovy:64)
	at com.kms.katalon.core.webui.keyword.builtin.VerifyTextPresentKeyword$_verifyTextPresent_closure1.doCall(VerifyTextPresentKeyword.groovy:79)
	at com.kms.katalon.core.webui.keyword.builtin.VerifyTextPresentKeyword$_verifyTextPresent_closure1.call(VerifyTextPresentKeyword.groovy)
	at com.kms.katalon.core.webui.keyword.internal.WebUIKeywordMain.runKeyword(WebUIKeywordMain.groovy:20)
	... 20 more]]></system-out>
      <system-err><![CDATA[24-05-2024T08:52:43 - [TEST_SUITE][FAILED] - Login: Test Cases/TC_Login FAILED.
Reason:
com.kms.katalon.core.exception.StepFailedException: Unable to verify text 'Tài khoản của bạn' is present 
	at com.kms.katalon.core.webui.keyword.internal.WebUIKeywordMain.stepFailed(WebUIKeywordMain.groovy:64)
	at com.kms.katalon.core.webui.keyword.internal.WebUIKeywordMain.runKeyword(WebUIKeywordMain.groovy:26)
	at com.kms.katalon.core.webui.keyword.builtin.VerifyTextPresentKeyword.verifyTextPresent(VerifyTextPresentKeyword.groovy:83)
	at com.kms.katalon.core.webui.keyword.builtin.VerifyTextPresentKeyword.execute(VerifyTextPresentKeyword.groovy:68)
	at com.kms.katalon.core.keyword.internal.KeywordExecutor.executeKeywordForPlatform(KeywordExecutor.groovy:74)
	at com.kms.katalon.core.webui.keyword.WebUiBuiltInKeywords.verifyTextPresent(WebUiBuiltInKeywords.groovy:1762)
	at TC_Login.run(TC_Login:40)
	at com.kms.katalon.core.main.ScriptEngine.run(ScriptEngine.java:194)
	at com.kms.katalon.core.main.ScriptEngine.runScriptAsRawText(ScriptEngine.java:119)
	at com.kms.katalon.core.main.TestCaseExecutor.runScript(TestCaseExecutor.java:448)
	at com.kms.katalon.core.main.TestCaseExecutor.doExecute(TestCaseExecutor.java:439)
	at com.kms.katalon.core.main.TestCaseExecutor.processExecutionPhase(TestCaseExecutor.java:418)
	at com.kms.katalon.core.main.TestCaseExecutor.accessMainPhase(TestCaseExecutor.java:410)
	at com.kms.katalon.core.main.TestCaseExecutor.execute(TestCaseExecutor.java:285)
	at com.kms.katalon.core.common.CommonExecutor.accessTestCaseMainPhase(CommonExecutor.java:65)
	at com.kms.katalon.core.main.TestSuiteExecutor.accessTestSuiteMainPhase(TestSuiteExecutor.java:150)
	at com.kms.katalon.core.main.TestSuiteExecutor.execute(TestSuiteExecutor.java:106)
	at com.kms.katalon.core.main.TestCaseMain.startTestSuite(TestCaseMain.java:180)
	at TempTestSuite1716515553701.run(TempTestSuite1716515553701.groovy:35)
	at java.base/jdk.internal.reflect.NativeMethodAccessorImpl.invoke0(Native Method)
	at java.base/jdk.internal.reflect.NativeMethodAccessorImpl.invoke(NativeMethodAccessorImpl.java:77)
	at java.base/jdk.internal.reflect.DelegatingMethodAccessorImpl.invoke(DelegatingMethodAccessorImpl.java:43)
Caused by: com.kms.katalon.core.exception.StepFailedException: Text 'Tài khoản của bạn' is not present on page 
	at com.kms.katalon.core.webui.keyword.internal.WebUIKeywordMain.stepFailed(WebUIKeywordMain.groovy:64)
	at com.kms.katalon.core.webui.keyword.builtin.VerifyTextPresentKeyword$_verifyTextPresent_closure1.doCall(VerifyTextPresentKeyword.groovy:79)
	at com.kms.katalon.core.webui.keyword.builtin.VerifyTextPresentKeyword$_verifyTextPresent_closure1.call(VerifyTextPresentKeyword.groovy)
	at com.kms.katalon.core.webui.keyword.internal.WebUIKeywordMain.runKeyword(WebUIKeywordMain.groovy:20)
	... 20 more]]></system-err>
   </testsuite>
</testsuites>
